{"event": "Created DB manager for process 31136", "timestamp": "2025-12-10T05:54:11.264070Z", "request_id": "", "trace_id": "", "endpoint": "", "session_id": "", "client_ip": "", "correlation_id": "", "user_id": "", "level": "info", "trace_idd": ""}
{"env": "dev", "log_level": "INFO", "log_format": "json", "async_log": true, "event": "Application start...", "timestamp": "2025-12-10T05:54:11.557809Z", "request_id": "", "trace_idd": "", "trace_id": "", "endpoint": "", "session_id": "", "client_ip": "", "correlation_id": "", "user_id": "", "level": "info"}
{"event": "\u6ce8\u518c\u7684\u8def\u7531:", "timestamp": "2025-12-10T05:54:11.557809Z", "request_id": "", "trace_idd": "", "trace_id": "", "endpoint": "", "session_id": "", "client_ip": "", "correlation_id": "", "user_id": "", "level": "warning"}
{"event": "Starting security-enhanced application", "timestamp": "2025-12-10T05:54:11.559796Z", "request_id": "", "trace_idd": "", "trace_id": "", "endpoint": "", "session_id": "", "client_ip": "", "correlation_id": "", "user_id": "", "level": "info"}
{"event": "settings.DB_WRITE_DSN: ['postgresql+asyncpg://postgres123:pgsAdmin%40123@localhost:5432/fastxai']", "timestamp": "2025-12-10T05:54:11.559796Z", "request_id": "", "trace_idd": "", "trace_id": "", "endpoint": "", "session_id": "", "client_ip": "", "correlation_id": "", "user_id": "", "level": "info"}
{"event": "idx(0) -> dsn(postgresql+asyncpg://postgres123:pgsAdmin%40123@localhost:5432/fastxai)", "timestamp": "2025-12-10T05:54:11.559796Z", "request_id": "", "trace_idd": "", "trace_id": "", "endpoint": "", "session_id": "", "client_ip": "", "correlation_id": "", "user_id": "", "level": "info"}
{"host": "postgresql+asyncpg://postgres123:pgsAdmin%40123@localhost:5432/fastxai", "event": "Process 31136: Write engine 0 initialized (DSN: postgresql+asyncpg:/...)", "timestamp": "2025-12-10T05:54:11.580747Z", "request_id": "", "trace_idd": "", "trace_id": "", "endpoint": "", "session_id": "", "client_ip": "", "correlation_id": "", "user_id": "", "level": "info"}
{"host": "postgresql+asyncpg://postgres123:pgsAdmin%40123@localhost:5432/fastxai", "event": "Process 31136: Read engine 0 initialized (DSN: postgresql+asyncpg:/...)", "timestamp": "2025-12-10T05:54:11.580747Z", "request_id": "", "trace_idd": "", "trace_id": "", "endpoint": "", "session_id": "", "client_ip": "", "correlation_id": "", "user_id": "", "level": "info"}
{"event": "Process 31136: DB manager initialized (write: 1, read: 1)", "timestamp": "2025-12-10T05:54:11.580747Z", "request_id": "", "trace_idd": "", "trace_id": "", "endpoint": "", "session_id": "", "client_ip": "", "correlation_id": "", "user_id": "", "level": "info"}
{"event": "Process 31136: DB schema initialized", "timestamp": "2025-12-10T05:54:11.753896Z", "request_id": "", "trace_idd": "", "trace_id": "", "endpoint": "", "session_id": "", "client_ip": "", "correlation_id": "", "user_id": "", "level": "info"}
{"event": "Redis client initialized successfully", "timestamp": "2025-12-10T05:54:11.758733Z", "request_id": "", "trace_idd": "", "trace_id": "", "endpoint": "", "session_id": "", "client_ip": "", "correlation_id": "", "user_id": "", "level": "info"}
{"event": "Security services initialized", "timestamp": "2025-12-10T05:54:11.761321Z", "request_id": "", "trace_idd": "", "trace_id": "", "endpoint": "", "session_id": "", "client_ip": "", "correlation_id": "", "user_id": "", "level": "info"}
{"event": "Process 31136: Write engine 0 disposed", "timestamp": "2025-12-10T05:56:21.393573Z", "request_id": "", "trace_idd": "", "trace_id": "", "endpoint": "", "session_id": "", "client_ip": "", "correlation_id": "", "user_id": "", "level": "info"}
{"event": "Process 31136: Read engine 0 disposed", "timestamp": "2025-12-10T05:56:21.403633Z", "request_id": "", "trace_idd": "", "trace_id": "", "endpoint": "", "session_id": "", "client_ip": "", "correlation_id": "", "user_id": "", "level": "info"}
{"event": "Process 31136: DB manager closed", "timestamp": "2025-12-10T05:56:21.404633Z", "request_id": "", "trace_idd": "", "trace_id": "", "endpoint": "", "session_id": "", "client_ip": "", "correlation_id": "", "user_id": "", "level": "info"}
{"event": "Shutting down security services", "timestamp": "2025-12-10T05:56:21.404633Z", "request_id": "", "trace_idd": "", "trace_id": "", "endpoint": "", "session_id": "", "client_ip": "", "correlation_id": "", "user_id": "", "level": "info"}
{"event": "Redis client closed", "timestamp": "2025-12-10T05:56:21.405632Z", "request_id": "", "trace_idd": "", "trace_id": "", "endpoint": "", "session_id": "", "client_ip": "", "correlation_id": "", "user_id": "", "level": "info"}
{"event": "Application shutting down", "timestamp": "2025-12-10T05:56:21.405632Z", "level": "info", "request_id": "", "user_id": "", "trace_idd": "", "endpoint": "", "correlation_id": "", "session_id": "", "client_ip": ""}
2025-12-10 13:56:25.928 | INFO     | _base.py:223 (_proxy_to_logger) | {"event": "Created DB manager for process 54428", "timestamp": "2025-12-10T05:56:25.928080Z", "user_id": "", "correlation_id": "", "trace_id": "", "client_ip": "", "session_id": "", "request_id": "", "endpoint": "", "level": "info", "trace_idd": ""}
2025-12-10 13:56:26.257 | INFO     | _base.py:223 (_proxy_to_logger) | {"env": "dev", "log_level": "INFO", "log_format": "json", "async_log": true, "event": "Application start...", "timestamp": "2025-12-10T05:56:26.257808Z", "user_id": "", "correlation_id": "", "trace_id": "", "client_ip": "", "session_id": "", "request_id": "", "endpoint": "", "trace_idd": "", "level": "info"}
2025-12-10 13:56:26.257 | WARNING  | _base.py:223 (_proxy_to_logger) | {"event": "\u6ce8\u518c\u7684\u8def\u7531:", "timestamp": "2025-12-10T05:56:26.257808Z", "user_id": "", "correlation_id": "", "trace_id": "", "client_ip": "", "session_id": "", "request_id": "", "endpoint": "", "trace_idd": "", "level": "warning"}
2025-12-10 13:56:26.259 | INFO     | _base.py:223 (_proxy_to_logger) | {"event": "Starting security-enhanced application", "timestamp": "2025-12-10T05:56:26.259808Z", "user_id": "", "correlation_id": "", "trace_id": "", "client_ip": "", "session_id": "", "request_id": "", "endpoint": "", "trace_idd": "", "level": "info"}
2025-12-10 13:56:26.259 | INFO     | _base.py:223 (_proxy_to_logger) | {"event": "settings.DB_WRITE_DSN: ['postgresql+asyncpg://postgres123:pgsAdmin%40123@localhost:5432/fastxai']", "timestamp": "2025-12-10T05:56:26.259808Z", "user_id": "", "correlation_id": "", "trace_id": "", "client_ip": "", "session_id": "", "request_id": "", "endpoint": "", "trace_idd": "", "level": "info"}
2025-12-10 13:56:26.259 | INFO     | _base.py:223 (_proxy_to_logger) | {"event": "idx(0) -> dsn(postgresql+asyncpg://postgres123:pgsAdmin%40123@localhost:5432/fastxai)", "timestamp": "2025-12-10T05:56:26.259808Z", "user_id": "", "correlation_id": "", "trace_id": "", "client_ip": "", "session_id": "", "request_id": "", "endpoint": "", "trace_idd": "", "level": "info"}
2025-12-10 13:56:26.281 | INFO     | _base.py:223 (_proxy_to_logger) | {"host": "postgresql+asyncpg://postgres123:pgsAdmin%40123@localhost:5432/fastxai", "event": "Process 54428: Write engine 0 initialized (DSN: postgresql+asyncpg:/...)", "timestamp": "2025-12-10T05:56:26.281793Z", "user_id": "", "correlation_id": "", "trace_id": "", "client_ip": "", "session_id": "", "request_id": "", "endpoint": "", "trace_idd": "", "level": "info"}
2025-12-10 13:56:26.281 | INFO     | _base.py:223 (_proxy_to_logger) | {"host": "postgresql+asyncpg://postgres123:pgsAdmin%40123@localhost:5432/fastxai", "event": "Process 54428: Read engine 0 initialized (DSN: postgresql+asyncpg:/...)", "timestamp": "2025-12-10T05:56:26.281793Z", "user_id": "", "correlation_id": "", "trace_id": "", "client_ip": "", "session_id": "", "request_id": "", "endpoint": "", "trace_idd": "", "level": "info"}
2025-12-10 13:56:26.282 | INFO     | _base.py:223 (_proxy_to_logger) | {"event": "Process 54428: DB manager initialized (write: 1, read: 1)", "timestamp": "2025-12-10T05:56:26.282804Z", "user_id": "", "correlation_id": "", "trace_id": "", "client_ip": "", "session_id": "", "request_id": "", "endpoint": "", "trace_idd": "", "level": "info"}
2025-12-10 13:56:26.478 | INFO     | _base.py:223 (_proxy_to_logger) | {"event": "Process 54428: DB schema initialized", "timestamp": "2025-12-10T05:56:26.478905Z", "user_id": "", "correlation_id": "", "trace_id": "", "client_ip": "", "session_id": "", "request_id": "", "endpoint": "", "trace_idd": "", "level": "info"}
2025-12-10 13:56:26.486 | INFO     | _base.py:223 (_proxy_to_logger) | {"event": "Redis client initialized successfully", "timestamp": "2025-12-10T05:56:26.486578Z", "user_id": "", "correlation_id": "", "trace_id": "", "client_ip": "", "session_id": "", "request_id": "", "endpoint": "", "trace_idd": "", "level": "info"}
2025-12-10 13:56:26.489 | INFO     | _base.py:223 (_proxy_to_logger) | {"event": "Security services initialized", "timestamp": "2025-12-10T05:56:26.489588Z", "user_id": "", "correlation_id": "", "trace_id": "", "client_ip": "", "session_id": "", "request_id": "", "endpoint": "", "trace_idd": "", "level": "info"}
2025-12-10 14:04:28.926 | INFO     | _base.py:223 (_proxy_to_logger) | {"event": "Process 54428: Write engine 0 disposed", "timestamp": "2025-12-10T06:04:28.924915Z", "user_id": "", "correlation_id": "", "trace_id": "", "client_ip": "", "session_id": "", "request_id": "", "endpoint": "", "trace_idd": "", "level": "info"}
2025-12-10 14:04:28.933 | INFO     | _base.py:223 (_proxy_to_logger) | {"event": "Process 54428: Read engine 0 disposed", "timestamp": "2025-12-10T06:04:28.933147Z", "user_id": "", "correlation_id": "", "trace_id": "", "client_ip": "", "session_id": "", "request_id": "", "endpoint": "", "trace_idd": "", "level": "info"}
2025-12-10 14:04:28.933 | INFO     | _base.py:223 (_proxy_to_logger) | {"event": "Process 54428: DB manager closed", "timestamp": "2025-12-10T06:04:28.933147Z", "user_id": "", "correlation_id": "", "trace_id": "", "client_ip": "", "session_id": "", "request_id": "", "endpoint": "", "trace_idd": "", "level": "info"}
2025-12-10 14:04:28.934 | INFO     | _base.py:223 (_proxy_to_logger) | {"event": "Shutting down security services", "timestamp": "2025-12-10T06:04:28.934110Z", "user_id": "", "correlation_id": "", "trace_id": "", "client_ip": "", "session_id": "", "request_id": "", "endpoint": "", "trace_idd": "", "level": "info"}
2025-12-10 14:04:28.935 | INFO     | _base.py:223 (_proxy_to_logger) | {"event": "Redis client closed", "timestamp": "2025-12-10T06:04:28.935109Z", "user_id": "", "correlation_id": "", "trace_id": "", "client_ip": "", "session_id": "", "request_id": "", "endpoint": "", "trace_idd": "", "level": "info"}
2025-12-10 14:04:28.935 | INFO     | _base.py:223 (_proxy_to_logger) | {"event": "Application shutting down", "timestamp": "2025-12-10T06:04:28.935109Z", "level": "info", "request_id": "", "user_id": "", "trace_idd": "", "endpoint": "", "correlation_id": "", "session_id": "", "client_ip": ""}
2025-12-10 14:06:27.699 | INFO     | _base.py:223 (_proxy_to_logger) | {"event": "Created DB manager for process 71976", "timestamp": "2025-12-10T06:06:27.699382Z", "level": "info", "request_id": "", "user_id": "", "trace_idd": "", "endpoint": "", "correlation_id": "", "session_id": "", "client_ip": ""}
2025-12-10 14:06:28.004 | INFO     | _base.py:223 (_proxy_to_logger) | {"env": "dev", "log_level": "INFO", "log_format": "json", "async_log": true, "event": "Application start...", "timestamp": "2025-12-10T06:06:28.004017Z", "client_ip": "", "request_id": "", "session_id": "", "trace_idd": "", "correlation_id": "", "endpoint": "", "user_id": "", "level": "info"}
2025-12-10 14:06:28.004 | WARNING  | _base.py:223 (_proxy_to_logger) | {"event": "\u6ce8\u518c\u7684\u8def\u7531:", "timestamp": "2025-12-10T06:06:28.004017Z", "client_ip": "", "request_id": "", "session_id": "", "trace_idd": "", "correlation_id": "", "endpoint": "", "user_id": "", "level": "warning"}
2025-12-10 14:06:28.006 | INFO     | _base.py:223 (_proxy_to_logger) | {"event": "Starting security-enhanced application", "timestamp": "2025-12-10T06:06:28.006105Z", "client_ip": "", "request_id": "", "session_id": "", "trace_idd": "", "correlation_id": "", "endpoint": "", "user_id": "", "level": "info"}
2025-12-10 14:06:28.007 | INFO     | _base.py:223 (_proxy_to_logger) | {"event": "settings.DB_WRITE_DSN: ['postgresql+asyncpg://postgres123:pgsAdmin%40123@localhost:5432/fastxai']", "timestamp": "2025-12-10T06:06:28.007090Z", "client_ip": "", "request_id": "", "session_id": "", "trace_idd": "", "correlation_id": "", "endpoint": "", "user_id": "", "level": "info"}
2025-12-10 14:06:28.007 | INFO     | _base.py:223 (_proxy_to_logger) | {"event": "idx(0) -> dsn(postgresql+asyncpg://postgres123:pgsAdmin%40123@localhost:5432/fastxai)", "timestamp": "2025-12-10T06:06:28.007090Z", "client_ip": "", "request_id": "", "session_id": "", "trace_idd": "", "correlation_id": "", "endpoint": "", "user_id": "", "level": "info"}
2025-12-10 14:06:28.027 | INFO     | _base.py:223 (_proxy_to_logger) | {"host": "postgresql+asyncpg://postgres123:pgsAdmin%40123@localhost:5432/fastxai", "event": "Process 71976: Write engine 0 initialized (DSN: postgresql+asyncpg:/...)", "timestamp": "2025-12-10T06:06:28.027584Z", "client_ip": "", "request_id": "", "session_id": "", "trace_idd": "", "correlation_id": "", "endpoint": "", "user_id": "", "level": "info"}
2025-12-10 14:06:28.028 | INFO     | _base.py:223 (_proxy_to_logger) | {"host": "postgresql+asyncpg://postgres123:pgsAdmin%40123@localhost:5432/fastxai", "event": "Process 71976: Read engine 0 initialized (DSN: postgresql+asyncpg:/...)", "timestamp": "2025-12-10T06:06:28.028593Z", "client_ip": "", "request_id": "", "session_id": "", "trace_idd": "", "correlation_id": "", "endpoint": "", "user_id": "", "level": "info"}
2025-12-10 14:06:28.028 | INFO     | _base.py:223 (_proxy_to_logger) | {"event": "Process 71976: DB manager initialized (write: 1, read: 1)", "timestamp": "2025-12-10T06:06:28.028593Z", "client_ip": "", "request_id": "", "session_id": "", "trace_idd": "", "correlation_id": "", "endpoint": "", "user_id": "", "level": "info"}
2025-12-10 14:06:28.225 | INFO     | _base.py:223 (_proxy_to_logger) | {"event": "Process 71976: DB schema initialized", "timestamp": "2025-12-10T06:06:28.225374Z", "client_ip": "", "request_id": "", "session_id": "", "trace_idd": "", "correlation_id": "", "endpoint": "", "user_id": "", "level": "info"}
2025-12-10 14:06:28.236 | INFO     | _base.py:223 (_proxy_to_logger) | {"event": "Redis client initialized successfully", "timestamp": "2025-12-10T06:06:28.236883Z", "client_ip": "", "request_id": "", "session_id": "", "trace_idd": "", "correlation_id": "", "endpoint": "", "user_id": "", "level": "info"}
2025-12-10 14:06:28.239 | INFO     | _base.py:223 (_proxy_to_logger) | {"event": "Security services initialized", "timestamp": "2025-12-10T06:06:28.239892Z", "client_ip": "", "request_id": "", "session_id": "", "trace_idd": "", "correlation_id": "", "endpoint": "", "user_id": "", "level": "info"}
2025-12-10 14:32:51.795 | INFO     | _base.py:223 (_proxy_to_logger) | {"event": "Process 71976: Write engine 0 disposed", "timestamp": "2025-12-10T06:32:51.795100Z", "client_ip": "", "request_id": "", "session_id": "", "trace_idd": "", "correlation_id": "", "endpoint": "", "user_id": "", "level": "info"}
2025-12-10 14:32:51.801 | INFO     | _base.py:223 (_proxy_to_logger) | {"event": "Process 71976: Read engine 0 disposed", "timestamp": "2025-12-10T06:32:51.801451Z", "client_ip": "", "request_id": "", "session_id": "", "trace_idd": "", "correlation_id": "", "endpoint": "", "user_id": "", "level": "info"}
2025-12-10 14:32:51.801 | INFO     | _base.py:223 (_proxy_to_logger) | {"event": "Process 71976: DB manager closed", "timestamp": "2025-12-10T06:32:51.801451Z", "client_ip": "", "request_id": "", "session_id": "", "trace_idd": "", "correlation_id": "", "endpoint": "", "user_id": "", "level": "info"}
2025-12-10 14:32:51.801 | INFO     | _base.py:223 (_proxy_to_logger) | {"event": "Shutting down security services", "timestamp": "2025-12-10T06:32:51.801451Z", "client_ip": "", "request_id": "", "session_id": "", "trace_idd": "", "correlation_id": "", "endpoint": "", "user_id": "", "level": "info"}
2025-12-10 14:32:51.802 | INFO     | _base.py:223 (_proxy_to_logger) | {"event": "Redis client closed", "timestamp": "2025-12-10T06:32:51.802446Z", "client_ip": "", "request_id": "", "session_id": "", "trace_idd": "", "correlation_id": "", "endpoint": "", "user_id": "", "level": "info"}
2025-12-10 14:32:51.802 | INFO     | _base.py:223 (_proxy_to_logger) | {"event": "Application shutting down", "timestamp": "2025-12-10T06:32:51.802446Z", "level": "info", "request_id": "", "user_id": "", "trace_idd": "", "endpoint": "", "correlation_id": "", "session_id": "", "client_ip": ""}
2025-12-10 14:33:00.352 | INFO     | _base.py:223 (_proxy_to_logger) | {"event": "Created DB manager for process 69208", "timestamp": "2025-12-10T06:33:00.352657Z", "level": "info", "request_id": "", "user_id": "", "trace_idd": "", "endpoint": "", "correlation_id": "", "session_id": "", "client_ip": ""}
2025-12-10 14:33:00.926 | INFO     | _base.py:223 (_proxy_to_logger) | {"env": "dev", "log_level": "INFO", "log_format": "json", "async_log": true, "event": "Application start...", "timestamp": "2025-12-10T06:33:00.926297Z", "correlation_id": "", "session_id": "", "request_id": "", "client_ip": "", "endpoint": "", "user_id": "", "trace_idd": "", "level": "info"}
2025-12-10 14:33:00.926 | WARNING  | _base.py:223 (_proxy_to_logger) | {"event": "\u6ce8\u518c\u7684\u8def\u7531:", "timestamp": "2025-12-10T06:33:00.926297Z", "correlation_id": "", "session_id": "", "request_id": "", "client_ip": "", "endpoint": "", "user_id": "", "trace_idd": "", "level": "warning"}
2025-12-10 14:33:00.927 | INFO     | _base.py:223 (_proxy_to_logger) | {"event": "Starting security-enhanced application", "timestamp": "2025-12-10T06:33:00.927802Z", "correlation_id": "", "session_id": "", "request_id": "", "client_ip": "", "endpoint": "", "user_id": "", "trace_idd": "", "level": "info"}
2025-12-10 14:33:00.927 | INFO     | _base.py:223 (_proxy_to_logger) | {"event": "settings.DB_WRITE_DSN: ['postgresql+asyncpg://postgres123:pgsAdmin%40123@localhost:5432/fastxai']", "timestamp": "2025-12-10T06:33:00.927802Z", "correlation_id": "", "session_id": "", "request_id": "", "client_ip": "", "endpoint": "", "user_id": "", "trace_idd": "", "level": "info"}
2025-12-10 14:33:00.927 | INFO     | _base.py:223 (_proxy_to_logger) | {"event": "idx(0) -> dsn(postgresql+asyncpg://postgres123:pgsAdmin%40123@localhost:5432/fastxai)", "timestamp": "2025-12-10T06:33:00.927802Z", "correlation_id": "", "session_id": "", "request_id": "", "client_ip": "", "endpoint": "", "user_id": "", "trace_idd": "", "level": "info"}
2025-12-10 14:33:00.947 | INFO     | _base.py:223 (_proxy_to_logger) | {"host": "postgresql+asyncpg://postgres123:pgsAdmin%40123@localhost:5432/fastxai", "event": "Process 69208: Write engine 0 initialized (DSN: postgresql+asyncpg:/...)", "timestamp": "2025-12-10T06:33:00.947325Z", "correlation_id": "", "session_id": "", "request_id": "", "client_ip": "", "endpoint": "", "user_id": "", "trace_idd": "", "level": "info"}
2025-12-10 14:33:00.948 | INFO     | _base.py:223 (_proxy_to_logger) | {"host": "postgresql+asyncpg://postgres123:pgsAdmin%40123@localhost:5432/fastxai", "event": "Process 69208: Read engine 0 initialized (DSN: postgresql+asyncpg:/...)", "timestamp": "2025-12-10T06:33:00.948306Z", "correlation_id": "", "session_id": "", "request_id": "", "client_ip": "", "endpoint": "", "user_id": "", "trace_idd": "", "level": "info"}
2025-12-10 14:33:00.948 | INFO     | _base.py:223 (_proxy_to_logger) | {"event": "Process 69208: DB manager initialized (write: 1, read: 1)", "timestamp": "2025-12-10T06:33:00.948306Z", "correlation_id": "", "session_id": "", "request_id": "", "client_ip": "", "endpoint": "", "user_id": "", "trace_idd": "", "level": "info"}
2025-12-10 14:33:01.112 | INFO     | _base.py:223 (_proxy_to_logger) | {"event": "Process 69208: DB schema initialized", "timestamp": "2025-12-10T06:33:01.112119Z", "correlation_id": "", "session_id": "", "request_id": "", "client_ip": "", "endpoint": "", "user_id": "", "trace_idd": "", "level": "info"}
2025-12-10 14:33:01.117 | INFO     | _base.py:223 (_proxy_to_logger) | {"event": "Redis client initialized successfully", "timestamp": "2025-12-10T06:33:01.117982Z", "correlation_id": "", "session_id": "", "request_id": "", "client_ip": "", "endpoint": "", "user_id": "", "trace_idd": "", "level": "info"}
2025-12-10 14:33:01.119 | INFO     | _base.py:223 (_proxy_to_logger) | {"event": "Security services initialized", "timestamp": "2025-12-10T06:33:01.119956Z", "correlation_id": "", "session_id": "", "request_id": "", "client_ip": "", "endpoint": "", "user_id": "", "trace_idd": "", "level": "info"}
2025-12-10 14:34:11.232 | INFO     | _base.py:223 (_proxy_to_logger) | {"client_user_agent": "Mozilla/5.0 (Windows NT 10.0; Win64; x64; rv:143.0) Gecko/20100101 Firefox/143.0", "content_length": 0, "event": "Request started", "timestamp": "2025-12-10T06:34:11.232450Z", "trace_id": "06939146-33b8-71d9-8000-b71e4a27626c", "correlation_id": "", "session_id": "", "request_id": "06939146-33b8-71d9-8000-b71e4a27626c", "client_ip": "127.0.0.1", "correlattion_id": "06939146-33b8-71d9-8000-b71e4a27626c", "endpoint": "/", "http_method": "GET", "user_id": "anonymous", "trace_idd": "", "level": "info"}
2025-12-10 14:34:11.240 | INFO     | _base.py:223 (_proxy_to_logger) | {"status_code": 404, "response_content_length": "22", "event": "Request completed", "timestamp": "2025-12-10T06:34:11.240361Z", "trace_id": "06939146-33b8-71d9-8000-b71e4a27626c", "correlation_id": "", "session_id": "", "request_id": "06939146-33b8-71d9-8000-b71e4a27626c", "client_ip": "127.0.0.1", "correlattion_id": "06939146-33b8-71d9-8000-b71e4a27626c", "endpoint": "/", "http_method": "GET", "user_id": "anonymous", "trace_idd": "", "level": "info"}
2025-12-10 14:34:11.334 | INFO     | _base.py:223 (_proxy_to_logger) | {"request_id": "", "method": "GET", "path": "/", "status_code": 404, "process_time": 0.1035318374633789, "client_ip": "", "user_agent": "Mozilla/5.0 (Windows NT 10.0; Win64; x64; rv:143.0) Gecko/20100101 Firefox/143.0", "event": "Request processed", "timestamp": "2025-12-10T06:34:11.334982Z", "level": "info", "user_id": "", "trace_idd": "", "endpoint": "", "correlation_id": "", "session_id": ""}
2025-12-10 14:34:11.504 | INFO     | _base.py:223 (_proxy_to_logger) | {"client_user_agent": "Mozilla/5.0 (Windows NT 10.0; Win64; x64; rv:143.0) Gecko/20100101 Firefox/143.0", "content_length": 0, "event": "Request started", "timestamp": "2025-12-10T06:34:11.504590Z", "trace_id": "06939146-3812-7cd2-8000-ae1c21b802b9", "correlation_id": "", "session_id": "", "request_id": "06939146-3812-7cd2-8000-ae1c21b802b9", "client_ip": "127.0.0.1", "correlattion_id": "06939146-3812-7cd2-8000-ae1c21b802b9", "endpoint": "/favicon.ico", "http_method": "GET", "user_id": "anonymous", "trace_idd": "", "level": "info"}
2025-12-10 14:34:11.744 | ERROR    | _base.py:223 (_proxy_to_logger) | {"exception": "  + Exception Group Traceback (most recent call last):\n  |   File \"D:\\pyworks\\fastxai\\.venv\\Lib\\site-packages\\starlette\\_utils.py\", line 79, in collapse_excgroups\n  |     yield\n  |   File \"D:\\pyworks\\fastxai\\.venv\\Lib\\site-packages\\starlette\\middleware\\base.py\", line 192, in __call__\n  |     async with anyio.create_task_group() as task_group:\n  |   File \"D:\\pyworks\\fastxai\\.venv\\Lib\\site-packages\\anyio\\_backends\\_asyncio.py\", line 783, in __aexit__\n  |     raise BaseExceptionGroup(\n  | ExceptionGroup: unhandled errors in a TaskGroup (1 sub-exception)\n  +-+---------------- 1 ----------------\n    | Traceback (most recent call last):\n    |   File \"d:\\pyworks\\fastxai\\app\\core\\middleware2.py\", line 97, in dispatch\n    |     response = await call_next(request)\n    |                ^^^^^^^^^^^^^^^^^^^^^^^^\n    |   File \"D:\\pyworks\\fastxai\\.venv\\Lib\\site-packages\\starlette\\middleware\\base.py\", line 168, in call_next\n    |     raise app_exc from app_exc.__cause__ or app_exc.__context__\n    |   File \"D:\\pyworks\\fastxai\\.venv\\Lib\\site-packages\\starlette\\middleware\\base.py\", line 144, in coro\n    |     await self.app(scope, receive_or_disconnect, send_no_error)\n    |   File \"D:\\pyworks\\fastxai\\.venv\\Lib\\site-packages\\prometheus_fastapi_instrumentator\\middleware.py\", line 177, in __call__\n    |     raise exc\n    |   File \"D:\\pyworks\\fastxai\\.venv\\Lib\\site-packages\\prometheus_fastapi_instrumentator\\middleware.py\", line 175, in __call__\n    |     await self.app(scope, receive, send_wrapper)\n    |   File \"D:\\pyworks\\fastxai\\.venv\\Lib\\site-packages\\fastapi_profiler\\profiler.py\", line 90, in __call__\n    |     await self.app(scope, receive, wrapped_send)\n    |   File \"D:\\pyworks\\fastxai\\.venv\\Lib\\site-packages\\starlette\\middleware\\base.py\", line 191, in __call__\n    |     with recv_stream, send_stream, collapse_excgroups():\n    |   File \"C:\\Users\\Chenjf\\AppData\\Roaming\\uv\\python\\cpython-3.11.14-windows-x86_64-none\\Lib\\contextlib.py\", line 158, in __exit__\n    |     self.gen.throw(typ, value, traceback)\n    |   File \"D:\\pyworks\\fastxai\\.venv\\Lib\\site-packages\\starlette\\_utils.py\", line 85, in collapse_excgroups\n    |     raise exc\n    |   File \"D:\\pyworks\\fastxai\\.venv\\Lib\\site-packages\\starlette\\middleware\\base.py\", line 193, in __call__\n    |     response = await self.dispatch_func(request, call_next)\n    |                ^^^^^^^^^^^^^^^^^^^^^^^^^^^^^^^^^^^^^^^^^^^^\n    |   File \"D:\\pyworks\\fastxai\\.venv\\Lib\\site-packages\\starlette_prometheus\\middleware.py\", line 57, in dispatch\n    |     raise e from None\n    |   File \"D:\\pyworks\\fastxai\\.venv\\Lib\\site-packages\\starlette_prometheus\\middleware.py\", line 53, in dispatch\n    |     response = await call_next(request)\n    |                ^^^^^^^^^^^^^^^^^^^^^^^^\n    |   File \"D:\\pyworks\\fastxai\\.venv\\Lib\\site-packages\\starlette\\middleware\\base.py\", line 168, in call_next\n    |     raise app_exc from app_exc.__cause__ or app_exc.__context__\n    |   File \"D:\\pyworks\\fastxai\\.venv\\Lib\\site-packages\\starlette\\middleware\\base.py\", line 144, in coro\n    |     await self.app(scope, receive_or_disconnect, send_no_error)\n    |   File \"D:\\pyworks\\fastxai\\.venv\\Lib\\site-packages\\starlette\\middleware\\exceptions.py\", line 63, in __call__\n    |     await wrap_app_handling_exceptions(self.app, conn)(scope, receive, send)\n    |   File \"D:\\pyworks\\fastxai\\.venv\\Lib\\site-packages\\starlette\\_exception_handler.py\", line 53, in wrapped_app\n    |     raise exc\n    |   File \"D:\\pyworks\\fastxai\\.venv\\Lib\\site-packages\\starlette\\_exception_handler.py\", line 42, in wrapped_app\n    |     await app(scope, receive, sender)\n    |   File \"D:\\pyworks\\fastxai\\.venv\\Lib\\site-packages\\fastapi\\middleware\\asyncexitstack.py\", line 18, in __call__\n    |     await self.app(scope, receive, send)\n    |   File \"D:\\pyworks\\fastxai\\.venv\\Lib\\site-packages\\starlette\\routing.py\", line 716, in __call__\n    |     await self.middleware_stack(scope, receive, send)\n    |   File \"D:\\pyworks\\fastxai\\.venv\\Lib\\site-packages\\starlette\\routing.py\", line 736, in app\n    |     await route.handle(scope, receive, send)\n    |   File \"D:\\pyworks\\fastxai\\.venv\\Lib\\site-packages\\starlette\\routing.py\", line 290, in handle\n    |     await self.app(scope, receive, send)\n    |   File \"D:\\pyworks\\fastxai\\.venv\\Lib\\site-packages\\fastapi\\routing.py\", line 120, in app\n    |     await wrap_app_handling_exceptions(app, request)(scope, receive, send)\n    |   File \"D:\\pyworks\\fastxai\\.venv\\Lib\\site-packages\\starlette\\_exception_handler.py\", line 53, in wrapped_app\n    |     raise exc\n    |   File \"D:\\pyworks\\fastxai\\.venv\\Lib\\site-packages\\starlette\\_exception_handler.py\", line 42, in wrapped_app\n    |     await app(scope, receive, sender)\n    |   File \"D:\\pyworks\\fastxai\\.venv\\Lib\\site-packages\\fastapi\\routing.py\", line 106, in app\n    |     response = await f(request)\n    |                ^^^^^^^^^^^^^^^^\n    |   File \"D:\\pyworks\\fastxai\\.venv\\Lib\\site-packages\\fastapi\\routing.py\", line 430, in app\n    |     raw_response = await run_endpoint_function(\n    |                    ^^^^^^^^^^^^^^^^^^^^^^^^^^^^\n    |   File \"D:\\pyworks\\fastxai\\.venv\\Lib\\site-packages\\fastapi\\routing.py\", line 316, in run_endpoint_function\n    |     return await dependant.call(**values)\n    |            ^^^^^^^^^^^^^^^^^^^^^^^^^^^^^^\n    |   File \"d:\\pyworks\\fastxai\\app\\main.py\", line 260, in favicon\n    | TypeError: JSONResponse.__init__() missing 1 required positional argument: 'content'\n    +------------------------------------\n\nThe above exception was the direct cause of the following exception:\n\nTraceback (most recent call last):\n  File \"d:\\pyworks\\fastxai\\app\\core\\middleware2.py\", line 97, in dispatch\n    response = await call_next(request)\n               ^^^^^^^^^^^^^^^^^^^^^^^^\n  File \"D:\\pyworks\\fastxai\\.venv\\Lib\\site-packages\\starlette\\middleware\\base.py\", line 168, in call_next\n    raise app_exc from app_exc.__cause__ or app_exc.__context__\n  File \"D:\\pyworks\\fastxai\\.venv\\Lib\\site-packages\\starlette\\middleware\\base.py\", line 144, in coro\n    await self.app(scope, receive_or_disconnect, send_no_error)\n  File \"D:\\pyworks\\fastxai\\.venv\\Lib\\site-packages\\prometheus_fastapi_instrumentator\\middleware.py\", line 177, in __call__\n    raise exc\n  File \"D:\\pyworks\\fastxai\\.venv\\Lib\\site-packages\\prometheus_fastapi_instrumentator\\middleware.py\", line 175, in __call__\n    await self.app(scope, receive, send_wrapper)\n  File \"D:\\pyworks\\fastxai\\.venv\\Lib\\site-packages\\fastapi_profiler\\profiler.py\", line 90, in __call__\n    await self.app(scope, receive, wrapped_send)\n  File \"D:\\pyworks\\fastxai\\.venv\\Lib\\site-packages\\starlette\\middleware\\base.py\", line 191, in __call__\n    with recv_stream, send_stream, collapse_excgroups():\n  File \"C:\\Users\\Chenjf\\AppData\\Roaming\\uv\\python\\cpython-3.11.14-windows-x86_64-none\\Lib\\contextlib.py\", line 158, in __exit__\n    self.gen.throw(typ, value, traceback)\n  File \"D:\\pyworks\\fastxai\\.venv\\Lib\\site-packages\\starlette\\_utils.py\", line 85, in collapse_excgroups\n    raise exc\n  File \"D:\\pyworks\\fastxai\\.venv\\Lib\\site-packages\\starlette\\middleware\\base.py\", line 193, in __call__\n    response = await self.dispatch_func(request, call_next)\n               ^^^^^^^^^^^^^^^^^^^^^^^^^^^^^^^^^^^^^^^^^^^^\n  File \"D:\\pyworks\\fastxai\\.venv\\Lib\\site-packages\\starlette_prometheus\\middleware.py\", line 57, in dispatch\n    raise e from None\n  File \"D:\\pyworks\\fastxai\\.venv\\Lib\\site-packages\\starlette_prometheus\\middleware.py\", line 53, in dispatch\n    response = await call_next(request)\n               ^^^^^^^^^^^^^^^^^^^^^^^^\n  File \"D:\\pyworks\\fastxai\\.venv\\Lib\\site-packages\\starlette\\middleware\\base.py\", line 168, in call_next\n    raise app_exc from app_exc.__cause__ or app_exc.__context__\n  File \"D:\\pyworks\\fastxai\\.venv\\Lib\\site-packages\\starlette\\middleware\\base.py\", line 144, in coro\n    await self.app(scope, receive_or_disconnect, send_no_error)\n  File \"D:\\pyworks\\fastxai\\.venv\\Lib\\site-packages\\starlette\\middleware\\exceptions.py\", line 63, in __call__\n    await wrap_app_handling_exceptions(self.app, conn)(scope, receive, send)\n  File \"D:\\pyworks\\fastxai\\.venv\\Lib\\site-packages\\starlette\\_exception_handler.py\", line 53, in wrapped_app\n    raise exc\n  File \"D:\\pyworks\\fastxai\\.venv\\Lib\\site-packages\\starlette\\_exception_handler.py\", line 42, in wrapped_app\n    await app(scope, receive, sender)\n  File \"D:\\pyworks\\fastxai\\.venv\\Lib\\site-packages\\fastapi\\middleware\\asyncexitstack.py\", line 18, in __call__\n    await self.app(scope, receive, send)\n  File \"D:\\pyworks\\fastxai\\.venv\\Lib\\site-packages\\starlette\\routing.py\", line 716, in __call__\n    await self.middleware_stack(scope, receive, send)\n  File \"D:\\pyworks\\fastxai\\.venv\\Lib\\site-packages\\starlette\\routing.py\", line 736, in app\n    await route.handle(scope, receive, send)\n  File \"D:\\pyworks\\fastxai\\.venv\\Lib\\site-packages\\starlette\\routing.py\", line 290, in handle\n    await self.app(scope, receive, send)\n  File \"D:\\pyworks\\fastxai\\.venv\\Lib\\site-packages\\fastapi\\routing.py\", line 120, in app\n    await wrap_app_handling_exceptions(app, request)(scope, receive, send)\n  File \"D:\\pyworks\\fastxai\\.venv\\Lib\\site-packages\\starlette\\_exception_handler.py\", line 53, in wrapped_app\n    raise exc\n  File \"D:\\pyworks\\fastxai\\.venv\\Lib\\site-packages\\starlette\\_exception_handler.py\", line 42, in wrapped_app\n    await app(scope, receive, sender)\n  File \"D:\\pyworks\\fastxai\\.venv\\Lib\\site-packages\\fastapi\\routing.py\", line 106, in app\n    response = await f(request)\n               ^^^^^^^^^^^^^^^^\n  File \"D:\\pyworks\\fastxai\\.venv\\Lib\\site-packages\\fastapi\\routing.py\", line 430, in app\n    raw_response = await run_endpoint_function(\n                   ^^^^^^^^^^^^^^^^^^^^^^^^^^^^\n  File \"D:\\pyworks\\fastxai\\.venv\\Lib\\site-packages\\fastapi\\routing.py\", line 316, in run_endpoint_function\n    return await dependant.call(**values)\n           ^^^^^^^^^^^^^^^^^^^^^^^^^^^^^^\n  File \"d:\\pyworks\\fastxai\\app\\main.py\", line 260, in favicon\nTypeError: JSONResponse.__init__() missing 1 required positional argument: 'content'", "event": "Request failed", "timestamp": "2025-12-10T06:34:11.729612Z", "trace_id": "06939146-3812-7cd2-8000-ae1c21b802b9", "status_code": 500, "correlation_id": "", "session_id": "", "request_id": "06939146-3812-7cd2-8000-ae1c21b802b9", "client_ip": "127.0.0.1", "correlattion_id": "06939146-3812-7cd2-8000-ae1c21b802b9", "endpoint": "/favicon.ico", "http_method": "GET", "user_id": "anonymous", "trace_idd": "", "level": "error"}
2025-12-10 14:34:11.749 | ERROR    | _base.py:223 (_proxy_to_logger) | {"request_id": "", "error": "JSONResponse.__init__() missing 1 required positional argument: 'content'", "client_ip": "", "path": "/favicon.ico", "event": "Request error", "timestamp": "2025-12-10T06:34:11.749637Z", "level": "error", "user_id": "", "trace_idd": "", "endpoint": "", "correlation_id": "", "session_id": ""}
2025-12-10 14:34:11.771 | CRITICAL | _base.py:223 (_proxy_to_logger) | {"endpoint": "", "client_ip": "", "event": "Unhandled exception", "timestamp": "2025-12-10T06:34:11.751637Z", "exception": "  + Exception Group Traceback (most recent call last):\n  |   File \"D:\\pyworks\\fastxai\\.venv\\Lib\\site-packages\\starlette\\_utils.py\", line 79, in collapse_excgroups\n  |     yield\n  |   File \"D:\\pyworks\\fastxai\\.venv\\Lib\\site-packages\\starlette\\middleware\\base.py\", line 192, in __call__\n  |     async with anyio.create_task_group() as task_group:\n  |   File \"D:\\pyworks\\fastxai\\.venv\\Lib\\site-packages\\anyio\\_backends\\_asyncio.py\", line 783, in __aexit__\n  |     raise BaseExceptionGroup(\n  | ExceptionGroup: unhandled errors in a TaskGroup (1 sub-exception)\n  +-+---------------- 1 ----------------\n    | Traceback (most recent call last):\n    |   File \"D:\\pyworks\\fastxai\\.venv\\Lib\\site-packages\\starlette\\middleware\\errors.py\", line 164, in __call__\n    |     await self.app(scope, receive, _send)\n    |   File \"D:\\pyworks\\fastxai\\.venv\\Lib\\site-packages\\starlette\\middleware\\base.py\", line 191, in __call__\n    |     with recv_stream, send_stream, collapse_excgroups():\n    |   File \"C:\\Users\\Chenjf\\AppData\\Roaming\\uv\\python\\cpython-3.11.14-windows-x86_64-none\\Lib\\contextlib.py\", line 158, in __exit__\n    |     self.gen.throw(typ, value, traceback)\n    |   File \"D:\\pyworks\\fastxai\\.venv\\Lib\\site-packages\\starlette\\_utils.py\", line 85, in collapse_excgroups\n    |     raise exc\n    |   File \"D:\\pyworks\\fastxai\\.venv\\Lib\\site-packages\\starlette\\middleware\\base.py\", line 193, in __call__\n    |     response = await self.dispatch_func(request, call_next)\n    |                ^^^^^^^^^^^^^^^^^^^^^^^^^^^^^^^^^^^^^^^^^^^^\n    |   File \"d:\\pyworks\\fastxai\\app\\core\\middlewares.py\", line 258, in xss_protection\n    |     response = await call_next(request)\n    |                ^^^^^^^^^^^^^^^^^^^^^^^^\n    |   File \"D:\\pyworks\\fastxai\\.venv\\Lib\\site-packages\\starlette\\middleware\\base.py\", line 168, in call_next\n    |     raise app_exc from app_exc.__cause__ or app_exc.__context__\n    |   File \"D:\\pyworks\\fastxai\\.venv\\Lib\\site-packages\\starlette\\middleware\\base.py\", line 144, in coro\n    |     await self.app(scope, receive_or_disconnect, send_no_error)\n    |   File \"D:\\pyworks\\fastxai\\.venv\\Lib\\site-packages\\starlette\\middleware\\base.py\", line 191, in __call__\n    |     with recv_stream, send_stream, collapse_excgroups():\n    |   File \"C:\\Users\\Chenjf\\AppData\\Roaming\\uv\\python\\cpython-3.11.14-windows-x86_64-none\\Lib\\contextlib.py\", line 158, in __exit__\n    |     self.gen.throw(typ, value, traceback)\n    |   File \"D:\\pyworks\\fastxai\\.venv\\Lib\\site-packages\\starlette\\_utils.py\", line 85, in collapse_excgroups\n    |     raise exc\n    |   File \"D:\\pyworks\\fastxai\\.venv\\Lib\\site-packages\\starlette\\middleware\\base.py\", line 193, in __call__\n    |     response = await self.dispatch_func(request, call_next)\n    |                ^^^^^^^^^^^^^^^^^^^^^^^^^^^^^^^^^^^^^^^^^^^^\n    |   File \"d:\\pyworks\\fastxai\\app\\core\\middlewares.py\", line 253, in sql_injection_protection\n    |     return await call_next(request)\n    |            ^^^^^^^^^^^^^^^^^^^^^^^^\n    |   File \"D:\\pyworks\\fastxai\\.venv\\Lib\\site-packages\\starlette\\middleware\\base.py\", line 168, in call_next\n    |     raise app_exc from app_exc.__cause__ or app_exc.__context__\n    |   File \"D:\\pyworks\\fastxai\\.venv\\Lib\\site-packages\\starlette\\middleware\\base.py\", line 144, in coro\n    |     await self.app(scope, receive_or_disconnect, send_no_error)\n    |   File \"D:\\pyworks\\fastxai\\.venv\\Lib\\site-packages\\starlette\\middleware\\base.py\", line 191, in __call__\n    |     with recv_stream, send_stream, collapse_excgroups():\n    |   File \"C:\\Users\\Chenjf\\AppData\\Roaming\\uv\\python\\cpython-3.11.14-windows-x86_64-none\\Lib\\contextlib.py\", line 158, in __exit__\n    |     self.gen.throw(typ, value, traceback)\n    |   File \"D:\\pyworks\\fastxai\\.venv\\Lib\\site-packages\\starlette\\_utils.py\", line 85, in collapse_excgroups\n    |     raise exc\n    |   File \"D:\\pyworks\\fastxai\\.venv\\Lib\\site-packages\\starlette\\middleware\\base.py\", line 193, in __call__\n    |     response = await self.dispatch_func(request, call_next)\n    |                ^^^^^^^^^^^^^^^^^^^^^^^^^^^^^^^^^^^^^^^^^^^^\n    |   File \"d:\\pyworks\\fastxai\\app\\core\\middlewares.py\", line 175, in add_security_headers\n    |     response = await call_next(request)\n    |                ^^^^^^^^^^^^^^^^^^^^^^^^\n    |   File \"D:\\pyworks\\fastxai\\.venv\\Lib\\site-packages\\starlette\\middleware\\base.py\", line 168, in call_next\n    |     raise app_exc from app_exc.__cause__ or app_exc.__context__\n    |   File \"D:\\pyworks\\fastxai\\.venv\\Lib\\site-packages\\starlette\\middleware\\base.py\", line 144, in coro\n    |     await self.app(scope, receive_or_disconnect, send_no_error)\n    |   File \"D:\\pyworks\\fastxai\\.venv\\Lib\\site-packages\\starlette\\middleware\\gzip.py\", line 29, in __call__\n    |     await responder(scope, receive, send)\n    |   File \"D:\\pyworks\\fastxai\\.venv\\Lib\\site-packages\\starlette\\middleware\\gzip.py\", line 130, in __call__\n    |     await super().__call__(scope, receive, send)\n    |   File \"D:\\pyworks\\fastxai\\.venv\\Lib\\site-packages\\starlette\\middleware\\gzip.py\", line 46, in __call__\n    |     await self.app(scope, receive, self.send_with_compression)\n    |   File \"D:\\pyworks\\fastxai\\.venv\\Lib\\site-packages\\starlette\\middleware\\cors.py\", line 85, in __call__\n    |     await self.app(scope, receive, send)\n    |   File \"D:\\pyworks\\fastxai\\.venv\\Lib\\site-packages\\starlette\\middleware\\base.py\", line 191, in __call__\n    |     with recv_stream, send_stream, collapse_excgroups():\n    |   File \"C:\\Users\\Chenjf\\AppData\\Roaming\\uv\\python\\cpython-3.11.14-windows-x86_64-none\\Lib\\contextlib.py\", line 158, in __exit__\n    |     self.gen.throw(typ, value, traceback)\n    |   File \"D:\\pyworks\\fastxai\\.venv\\Lib\\site-packages\\starlette\\_utils.py\", line 85, in collapse_excgroups\n    |     raise exc\n    |   File \"D:\\pyworks\\fastxai\\.venv\\Lib\\site-packages\\starlette\\middleware\\base.py\", line 193, in __call__\n    |     response = await self.dispatch_func(request, call_next)\n    |                ^^^^^^^^^^^^^^^^^^^^^^^^^^^^^^^^^^^^^^^^^^^^\n    |   File \"D:\\pyworks\\fastxai\\.venv\\Lib\\site-packages\\slowapi\\middleware.py\", line 136, in dispatch\n    |     response = await call_next(request)\n    |                ^^^^^^^^^^^^^^^^^^^^^^^^\n    |   File \"D:\\pyworks\\fastxai\\.venv\\Lib\\site-packages\\starlette\\middleware\\base.py\", line 168, in call_next\n    |     raise app_exc from app_exc.__cause__ or app_exc.__context__\n    |   File \"D:\\pyworks\\fastxai\\.venv\\Lib\\site-packages\\starlette\\middleware\\base.py\", line 144, in coro\n    |     await self.app(scope, receive_or_disconnect, send_no_error)\n    |   File \"D:\\pyworks\\fastxai\\.venv\\Lib\\site-packages\\starlette\\middleware\\base.py\", line 191, in __call__\n    |     with recv_stream, send_stream, collapse_excgroups():\n    |   File \"C:\\Users\\Chenjf\\AppData\\Roaming\\uv\\python\\cpython-3.11.14-windows-x86_64-none\\Lib\\contextlib.py\", line 158, in __exit__\n    |     self.gen.throw(typ, value, traceback)\n    |   File \"D:\\pyworks\\fastxai\\.venv\\Lib\\site-packages\\starlette\\_utils.py\", line 85, in collapse_excgroups\n    |     raise exc\n    |   File \"D:\\pyworks\\fastxai\\.venv\\Lib\\site-packages\\starlette\\middleware\\base.py\", line 193, in __call__\n    |     response = await self.dispatch_func(request, call_next)\n    |                ^^^^^^^^^^^^^^^^^^^^^^^^^^^^^^^^^^^^^^^^^^^^\n    |   File \"d:\\pyworks\\fastxai\\app\\core\\middleware2.py\", line 133, in dispatch\n    |     response = await call_next(request)\n    |                ^^^^^^^^^^^^^^^^^^^^^^^^\n    |   File \"D:\\pyworks\\fastxai\\.venv\\Lib\\site-packages\\starlette\\middleware\\base.py\", line 168, in call_next\n    |     raise app_exc from app_exc.__cause__ or app_exc.__context__\n    |   File \"D:\\pyworks\\fastxai\\.venv\\Lib\\site-packages\\starlette\\middleware\\base.py\", line 144, in coro\n    |     await self.app(scope, receive_or_disconnect, send_no_error)\n    |   File \"D:\\pyworks\\fastxai\\.venv\\Lib\\site-packages\\starlette\\middleware\\base.py\", line 191, in __call__\n    |     with recv_stream, send_stream, collapse_excgroups():\n    |   File \"C:\\Users\\Chenjf\\AppData\\Roaming\\uv\\python\\cpython-3.11.14-windows-x86_64-none\\Lib\\contextlib.py\", line 158, in __exit__\n    |     self.gen.throw(typ, value, traceback)\n    |   File \"D:\\pyworks\\fastxai\\.venv\\Lib\\site-packages\\starlette\\_utils.py\", line 85, in collapse_excgroups\n    |     raise exc\n    |   File \"D:\\pyworks\\fastxai\\.venv\\Lib\\site-packages\\starlette\\middleware\\base.py\", line 193, in __call__\n    |     response = await self.dispatch_func(request, call_next)\n    |                ^^^^^^^^^^^^^^^^^^^^^^^^^^^^^^^^^^^^^^^^^^^^\n    |   File \"d:\\pyworks\\fastxai\\app\\core\\middleware2.py\", line 97, in dispatch\n    |     response = await call_next(request)\n    |                ^^^^^^^^^^^^^^^^^^^^^^^^\n    |   File \"D:\\pyworks\\fastxai\\.venv\\Lib\\site-packages\\starlette\\middleware\\base.py\", line 168, in call_next\n    |     raise app_exc from app_exc.__cause__ or app_exc.__context__\n    |   File \"D:\\pyworks\\fastxai\\.venv\\Lib\\site-packages\\starlette\\middleware\\base.py\", line 144, in coro\n    |     await self.app(scope, receive_or_disconnect, send_no_error)\n    |   File \"D:\\pyworks\\fastxai\\.venv\\Lib\\site-packages\\prometheus_fastapi_instrumentator\\middleware.py\", line 177, in __call__\n    |     raise exc\n    |   File \"D:\\pyworks\\fastxai\\.venv\\Lib\\site-packages\\prometheus_fastapi_instrumentator\\middleware.py\", line 175, in __call__\n    |     await self.app(scope, receive, send_wrapper)\n    |   File \"D:\\pyworks\\fastxai\\.venv\\Lib\\site-packages\\fastapi_profiler\\profiler.py\", line 90, in __call__\n    |     await self.app(scope, receive, wrapped_send)\n    |   File \"D:\\pyworks\\fastxai\\.venv\\Lib\\site-packages\\starlette\\middleware\\base.py\", line 191, in __call__\n    |     with recv_stream, send_stream, collapse_excgroups():\n    |   File \"C:\\Users\\Chenjf\\AppData\\Roaming\\uv\\python\\cpython-3.11.14-windows-x86_64-none\\Lib\\contextlib.py\", line 158, in __exit__\n    |     self.gen.throw(typ, value, traceback)\n    |   File \"D:\\pyworks\\fastxai\\.venv\\Lib\\site-packages\\starlette\\_utils.py\", line 85, in collapse_excgroups\n    |     raise exc\n    |   File \"D:\\pyworks\\fastxai\\.venv\\Lib\\site-packages\\starlette\\middleware\\base.py\", line 193, in __call__\n    |     response = await self.dispatch_func(request, call_next)\n    |                ^^^^^^^^^^^^^^^^^^^^^^^^^^^^^^^^^^^^^^^^^^^^\n    |   File \"D:\\pyworks\\fastxai\\.venv\\Lib\\site-packages\\starlette_prometheus\\middleware.py\", line 57, in dispatch\n    |     raise e from None\n    |   File \"D:\\pyworks\\fastxai\\.venv\\Lib\\site-packages\\starlette_prometheus\\middleware.py\", line 53, in dispatch\n    |     response = await call_next(request)\n    |                ^^^^^^^^^^^^^^^^^^^^^^^^\n    |   File \"D:\\pyworks\\fastxai\\.venv\\Lib\\site-packages\\starlette\\middleware\\base.py\", line 168, in call_next\n    |     raise app_exc from app_exc.__cause__ or app_exc.__context__\n    |   File \"D:\\pyworks\\fastxai\\.venv\\Lib\\site-packages\\starlette\\middleware\\base.py\", line 144, in coro\n    |     await self.app(scope, receive_or_disconnect, send_no_error)\n    |   File \"D:\\pyworks\\fastxai\\.venv\\Lib\\site-packages\\starlette\\middleware\\exceptions.py\", line 63, in __call__\n    |     await wrap_app_handling_exceptions(self.app, conn)(scope, receive, send)\n    |   File \"D:\\pyworks\\fastxai\\.venv\\Lib\\site-packages\\starlette\\_exception_handler.py\", line 53, in wrapped_app\n    |     raise exc\n    |   File \"D:\\pyworks\\fastxai\\.venv\\Lib\\site-packages\\starlette\\_exception_handler.py\", line 42, in wrapped_app\n    |     await app(scope, receive, sender)\n    |   File \"D:\\pyworks\\fastxai\\.venv\\Lib\\site-packages\\fastapi\\middleware\\asyncexitstack.py\", line 18, in __call__\n    |     await self.app(scope, receive, send)\n    |   File \"D:\\pyworks\\fastxai\\.venv\\Lib\\site-packages\\starlette\\routing.py\", line 716, in __call__\n    |     await self.middleware_stack(scope, receive, send)\n    |   File \"D:\\pyworks\\fastxai\\.venv\\Lib\\site-packages\\starlette\\routing.py\", line 736, in app\n    |     await route.handle(scope, receive, send)\n    |   File \"D:\\pyworks\\fastxai\\.venv\\Lib\\site-packages\\starlette\\routing.py\", line 290, in handle\n    |     await self.app(scope, receive, send)\n    |   File \"D:\\pyworks\\fastxai\\.venv\\Lib\\site-packages\\fastapi\\routing.py\", line 120, in app\n    |     await wrap_app_handling_exceptions(app, request)(scope, receive, send)\n    |   File \"D:\\pyworks\\fastxai\\.venv\\Lib\\site-packages\\starlette\\_exception_handler.py\", line 53, in wrapped_app\n    |     raise exc\n    |   File \"D:\\pyworks\\fastxai\\.venv\\Lib\\site-packages\\starlette\\_exception_handler.py\", line 42, in wrapped_app\n    |     await app(scope, receive, sender)\n    |   File \"D:\\pyworks\\fastxai\\.venv\\Lib\\site-packages\\fastapi\\routing.py\", line 106, in app\n    |     response = await f(request)\n    |                ^^^^^^^^^^^^^^^^\n    |   File \"D:\\pyworks\\fastxai\\.venv\\Lib\\site-packages\\fastapi\\routing.py\", line 430, in app\n    |     raw_response = await run_endpoint_function(\n    |                    ^^^^^^^^^^^^^^^^^^^^^^^^^^^^\n    |   File \"D:\\pyworks\\fastxai\\.venv\\Lib\\site-packages\\fastapi\\routing.py\", line 316, in run_endpoint_function\n    |     return await dependant.call(**values)\n    |            ^^^^^^^^^^^^^^^^^^^^^^^^^^^^^^\n    |   File \"d:\\pyworks\\fastxai\\app\\main.py\", line 260, in favicon\n    | TypeError: JSONResponse.__init__() missing 1 required positional argument: 'content'\n    +------------------------------------\n\nThe above exception was the direct cause of the following exception:\n\nTraceback (most recent call last):\n  File \"D:\\pyworks\\fastxai\\.venv\\Lib\\site-packages\\starlette\\middleware\\errors.py\", line 164, in __call__\n    await self.app(scope, receive, _send)\n  File \"D:\\pyworks\\fastxai\\.venv\\Lib\\site-packages\\starlette\\middleware\\base.py\", line 191, in __call__\n    with recv_stream, send_stream, collapse_excgroups():\n  File \"C:\\Users\\Chenjf\\AppData\\Roaming\\uv\\python\\cpython-3.11.14-windows-x86_64-none\\Lib\\contextlib.py\", line 158, in __exit__\n    self.gen.throw(typ, value, traceback)\n  File \"D:\\pyworks\\fastxai\\.venv\\Lib\\site-packages\\starlette\\_utils.py\", line 85, in collapse_excgroups\n    raise exc\n  File \"D:\\pyworks\\fastxai\\.venv\\Lib\\site-packages\\starlette\\middleware\\base.py\", line 193, in __call__\n    response = await self.dispatch_func(request, call_next)\n               ^^^^^^^^^^^^^^^^^^^^^^^^^^^^^^^^^^^^^^^^^^^^\n  File \"d:\\pyworks\\fastxai\\app\\core\\middlewares.py\", line 258, in xss_protection\n    response = await call_next(request)\n               ^^^^^^^^^^^^^^^^^^^^^^^^\n  File \"D:\\pyworks\\fastxai\\.venv\\Lib\\site-packages\\starlette\\middleware\\base.py\", line 168, in call_next\n    raise app_exc from app_exc.__cause__ or app_exc.__context__\n  File \"D:\\pyworks\\fastxai\\.venv\\Lib\\site-packages\\starlette\\middleware\\base.py\", line 144, in coro\n    await self.app(scope, receive_or_disconnect, send_no_error)\n  File \"D:\\pyworks\\fastxai\\.venv\\Lib\\site-packages\\starlette\\middleware\\base.py\", line 191, in __call__\n    with recv_stream, send_stream, collapse_excgroups():\n  File \"C:\\Users\\Chenjf\\AppData\\Roaming\\uv\\python\\cpython-3.11.14-windows-x86_64-none\\Lib\\contextlib.py\", line 158, in __exit__\n    self.gen.throw(typ, value, traceback)\n  File \"D:\\pyworks\\fastxai\\.venv\\Lib\\site-packages\\starlette\\_utils.py\", line 85, in collapse_excgroups\n    raise exc\n  File \"D:\\pyworks\\fastxai\\.venv\\Lib\\site-packages\\starlette\\middleware\\base.py\", line 193, in __call__\n    response = await self.dispatch_func(request, call_next)\n               ^^^^^^^^^^^^^^^^^^^^^^^^^^^^^^^^^^^^^^^^^^^^\n  File \"d:\\pyworks\\fastxai\\app\\core\\middlewares.py\", line 253, in sql_injection_protection\n    return await call_next(request)\n           ^^^^^^^^^^^^^^^^^^^^^^^^\n  File \"D:\\pyworks\\fastxai\\.venv\\Lib\\site-packages\\starlette\\middleware\\base.py\", line 168, in call_next\n    raise app_exc from app_exc.__cause__ or app_exc.__context__\n  File \"D:\\pyworks\\fastxai\\.venv\\Lib\\site-packages\\starlette\\middleware\\base.py\", line 144, in coro\n    await self.app(scope, receive_or_disconnect, send_no_error)\n  File \"D:\\pyworks\\fastxai\\.venv\\Lib\\site-packages\\starlette\\middleware\\base.py\", line 191, in __call__\n    with recv_stream, send_stream, collapse_excgroups():\n  File \"C:\\Users\\Chenjf\\AppData\\Roaming\\uv\\python\\cpython-3.11.14-windows-x86_64-none\\Lib\\contextlib.py\", line 158, in __exit__\n    self.gen.throw(typ, value, traceback)\n  File \"D:\\pyworks\\fastxai\\.venv\\Lib\\site-packages\\starlette\\_utils.py\", line 85, in collapse_excgroups\n    raise exc\n  File \"D:\\pyworks\\fastxai\\.venv\\Lib\\site-packages\\starlette\\middleware\\base.py\", line 193, in __call__\n    response = await self.dispatch_func(request, call_next)\n               ^^^^^^^^^^^^^^^^^^^^^^^^^^^^^^^^^^^^^^^^^^^^\n  File \"d:\\pyworks\\fastxai\\app\\core\\middlewares.py\", line 175, in add_security_headers\n    response = await call_next(request)\n               ^^^^^^^^^^^^^^^^^^^^^^^^\n  File \"D:\\pyworks\\fastxai\\.venv\\Lib\\site-packages\\starlette\\middleware\\base.py\", line 168, in call_next\n    raise app_exc from app_exc.__cause__ or app_exc.__context__\n  File \"D:\\pyworks\\fastxai\\.venv\\Lib\\site-packages\\starlette\\middleware\\base.py\", line 144, in coro\n    await self.app(scope, receive_or_disconnect, send_no_error)\n  File \"D:\\pyworks\\fastxai\\.venv\\Lib\\site-packages\\starlette\\middleware\\gzip.py\", line 29, in __call__\n    await responder(scope, receive, send)\n  File \"D:\\pyworks\\fastxai\\.venv\\Lib\\site-packages\\starlette\\middleware\\gzip.py\", line 130, in __call__\n    await super().__call__(scope, receive, send)\n  File \"D:\\pyworks\\fastxai\\.venv\\Lib\\site-packages\\starlette\\middleware\\gzip.py\", line 46, in __call__\n    await self.app(scope, receive, self.send_with_compression)\n  File \"D:\\pyworks\\fastxai\\.venv\\Lib\\site-packages\\starlette\\middleware\\cors.py\", line 85, in __call__\n    await self.app(scope, receive, send)\n  File \"D:\\pyworks\\fastxai\\.venv\\Lib\\site-packages\\starlette\\middleware\\base.py\", line 191, in __call__\n    with recv_stream, send_stream, collapse_excgroups():\n  File \"C:\\Users\\Chenjf\\AppData\\Roaming\\uv\\python\\cpython-3.11.14-windows-x86_64-none\\Lib\\contextlib.py\", line 158, in __exit__\n    self.gen.throw(typ, value, traceback)\n  File \"D:\\pyworks\\fastxai\\.venv\\Lib\\site-packages\\starlette\\_utils.py\", line 85, in collapse_excgroups\n    raise exc\n  File \"D:\\pyworks\\fastxai\\.venv\\Lib\\site-packages\\starlette\\middleware\\base.py\", line 193, in __call__\n    response = await self.dispatch_func(request, call_next)\n               ^^^^^^^^^^^^^^^^^^^^^^^^^^^^^^^^^^^^^^^^^^^^\n  File \"D:\\pyworks\\fastxai\\.venv\\Lib\\site-packages\\slowapi\\middleware.py\", line 136, in dispatch\n    response = await call_next(request)\n               ^^^^^^^^^^^^^^^^^^^^^^^^\n  File \"D:\\pyworks\\fastxai\\.venv\\Lib\\site-packages\\starlette\\middleware\\base.py\", line 168, in call_next\n    raise app_exc from app_exc.__cause__ or app_exc.__context__\n  File \"D:\\pyworks\\fastxai\\.venv\\Lib\\site-packages\\starlette\\middleware\\base.py\", line 144, in coro\n    await self.app(scope, receive_or_disconnect, send_no_error)\n  File \"D:\\pyworks\\fastxai\\.venv\\Lib\\site-packages\\starlette\\middleware\\base.py\", line 191, in __call__\n    with recv_stream, send_stream, collapse_excgroups():\n  File \"C:\\Users\\Chenjf\\AppData\\Roaming\\uv\\python\\cpython-3.11.14-windows-x86_64-none\\Lib\\contextlib.py\", line 158, in __exit__\n    self.gen.throw(typ, value, traceback)\n  File \"D:\\pyworks\\fastxai\\.venv\\Lib\\site-packages\\starlette\\_utils.py\", line 85, in collapse_excgroups\n    raise exc\n  File \"D:\\pyworks\\fastxai\\.venv\\Lib\\site-packages\\starlette\\middleware\\base.py\", line 193, in __call__\n    response = await self.dispatch_func(request, call_next)\n               ^^^^^^^^^^^^^^^^^^^^^^^^^^^^^^^^^^^^^^^^^^^^\n  File \"d:\\pyworks\\fastxai\\app\\core\\middleware2.py\", line 133, in dispatch\n    response = await call_next(request)\n               ^^^^^^^^^^^^^^^^^^^^^^^^\n  File \"D:\\pyworks\\fastxai\\.venv\\Lib\\site-packages\\starlette\\middleware\\base.py\", line 168, in call_next\n    raise app_exc from app_exc.__cause__ or app_exc.__context__\n  File \"D:\\pyworks\\fastxai\\.venv\\Lib\\site-packages\\starlette\\middleware\\base.py\", line 144, in coro\n    await self.app(scope, receive_or_disconnect, send_no_error)\n  File \"D:\\pyworks\\fastxai\\.venv\\Lib\\site-packages\\starlette\\middleware\\base.py\", line 191, in __call__\n    with recv_stream, send_stream, collapse_excgroups():\n  File \"C:\\Users\\Chenjf\\AppData\\Roaming\\uv\\python\\cpython-3.11.14-windows-x86_64-none\\Lib\\contextlib.py\", line 158, in __exit__\n    self.gen.throw(typ, value, traceback)\n  File \"D:\\pyworks\\fastxai\\.venv\\Lib\\site-packages\\starlette\\_utils.py\", line 85, in collapse_excgroups\n    raise exc\n  File \"D:\\pyworks\\fastxai\\.venv\\Lib\\site-packages\\starlette\\middleware\\base.py\", line 193, in __call__\n    response = await self.dispatch_func(request, call_next)\n               ^^^^^^^^^^^^^^^^^^^^^^^^^^^^^^^^^^^^^^^^^^^^\n  File \"d:\\pyworks\\fastxai\\app\\core\\middleware2.py\", line 97, in dispatch\n    response = await call_next(request)\n               ^^^^^^^^^^^^^^^^^^^^^^^^\n  File \"D:\\pyworks\\fastxai\\.venv\\Lib\\site-packages\\starlette\\middleware\\base.py\", line 168, in call_next\n    raise app_exc from app_exc.__cause__ or app_exc.__context__\n  File \"D:\\pyworks\\fastxai\\.venv\\Lib\\site-packages\\starlette\\middleware\\base.py\", line 144, in coro\n    await self.app(scope, receive_or_disconnect, send_no_error)\n  File \"D:\\pyworks\\fastxai\\.venv\\Lib\\site-packages\\prometheus_fastapi_instrumentator\\middleware.py\", line 177, in __call__\n    raise exc\n  File \"D:\\pyworks\\fastxai\\.venv\\Lib\\site-packages\\prometheus_fastapi_instrumentator\\middleware.py\", line 175, in __call__\n    await self.app(scope, receive, send_wrapper)\n  File \"D:\\pyworks\\fastxai\\.venv\\Lib\\site-packages\\fastapi_profiler\\profiler.py\", line 90, in __call__\n    await self.app(scope, receive, wrapped_send)\n  File \"D:\\pyworks\\fastxai\\.venv\\Lib\\site-packages\\starlette\\middleware\\base.py\", line 191, in __call__\n    with recv_stream, send_stream, collapse_excgroups():\n  File \"C:\\Users\\Chenjf\\AppData\\Roaming\\uv\\python\\cpython-3.11.14-windows-x86_64-none\\Lib\\contextlib.py\", line 158, in __exit__\n    self.gen.throw(typ, value, traceback)\n  File \"D:\\pyworks\\fastxai\\.venv\\Lib\\site-packages\\starlette\\_utils.py\", line 85, in collapse_excgroups\n    raise exc\n  File \"D:\\pyworks\\fastxai\\.venv\\Lib\\site-packages\\starlette\\middleware\\base.py\", line 193, in __call__\n    response = await self.dispatch_func(request, call_next)\n               ^^^^^^^^^^^^^^^^^^^^^^^^^^^^^^^^^^^^^^^^^^^^\n  File \"D:\\pyworks\\fastxai\\.venv\\Lib\\site-packages\\starlette_prometheus\\middleware.py\", line 57, in dispatch\n    raise e from None\n  File \"D:\\pyworks\\fastxai\\.venv\\Lib\\site-packages\\starlette_prometheus\\middleware.py\", line 53, in dispatch\n    response = await call_next(request)\n               ^^^^^^^^^^^^^^^^^^^^^^^^\n  File \"D:\\pyworks\\fastxai\\.venv\\Lib\\site-packages\\starlette\\middleware\\base.py\", line 168, in call_next\n    raise app_exc from app_exc.__cause__ or app_exc.__context__\n  File \"D:\\pyworks\\fastxai\\.venv\\Lib\\site-packages\\starlette\\middleware\\base.py\", line 144, in coro\n    await self.app(scope, receive_or_disconnect, send_no_error)\n  File \"D:\\pyworks\\fastxai\\.venv\\Lib\\site-packages\\starlette\\middleware\\exceptions.py\", line 63, in __call__\n    await wrap_app_handling_exceptions(self.app, conn)(scope, receive, send)\n  File \"D:\\pyworks\\fastxai\\.venv\\Lib\\site-packages\\starlette\\_exception_handler.py\", line 53, in wrapped_app\n    raise exc\n  File \"D:\\pyworks\\fastxai\\.venv\\Lib\\site-packages\\starlette\\_exception_handler.py\", line 42, in wrapped_app\n    await app(scope, receive, sender)\n  File \"D:\\pyworks\\fastxai\\.venv\\Lib\\site-packages\\fastapi\\middleware\\asyncexitstack.py\", line 18, in __call__\n    await self.app(scope, receive, send)\n  File \"D:\\pyworks\\fastxai\\.venv\\Lib\\site-packages\\starlette\\routing.py\", line 716, in __call__\n    await self.middleware_stack(scope, receive, send)\n  File \"D:\\pyworks\\fastxai\\.venv\\Lib\\site-packages\\starlette\\routing.py\", line 736, in app\n    await route.handle(scope, receive, send)\n  File \"D:\\pyworks\\fastxai\\.venv\\Lib\\site-packages\\starlette\\routing.py\", line 290, in handle\n    await self.app(scope, receive, send)\n  File \"D:\\pyworks\\fastxai\\.venv\\Lib\\site-packages\\fastapi\\routing.py\", line 120, in app\n    await wrap_app_handling_exceptions(app, request)(scope, receive, send)\n  File \"D:\\pyworks\\fastxai\\.venv\\Lib\\site-packages\\starlette\\_exception_handler.py\", line 53, in wrapped_app\n    raise exc\n  File \"D:\\pyworks\\fastxai\\.venv\\Lib\\site-packages\\starlette\\_exception_handler.py\", line 42, in wrapped_app\n    await app(scope, receive, sender)\n  File \"D:\\pyworks\\fastxai\\.venv\\Lib\\site-packages\\fastapi\\routing.py\", line 106, in app\n    response = await f(request)\n               ^^^^^^^^^^^^^^^^\n  File \"D:\\pyworks\\fastxai\\.venv\\Lib\\site-packages\\fastapi\\routing.py\", line 430, in app\n    raw_response = await run_endpoint_function(\n                   ^^^^^^^^^^^^^^^^^^^^^^^^^^^^\n  File \"D:\\pyworks\\fastxai\\.venv\\Lib\\site-packages\\fastapi\\routing.py\", line 316, in run_endpoint_function\n    return await dependant.call(**values)\n           ^^^^^^^^^^^^^^^^^^^^^^^^^^^^^^\n  File \"d:\\pyworks\\fastxai\\app\\main.py\", line 260, in favicon\nTypeError: JSONResponse.__init__() missing 1 required positional argument: 'content'", "level": "critical", "request_id": "", "user_id": "", "trace_idd": "", "correlation_id": "", "session_id": ""}
2025-12-10 14:34:16.306 | INFO     | _base.py:223 (_proxy_to_logger) | {"client_user_agent": "Mozilla/5.0 (Windows NT 10.0; Win64; x64; rv:143.0) Gecko/20100101 Firefox/143.0", "content_length": 0, "event": "Request started", "timestamp": "2025-12-10T06:34:16.306860Z", "trace_id": "06939146-84e8-7e62-8000-353236e996e9", "correlation_id": "", "session_id": "", "request_id": "06939146-84e8-7e62-8000-353236e996e9", "client_ip": "127.0.0.1", "correlattion_id": "06939146-84e8-7e62-8000-353236e996e9", "endpoint": "/rq", "http_method": "GET", "user_id": "anonymous", "trace_idd": "", "level": "info"}
2025-12-10 14:34:16.311 | INFO     | _base.py:223 (_proxy_to_logger) | {"status_code": 404, "response_content_length": "22", "event": "Request completed", "timestamp": "2025-12-10T06:34:16.311617Z", "trace_id": "06939146-84e8-7e62-8000-353236e996e9", "correlation_id": "", "session_id": "", "request_id": "06939146-84e8-7e62-8000-353236e996e9", "client_ip": "127.0.0.1", "correlattion_id": "06939146-84e8-7e62-8000-353236e996e9", "endpoint": "/rq", "http_method": "GET", "user_id": "anonymous", "trace_idd": "", "level": "info"}
2025-12-10 14:34:16.486 | INFO     | _base.py:223 (_proxy_to_logger) | {"request_id": "", "method": "GET", "path": "/rq", "status_code": 404, "process_time": 0.18035149574279785, "client_ip": "", "user_agent": "Mozilla/5.0 (Windows NT 10.0; Win64; x64; rv:143.0) Gecko/20100101 Firefox/143.0", "event": "Request processed", "timestamp": "2025-12-10T06:34:16.486636Z", "level": "info", "user_id": "", "trace_idd": "", "endpoint": "", "correlation_id": "", "session_id": ""}
2025-12-10 14:34:16.631 | INFO     | _base.py:223 (_proxy_to_logger) | {"client_user_agent": "Mozilla/5.0 (Windows NT 10.0; Win64; x64; rv:143.0) Gecko/20100101 Firefox/143.0", "content_length": 0, "event": "Request started", "timestamp": "2025-12-10T06:34:16.631787Z", "trace_id": "06939146-8a1b-7cd3-8000-8fe8d49475ea", "correlation_id": "", "session_id": "", "request_id": "06939146-8a1b-7cd3-8000-8fe8d49475ea", "client_ip": "127.0.0.1", "correlattion_id": "06939146-8a1b-7cd3-8000-8fe8d49475ea", "endpoint": "/favicon.ico", "http_method": "GET", "user_id": "anonymous", "trace_idd": "", "level": "info"}
2025-12-10 14:34:16.774 | ERROR    | _base.py:223 (_proxy_to_logger) | {"exception": "  + Exception Group Traceback (most recent call last):\n  |   File \"D:\\pyworks\\fastxai\\.venv\\Lib\\site-packages\\starlette\\_utils.py\", line 79, in collapse_excgroups\n  |     yield\n  |   File \"D:\\pyworks\\fastxai\\.venv\\Lib\\site-packages\\starlette\\middleware\\base.py\", line 192, in __call__\n  |     async with anyio.create_task_group() as task_group:\n  |   File \"D:\\pyworks\\fastxai\\.venv\\Lib\\site-packages\\anyio\\_backends\\_asyncio.py\", line 783, in __aexit__\n  |     raise BaseExceptionGroup(\n  | ExceptionGroup: unhandled errors in a TaskGroup (1 sub-exception)\n  +-+---------------- 1 ----------------\n    | Traceback (most recent call last):\n    |   File \"d:\\pyworks\\fastxai\\app\\core\\middleware2.py\", line 97, in dispatch\n    |     response = await call_next(request)\n    |                ^^^^^^^^^^^^^^^^^^^^^^^^\n    |   File \"D:\\pyworks\\fastxai\\.venv\\Lib\\site-packages\\starlette\\middleware\\base.py\", line 168, in call_next\n    |     raise app_exc from app_exc.__cause__ or app_exc.__context__\n    |   File \"D:\\pyworks\\fastxai\\.venv\\Lib\\site-packages\\starlette\\middleware\\base.py\", line 144, in coro\n    |     await self.app(scope, receive_or_disconnect, send_no_error)\n    |   File \"D:\\pyworks\\fastxai\\.venv\\Lib\\site-packages\\prometheus_fastapi_instrumentator\\middleware.py\", line 177, in __call__\n    |     raise exc\n    |   File \"D:\\pyworks\\fastxai\\.venv\\Lib\\site-packages\\prometheus_fastapi_instrumentator\\middleware.py\", line 175, in __call__\n    |     await self.app(scope, receive, send_wrapper)\n    |   File \"D:\\pyworks\\fastxai\\.venv\\Lib\\site-packages\\fastapi_profiler\\profiler.py\", line 90, in __call__\n    |     await self.app(scope, receive, wrapped_send)\n    |   File \"D:\\pyworks\\fastxai\\.venv\\Lib\\site-packages\\starlette\\middleware\\base.py\", line 191, in __call__\n    |     with recv_stream, send_stream, collapse_excgroups():\n    |   File \"C:\\Users\\Chenjf\\AppData\\Roaming\\uv\\python\\cpython-3.11.14-windows-x86_64-none\\Lib\\contextlib.py\", line 158, in __exit__\n    |     self.gen.throw(typ, value, traceback)\n    |   File \"D:\\pyworks\\fastxai\\.venv\\Lib\\site-packages\\starlette\\_utils.py\", line 85, in collapse_excgroups\n    |     raise exc\n    |   File \"D:\\pyworks\\fastxai\\.venv\\Lib\\site-packages\\starlette\\middleware\\base.py\", line 193, in __call__\n    |     response = await self.dispatch_func(request, call_next)\n    |                ^^^^^^^^^^^^^^^^^^^^^^^^^^^^^^^^^^^^^^^^^^^^\n    |   File \"D:\\pyworks\\fastxai\\.venv\\Lib\\site-packages\\starlette_prometheus\\middleware.py\", line 57, in dispatch\n    |     raise e from None\n    |   File \"D:\\pyworks\\fastxai\\.venv\\Lib\\site-packages\\starlette_prometheus\\middleware.py\", line 53, in dispatch\n    |     response = await call_next(request)\n    |                ^^^^^^^^^^^^^^^^^^^^^^^^\n    |   File \"D:\\pyworks\\fastxai\\.venv\\Lib\\site-packages\\starlette\\middleware\\base.py\", line 168, in call_next\n    |     raise app_exc from app_exc.__cause__ or app_exc.__context__\n    |   File \"D:\\pyworks\\fastxai\\.venv\\Lib\\site-packages\\starlette\\middleware\\base.py\", line 144, in coro\n    |     await self.app(scope, receive_or_disconnect, send_no_error)\n    |   File \"D:\\pyworks\\fastxai\\.venv\\Lib\\site-packages\\starlette\\middleware\\exceptions.py\", line 63, in __call__\n    |     await wrap_app_handling_exceptions(self.app, conn)(scope, receive, send)\n    |   File \"D:\\pyworks\\fastxai\\.venv\\Lib\\site-packages\\starlette\\_exception_handler.py\", line 53, in wrapped_app\n    |     raise exc\n    |   File \"D:\\pyworks\\fastxai\\.venv\\Lib\\site-packages\\starlette\\_exception_handler.py\", line 42, in wrapped_app\n    |     await app(scope, receive, sender)\n    |   File \"D:\\pyworks\\fastxai\\.venv\\Lib\\site-packages\\fastapi\\middleware\\asyncexitstack.py\", line 18, in __call__\n    |     await self.app(scope, receive, send)\n    |   File \"D:\\pyworks\\fastxai\\.venv\\Lib\\site-packages\\starlette\\routing.py\", line 716, in __call__\n    |     await self.middleware_stack(scope, receive, send)\n    |   File \"D:\\pyworks\\fastxai\\.venv\\Lib\\site-packages\\starlette\\routing.py\", line 736, in app\n    |     await route.handle(scope, receive, send)\n    |   File \"D:\\pyworks\\fastxai\\.venv\\Lib\\site-packages\\starlette\\routing.py\", line 290, in handle\n    |     await self.app(scope, receive, send)\n    |   File \"D:\\pyworks\\fastxai\\.venv\\Lib\\site-packages\\fastapi\\routing.py\", line 120, in app\n    |     await wrap_app_handling_exceptions(app, request)(scope, receive, send)\n    |   File \"D:\\pyworks\\fastxai\\.venv\\Lib\\site-packages\\starlette\\_exception_handler.py\", line 53, in wrapped_app\n    |     raise exc\n    |   File \"D:\\pyworks\\fastxai\\.venv\\Lib\\site-packages\\starlette\\_exception_handler.py\", line 42, in wrapped_app\n    |     await app(scope, receive, sender)\n    |   File \"D:\\pyworks\\fastxai\\.venv\\Lib\\site-packages\\fastapi\\routing.py\", line 106, in app\n    |     response = await f(request)\n    |                ^^^^^^^^^^^^^^^^\n    |   File \"D:\\pyworks\\fastxai\\.venv\\Lib\\site-packages\\fastapi\\routing.py\", line 430, in app\n    |     raw_response = await run_endpoint_function(\n    |                    ^^^^^^^^^^^^^^^^^^^^^^^^^^^^\n    |   File \"D:\\pyworks\\fastxai\\.venv\\Lib\\site-packages\\fastapi\\routing.py\", line 316, in run_endpoint_function\n    |     return await dependant.call(**values)\n    |            ^^^^^^^^^^^^^^^^^^^^^^^^^^^^^^\n    |   File \"d:\\pyworks\\fastxai\\app\\main.py\", line 260, in favicon\n    | TypeError: JSONResponse.__init__() missing 1 required positional argument: 'content'\n    +------------------------------------\n\nThe above exception was the direct cause of the following exception:\n\nTraceback (most recent call last):\n  File \"d:\\pyworks\\fastxai\\app\\core\\middleware2.py\", line 97, in dispatch\n    response = await call_next(request)\n               ^^^^^^^^^^^^^^^^^^^^^^^^\n  File \"D:\\pyworks\\fastxai\\.venv\\Lib\\site-packages\\starlette\\middleware\\base.py\", line 168, in call_next\n    raise app_exc from app_exc.__cause__ or app_exc.__context__\n  File \"D:\\pyworks\\fastxai\\.venv\\Lib\\site-packages\\starlette\\middleware\\base.py\", line 144, in coro\n    await self.app(scope, receive_or_disconnect, send_no_error)\n  File \"D:\\pyworks\\fastxai\\.venv\\Lib\\site-packages\\prometheus_fastapi_instrumentator\\middleware.py\", line 177, in __call__\n    raise exc\n  File \"D:\\pyworks\\fastxai\\.venv\\Lib\\site-packages\\prometheus_fastapi_instrumentator\\middleware.py\", line 175, in __call__\n    await self.app(scope, receive, send_wrapper)\n  File \"D:\\pyworks\\fastxai\\.venv\\Lib\\site-packages\\fastapi_profiler\\profiler.py\", line 90, in __call__\n    await self.app(scope, receive, wrapped_send)\n  File \"D:\\pyworks\\fastxai\\.venv\\Lib\\site-packages\\starlette\\middleware\\base.py\", line 191, in __call__\n    with recv_stream, send_stream, collapse_excgroups():\n  File \"C:\\Users\\Chenjf\\AppData\\Roaming\\uv\\python\\cpython-3.11.14-windows-x86_64-none\\Lib\\contextlib.py\", line 158, in __exit__\n    self.gen.throw(typ, value, traceback)\n  File \"D:\\pyworks\\fastxai\\.venv\\Lib\\site-packages\\starlette\\_utils.py\", line 85, in collapse_excgroups\n    raise exc\n  File \"D:\\pyworks\\fastxai\\.venv\\Lib\\site-packages\\starlette\\middleware\\base.py\", line 193, in __call__\n    response = await self.dispatch_func(request, call_next)\n               ^^^^^^^^^^^^^^^^^^^^^^^^^^^^^^^^^^^^^^^^^^^^\n  File \"D:\\pyworks\\fastxai\\.venv\\Lib\\site-packages\\starlette_prometheus\\middleware.py\", line 57, in dispatch\n    raise e from None\n  File \"D:\\pyworks\\fastxai\\.venv\\Lib\\site-packages\\starlette_prometheus\\middleware.py\", line 53, in dispatch\n    response = await call_next(request)\n               ^^^^^^^^^^^^^^^^^^^^^^^^\n  File \"D:\\pyworks\\fastxai\\.venv\\Lib\\site-packages\\starlette\\middleware\\base.py\", line 168, in call_next\n    raise app_exc from app_exc.__cause__ or app_exc.__context__\n  File \"D:\\pyworks\\fastxai\\.venv\\Lib\\site-packages\\starlette\\middleware\\base.py\", line 144, in coro\n    await self.app(scope, receive_or_disconnect, send_no_error)\n  File \"D:\\pyworks\\fastxai\\.venv\\Lib\\site-packages\\starlette\\middleware\\exceptions.py\", line 63, in __call__\n    await wrap_app_handling_exceptions(self.app, conn)(scope, receive, send)\n  File \"D:\\pyworks\\fastxai\\.venv\\Lib\\site-packages\\starlette\\_exception_handler.py\", line 53, in wrapped_app\n    raise exc\n  File \"D:\\pyworks\\fastxai\\.venv\\Lib\\site-packages\\starlette\\_exception_handler.py\", line 42, in wrapped_app\n    await app(scope, receive, sender)\n  File \"D:\\pyworks\\fastxai\\.venv\\Lib\\site-packages\\fastapi\\middleware\\asyncexitstack.py\", line 18, in __call__\n    await self.app(scope, receive, send)\n  File \"D:\\pyworks\\fastxai\\.venv\\Lib\\site-packages\\starlette\\routing.py\", line 716, in __call__\n    await self.middleware_stack(scope, receive, send)\n  File \"D:\\pyworks\\fastxai\\.venv\\Lib\\site-packages\\starlette\\routing.py\", line 736, in app\n    await route.handle(scope, receive, send)\n  File \"D:\\pyworks\\fastxai\\.venv\\Lib\\site-packages\\starlette\\routing.py\", line 290, in handle\n    await self.app(scope, receive, send)\n  File \"D:\\pyworks\\fastxai\\.venv\\Lib\\site-packages\\fastapi\\routing.py\", line 120, in app\n    await wrap_app_handling_exceptions(app, request)(scope, receive, send)\n  File \"D:\\pyworks\\fastxai\\.venv\\Lib\\site-packages\\starlette\\_exception_handler.py\", line 53, in wrapped_app\n    raise exc\n  File \"D:\\pyworks\\fastxai\\.venv\\Lib\\site-packages\\starlette\\_exception_handler.py\", line 42, in wrapped_app\n    await app(scope, receive, sender)\n  File \"D:\\pyworks\\fastxai\\.venv\\Lib\\site-packages\\fastapi\\routing.py\", line 106, in app\n    response = await f(request)\n               ^^^^^^^^^^^^^^^^\n  File \"D:\\pyworks\\fastxai\\.venv\\Lib\\site-packages\\fastapi\\routing.py\", line 430, in app\n    raw_response = await run_endpoint_function(\n                   ^^^^^^^^^^^^^^^^^^^^^^^^^^^^\n  File \"D:\\pyworks\\fastxai\\.venv\\Lib\\site-packages\\fastapi\\routing.py\", line 316, in run_endpoint_function\n    return await dependant.call(**values)\n           ^^^^^^^^^^^^^^^^^^^^^^^^^^^^^^\n  File \"d:\\pyworks\\fastxai\\app\\main.py\", line 260, in favicon\nTypeError: JSONResponse.__init__() missing 1 required positional argument: 'content'", "event": "Request failed", "timestamp": "2025-12-10T06:34:16.762583Z", "trace_id": "06939146-8a1b-7cd3-8000-8fe8d49475ea", "status_code": 500, "correlation_id": "", "session_id": "", "request_id": "06939146-8a1b-7cd3-8000-8fe8d49475ea", "client_ip": "127.0.0.1", "correlattion_id": "06939146-8a1b-7cd3-8000-8fe8d49475ea", "endpoint": "/favicon.ico", "http_method": "GET", "user_id": "anonymous", "trace_idd": "", "level": "error"}
2025-12-10 14:34:16.777 | ERROR    | _base.py:223 (_proxy_to_logger) | {"request_id": "", "error": "JSONResponse.__init__() missing 1 required positional argument: 'content'", "client_ip": "", "path": "/favicon.ico", "event": "Request error", "timestamp": "2025-12-10T06:34:16.776315Z", "level": "error", "user_id": "", "trace_idd": "", "endpoint": "", "correlation_id": "", "session_id": ""}
2025-12-10 14:34:16.795 | CRITICAL | _base.py:223 (_proxy_to_logger) | {"endpoint": "", "client_ip": "", "event": "Unhandled exception", "timestamp": "2025-12-10T06:34:16.778599Z", "exception": "  + Exception Group Traceback (most recent call last):\n  |   File \"D:\\pyworks\\fastxai\\.venv\\Lib\\site-packages\\starlette\\_utils.py\", line 79, in collapse_excgroups\n  |     yield\n  |   File \"D:\\pyworks\\fastxai\\.venv\\Lib\\site-packages\\starlette\\middleware\\base.py\", line 192, in __call__\n  |     async with anyio.create_task_group() as task_group:\n  |   File \"D:\\pyworks\\fastxai\\.venv\\Lib\\site-packages\\anyio\\_backends\\_asyncio.py\", line 783, in __aexit__\n  |     raise BaseExceptionGroup(\n  | ExceptionGroup: unhandled errors in a TaskGroup (1 sub-exception)\n  +-+---------------- 1 ----------------\n    | Traceback (most recent call last):\n    |   File \"D:\\pyworks\\fastxai\\.venv\\Lib\\site-packages\\starlette\\middleware\\errors.py\", line 164, in __call__\n    |     await self.app(scope, receive, _send)\n    |   File \"D:\\pyworks\\fastxai\\.venv\\Lib\\site-packages\\starlette\\middleware\\base.py\", line 191, in __call__\n    |     with recv_stream, send_stream, collapse_excgroups():\n    |   File \"C:\\Users\\Chenjf\\AppData\\Roaming\\uv\\python\\cpython-3.11.14-windows-x86_64-none\\Lib\\contextlib.py\", line 158, in __exit__\n    |     self.gen.throw(typ, value, traceback)\n    |   File \"D:\\pyworks\\fastxai\\.venv\\Lib\\site-packages\\starlette\\_utils.py\", line 85, in collapse_excgroups\n    |     raise exc\n    |   File \"D:\\pyworks\\fastxai\\.venv\\Lib\\site-packages\\starlette\\middleware\\base.py\", line 193, in __call__\n    |     response = await self.dispatch_func(request, call_next)\n    |                ^^^^^^^^^^^^^^^^^^^^^^^^^^^^^^^^^^^^^^^^^^^^\n    |   File \"d:\\pyworks\\fastxai\\app\\core\\middlewares.py\", line 258, in xss_protection\n    |     response = await call_next(request)\n    |                ^^^^^^^^^^^^^^^^^^^^^^^^\n    |   File \"D:\\pyworks\\fastxai\\.venv\\Lib\\site-packages\\starlette\\middleware\\base.py\", line 168, in call_next\n    |     raise app_exc from app_exc.__cause__ or app_exc.__context__\n    |   File \"D:\\pyworks\\fastxai\\.venv\\Lib\\site-packages\\starlette\\middleware\\base.py\", line 144, in coro\n    |     await self.app(scope, receive_or_disconnect, send_no_error)\n    |   File \"D:\\pyworks\\fastxai\\.venv\\Lib\\site-packages\\starlette\\middleware\\base.py\", line 191, in __call__\n    |     with recv_stream, send_stream, collapse_excgroups():\n    |   File \"C:\\Users\\Chenjf\\AppData\\Roaming\\uv\\python\\cpython-3.11.14-windows-x86_64-none\\Lib\\contextlib.py\", line 158, in __exit__\n    |     self.gen.throw(typ, value, traceback)\n    |   File \"D:\\pyworks\\fastxai\\.venv\\Lib\\site-packages\\starlette\\_utils.py\", line 85, in collapse_excgroups\n    |     raise exc\n    |   File \"D:\\pyworks\\fastxai\\.venv\\Lib\\site-packages\\starlette\\middleware\\base.py\", line 193, in __call__\n    |     response = await self.dispatch_func(request, call_next)\n    |                ^^^^^^^^^^^^^^^^^^^^^^^^^^^^^^^^^^^^^^^^^^^^\n    |   File \"d:\\pyworks\\fastxai\\app\\core\\middlewares.py\", line 253, in sql_injection_protection\n    |     return await call_next(request)\n    |            ^^^^^^^^^^^^^^^^^^^^^^^^\n    |   File \"D:\\pyworks\\fastxai\\.venv\\Lib\\site-packages\\starlette\\middleware\\base.py\", line 168, in call_next\n    |     raise app_exc from app_exc.__cause__ or app_exc.__context__\n    |   File \"D:\\pyworks\\fastxai\\.venv\\Lib\\site-packages\\starlette\\middleware\\base.py\", line 144, in coro\n    |     await self.app(scope, receive_or_disconnect, send_no_error)\n    |   File \"D:\\pyworks\\fastxai\\.venv\\Lib\\site-packages\\starlette\\middleware\\base.py\", line 191, in __call__\n    |     with recv_stream, send_stream, collapse_excgroups():\n    |   File \"C:\\Users\\Chenjf\\AppData\\Roaming\\uv\\python\\cpython-3.11.14-windows-x86_64-none\\Lib\\contextlib.py\", line 158, in __exit__\n    |     self.gen.throw(typ, value, traceback)\n    |   File \"D:\\pyworks\\fastxai\\.venv\\Lib\\site-packages\\starlette\\_utils.py\", line 85, in collapse_excgroups\n    |     raise exc\n    |   File \"D:\\pyworks\\fastxai\\.venv\\Lib\\site-packages\\starlette\\middleware\\base.py\", line 193, in __call__\n    |     response = await self.dispatch_func(request, call_next)\n    |                ^^^^^^^^^^^^^^^^^^^^^^^^^^^^^^^^^^^^^^^^^^^^\n    |   File \"d:\\pyworks\\fastxai\\app\\core\\middlewares.py\", line 175, in add_security_headers\n    |     response = await call_next(request)\n    |                ^^^^^^^^^^^^^^^^^^^^^^^^\n    |   File \"D:\\pyworks\\fastxai\\.venv\\Lib\\site-packages\\starlette\\middleware\\base.py\", line 168, in call_next\n    |     raise app_exc from app_exc.__cause__ or app_exc.__context__\n    |   File \"D:\\pyworks\\fastxai\\.venv\\Lib\\site-packages\\starlette\\middleware\\base.py\", line 144, in coro\n    |     await self.app(scope, receive_or_disconnect, send_no_error)\n    |   File \"D:\\pyworks\\fastxai\\.venv\\Lib\\site-packages\\starlette\\middleware\\gzip.py\", line 29, in __call__\n    |     await responder(scope, receive, send)\n    |   File \"D:\\pyworks\\fastxai\\.venv\\Lib\\site-packages\\starlette\\middleware\\gzip.py\", line 130, in __call__\n    |     await super().__call__(scope, receive, send)\n    |   File \"D:\\pyworks\\fastxai\\.venv\\Lib\\site-packages\\starlette\\middleware\\gzip.py\", line 46, in __call__\n    |     await self.app(scope, receive, self.send_with_compression)\n    |   File \"D:\\pyworks\\fastxai\\.venv\\Lib\\site-packages\\starlette\\middleware\\cors.py\", line 85, in __call__\n    |     await self.app(scope, receive, send)\n    |   File \"D:\\pyworks\\fastxai\\.venv\\Lib\\site-packages\\starlette\\middleware\\base.py\", line 191, in __call__\n    |     with recv_stream, send_stream, collapse_excgroups():\n    |   File \"C:\\Users\\Chenjf\\AppData\\Roaming\\uv\\python\\cpython-3.11.14-windows-x86_64-none\\Lib\\contextlib.py\", line 158, in __exit__\n    |     self.gen.throw(typ, value, traceback)\n    |   File \"D:\\pyworks\\fastxai\\.venv\\Lib\\site-packages\\starlette\\_utils.py\", line 85, in collapse_excgroups\n    |     raise exc\n    |   File \"D:\\pyworks\\fastxai\\.venv\\Lib\\site-packages\\starlette\\middleware\\base.py\", line 193, in __call__\n    |     response = await self.dispatch_func(request, call_next)\n    |                ^^^^^^^^^^^^^^^^^^^^^^^^^^^^^^^^^^^^^^^^^^^^\n    |   File \"D:\\pyworks\\fastxai\\.venv\\Lib\\site-packages\\slowapi\\middleware.py\", line 136, in dispatch\n    |     response = await call_next(request)\n    |                ^^^^^^^^^^^^^^^^^^^^^^^^\n    |   File \"D:\\pyworks\\fastxai\\.venv\\Lib\\site-packages\\starlette\\middleware\\base.py\", line 168, in call_next\n    |     raise app_exc from app_exc.__cause__ or app_exc.__context__\n    |   File \"D:\\pyworks\\fastxai\\.venv\\Lib\\site-packages\\starlette\\middleware\\base.py\", line 144, in coro\n    |     await self.app(scope, receive_or_disconnect, send_no_error)\n    |   File \"D:\\pyworks\\fastxai\\.venv\\Lib\\site-packages\\starlette\\middleware\\base.py\", line 191, in __call__\n    |     with recv_stream, send_stream, collapse_excgroups():\n    |   File \"C:\\Users\\Chenjf\\AppData\\Roaming\\uv\\python\\cpython-3.11.14-windows-x86_64-none\\Lib\\contextlib.py\", line 158, in __exit__\n    |     self.gen.throw(typ, value, traceback)\n    |   File \"D:\\pyworks\\fastxai\\.venv\\Lib\\site-packages\\starlette\\_utils.py\", line 85, in collapse_excgroups\n    |     raise exc\n    |   File \"D:\\pyworks\\fastxai\\.venv\\Lib\\site-packages\\starlette\\middleware\\base.py\", line 193, in __call__\n    |     response = await self.dispatch_func(request, call_next)\n    |                ^^^^^^^^^^^^^^^^^^^^^^^^^^^^^^^^^^^^^^^^^^^^\n    |   File \"d:\\pyworks\\fastxai\\app\\core\\middleware2.py\", line 133, in dispatch\n    |     response = await call_next(request)\n    |                ^^^^^^^^^^^^^^^^^^^^^^^^\n    |   File \"D:\\pyworks\\fastxai\\.venv\\Lib\\site-packages\\starlette\\middleware\\base.py\", line 168, in call_next\n    |     raise app_exc from app_exc.__cause__ or app_exc.__context__\n    |   File \"D:\\pyworks\\fastxai\\.venv\\Lib\\site-packages\\starlette\\middleware\\base.py\", line 144, in coro\n    |     await self.app(scope, receive_or_disconnect, send_no_error)\n    |   File \"D:\\pyworks\\fastxai\\.venv\\Lib\\site-packages\\starlette\\middleware\\base.py\", line 191, in __call__\n    |     with recv_stream, send_stream, collapse_excgroups():\n    |   File \"C:\\Users\\Chenjf\\AppData\\Roaming\\uv\\python\\cpython-3.11.14-windows-x86_64-none\\Lib\\contextlib.py\", line 158, in __exit__\n    |     self.gen.throw(typ, value, traceback)\n    |   File \"D:\\pyworks\\fastxai\\.venv\\Lib\\site-packages\\starlette\\_utils.py\", line 85, in collapse_excgroups\n    |     raise exc\n    |   File \"D:\\pyworks\\fastxai\\.venv\\Lib\\site-packages\\starlette\\middleware\\base.py\", line 193, in __call__\n    |     response = await self.dispatch_func(request, call_next)\n    |                ^^^^^^^^^^^^^^^^^^^^^^^^^^^^^^^^^^^^^^^^^^^^\n    |   File \"d:\\pyworks\\fastxai\\app\\core\\middleware2.py\", line 97, in dispatch\n    |     response = await call_next(request)\n    |                ^^^^^^^^^^^^^^^^^^^^^^^^\n    |   File \"D:\\pyworks\\fastxai\\.venv\\Lib\\site-packages\\starlette\\middleware\\base.py\", line 168, in call_next\n    |     raise app_exc from app_exc.__cause__ or app_exc.__context__\n    |   File \"D:\\pyworks\\fastxai\\.venv\\Lib\\site-packages\\starlette\\middleware\\base.py\", line 144, in coro\n    |     await self.app(scope, receive_or_disconnect, send_no_error)\n    |   File \"D:\\pyworks\\fastxai\\.venv\\Lib\\site-packages\\prometheus_fastapi_instrumentator\\middleware.py\", line 177, in __call__\n    |     raise exc\n    |   File \"D:\\pyworks\\fastxai\\.venv\\Lib\\site-packages\\prometheus_fastapi_instrumentator\\middleware.py\", line 175, in __call__\n    |     await self.app(scope, receive, send_wrapper)\n    |   File \"D:\\pyworks\\fastxai\\.venv\\Lib\\site-packages\\fastapi_profiler\\profiler.py\", line 90, in __call__\n    |     await self.app(scope, receive, wrapped_send)\n    |   File \"D:\\pyworks\\fastxai\\.venv\\Lib\\site-packages\\starlette\\middleware\\base.py\", line 191, in __call__\n    |     with recv_stream, send_stream, collapse_excgroups():\n    |   File \"C:\\Users\\Chenjf\\AppData\\Roaming\\uv\\python\\cpython-3.11.14-windows-x86_64-none\\Lib\\contextlib.py\", line 158, in __exit__\n    |     self.gen.throw(typ, value, traceback)\n    |   File \"D:\\pyworks\\fastxai\\.venv\\Lib\\site-packages\\starlette\\_utils.py\", line 85, in collapse_excgroups\n    |     raise exc\n    |   File \"D:\\pyworks\\fastxai\\.venv\\Lib\\site-packages\\starlette\\middleware\\base.py\", line 193, in __call__\n    |     response = await self.dispatch_func(request, call_next)\n    |                ^^^^^^^^^^^^^^^^^^^^^^^^^^^^^^^^^^^^^^^^^^^^\n    |   File \"D:\\pyworks\\fastxai\\.venv\\Lib\\site-packages\\starlette_prometheus\\middleware.py\", line 57, in dispatch\n    |     raise e from None\n    |   File \"D:\\pyworks\\fastxai\\.venv\\Lib\\site-packages\\starlette_prometheus\\middleware.py\", line 53, in dispatch\n    |     response = await call_next(request)\n    |                ^^^^^^^^^^^^^^^^^^^^^^^^\n    |   File \"D:\\pyworks\\fastxai\\.venv\\Lib\\site-packages\\starlette\\middleware\\base.py\", line 168, in call_next\n    |     raise app_exc from app_exc.__cause__ or app_exc.__context__\n    |   File \"D:\\pyworks\\fastxai\\.venv\\Lib\\site-packages\\starlette\\middleware\\base.py\", line 144, in coro\n    |     await self.app(scope, receive_or_disconnect, send_no_error)\n    |   File \"D:\\pyworks\\fastxai\\.venv\\Lib\\site-packages\\starlette\\middleware\\exceptions.py\", line 63, in __call__\n    |     await wrap_app_handling_exceptions(self.app, conn)(scope, receive, send)\n    |   File \"D:\\pyworks\\fastxai\\.venv\\Lib\\site-packages\\starlette\\_exception_handler.py\", line 53, in wrapped_app\n    |     raise exc\n    |   File \"D:\\pyworks\\fastxai\\.venv\\Lib\\site-packages\\starlette\\_exception_handler.py\", line 42, in wrapped_app\n    |     await app(scope, receive, sender)\n    |   File \"D:\\pyworks\\fastxai\\.venv\\Lib\\site-packages\\fastapi\\middleware\\asyncexitstack.py\", line 18, in __call__\n    |     await self.app(scope, receive, send)\n    |   File \"D:\\pyworks\\fastxai\\.venv\\Lib\\site-packages\\starlette\\routing.py\", line 716, in __call__\n    |     await self.middleware_stack(scope, receive, send)\n    |   File \"D:\\pyworks\\fastxai\\.venv\\Lib\\site-packages\\starlette\\routing.py\", line 736, in app\n    |     await route.handle(scope, receive, send)\n    |   File \"D:\\pyworks\\fastxai\\.venv\\Lib\\site-packages\\starlette\\routing.py\", line 290, in handle\n    |     await self.app(scope, receive, send)\n    |   File \"D:\\pyworks\\fastxai\\.venv\\Lib\\site-packages\\fastapi\\routing.py\", line 120, in app\n    |     await wrap_app_handling_exceptions(app, request)(scope, receive, send)\n    |   File \"D:\\pyworks\\fastxai\\.venv\\Lib\\site-packages\\starlette\\_exception_handler.py\", line 53, in wrapped_app\n    |     raise exc\n    |   File \"D:\\pyworks\\fastxai\\.venv\\Lib\\site-packages\\starlette\\_exception_handler.py\", line 42, in wrapped_app\n    |     await app(scope, receive, sender)\n    |   File \"D:\\pyworks\\fastxai\\.venv\\Lib\\site-packages\\fastapi\\routing.py\", line 106, in app\n    |     response = await f(request)\n    |                ^^^^^^^^^^^^^^^^\n    |   File \"D:\\pyworks\\fastxai\\.venv\\Lib\\site-packages\\fastapi\\routing.py\", line 430, in app\n    |     raw_response = await run_endpoint_function(\n    |                    ^^^^^^^^^^^^^^^^^^^^^^^^^^^^\n    |   File \"D:\\pyworks\\fastxai\\.venv\\Lib\\site-packages\\fastapi\\routing.py\", line 316, in run_endpoint_function\n    |     return await dependant.call(**values)\n    |            ^^^^^^^^^^^^^^^^^^^^^^^^^^^^^^\n    |   File \"d:\\pyworks\\fastxai\\app\\main.py\", line 260, in favicon\n    | TypeError: JSONResponse.__init__() missing 1 required positional argument: 'content'\n    +------------------------------------\n\nThe above exception was the direct cause of the following exception:\n\nTraceback (most recent call last):\n  File \"D:\\pyworks\\fastxai\\.venv\\Lib\\site-packages\\starlette\\middleware\\errors.py\", line 164, in __call__\n    await self.app(scope, receive, _send)\n  File \"D:\\pyworks\\fastxai\\.venv\\Lib\\site-packages\\starlette\\middleware\\base.py\", line 191, in __call__\n    with recv_stream, send_stream, collapse_excgroups():\n  File \"C:\\Users\\Chenjf\\AppData\\Roaming\\uv\\python\\cpython-3.11.14-windows-x86_64-none\\Lib\\contextlib.py\", line 158, in __exit__\n    self.gen.throw(typ, value, traceback)\n  File \"D:\\pyworks\\fastxai\\.venv\\Lib\\site-packages\\starlette\\_utils.py\", line 85, in collapse_excgroups\n    raise exc\n  File \"D:\\pyworks\\fastxai\\.venv\\Lib\\site-packages\\starlette\\middleware\\base.py\", line 193, in __call__\n    response = await self.dispatch_func(request, call_next)\n               ^^^^^^^^^^^^^^^^^^^^^^^^^^^^^^^^^^^^^^^^^^^^\n  File \"d:\\pyworks\\fastxai\\app\\core\\middlewares.py\", line 258, in xss_protection\n    response = await call_next(request)\n               ^^^^^^^^^^^^^^^^^^^^^^^^\n  File \"D:\\pyworks\\fastxai\\.venv\\Lib\\site-packages\\starlette\\middleware\\base.py\", line 168, in call_next\n    raise app_exc from app_exc.__cause__ or app_exc.__context__\n  File \"D:\\pyworks\\fastxai\\.venv\\Lib\\site-packages\\starlette\\middleware\\base.py\", line 144, in coro\n    await self.app(scope, receive_or_disconnect, send_no_error)\n  File \"D:\\pyworks\\fastxai\\.venv\\Lib\\site-packages\\starlette\\middleware\\base.py\", line 191, in __call__\n    with recv_stream, send_stream, collapse_excgroups():\n  File \"C:\\Users\\Chenjf\\AppData\\Roaming\\uv\\python\\cpython-3.11.14-windows-x86_64-none\\Lib\\contextlib.py\", line 158, in __exit__\n    self.gen.throw(typ, value, traceback)\n  File \"D:\\pyworks\\fastxai\\.venv\\Lib\\site-packages\\starlette\\_utils.py\", line 85, in collapse_excgroups\n    raise exc\n  File \"D:\\pyworks\\fastxai\\.venv\\Lib\\site-packages\\starlette\\middleware\\base.py\", line 193, in __call__\n    response = await self.dispatch_func(request, call_next)\n               ^^^^^^^^^^^^^^^^^^^^^^^^^^^^^^^^^^^^^^^^^^^^\n  File \"d:\\pyworks\\fastxai\\app\\core\\middlewares.py\", line 253, in sql_injection_protection\n    return await call_next(request)\n           ^^^^^^^^^^^^^^^^^^^^^^^^\n  File \"D:\\pyworks\\fastxai\\.venv\\Lib\\site-packages\\starlette\\middleware\\base.py\", line 168, in call_next\n    raise app_exc from app_exc.__cause__ or app_exc.__context__\n  File \"D:\\pyworks\\fastxai\\.venv\\Lib\\site-packages\\starlette\\middleware\\base.py\", line 144, in coro\n    await self.app(scope, receive_or_disconnect, send_no_error)\n  File \"D:\\pyworks\\fastxai\\.venv\\Lib\\site-packages\\starlette\\middleware\\base.py\", line 191, in __call__\n    with recv_stream, send_stream, collapse_excgroups():\n  File \"C:\\Users\\Chenjf\\AppData\\Roaming\\uv\\python\\cpython-3.11.14-windows-x86_64-none\\Lib\\contextlib.py\", line 158, in __exit__\n    self.gen.throw(typ, value, traceback)\n  File \"D:\\pyworks\\fastxai\\.venv\\Lib\\site-packages\\starlette\\_utils.py\", line 85, in collapse_excgroups\n    raise exc\n  File \"D:\\pyworks\\fastxai\\.venv\\Lib\\site-packages\\starlette\\middleware\\base.py\", line 193, in __call__\n    response = await self.dispatch_func(request, call_next)\n               ^^^^^^^^^^^^^^^^^^^^^^^^^^^^^^^^^^^^^^^^^^^^\n  File \"d:\\pyworks\\fastxai\\app\\core\\middlewares.py\", line 175, in add_security_headers\n    response = await call_next(request)\n               ^^^^^^^^^^^^^^^^^^^^^^^^\n  File \"D:\\pyworks\\fastxai\\.venv\\Lib\\site-packages\\starlette\\middleware\\base.py\", line 168, in call_next\n    raise app_exc from app_exc.__cause__ or app_exc.__context__\n  File \"D:\\pyworks\\fastxai\\.venv\\Lib\\site-packages\\starlette\\middleware\\base.py\", line 144, in coro\n    await self.app(scope, receive_or_disconnect, send_no_error)\n  File \"D:\\pyworks\\fastxai\\.venv\\Lib\\site-packages\\starlette\\middleware\\gzip.py\", line 29, in __call__\n    await responder(scope, receive, send)\n  File \"D:\\pyworks\\fastxai\\.venv\\Lib\\site-packages\\starlette\\middleware\\gzip.py\", line 130, in __call__\n    await super().__call__(scope, receive, send)\n  File \"D:\\pyworks\\fastxai\\.venv\\Lib\\site-packages\\starlette\\middleware\\gzip.py\", line 46, in __call__\n    await self.app(scope, receive, self.send_with_compression)\n  File \"D:\\pyworks\\fastxai\\.venv\\Lib\\site-packages\\starlette\\middleware\\cors.py\", line 85, in __call__\n    await self.app(scope, receive, send)\n  File \"D:\\pyworks\\fastxai\\.venv\\Lib\\site-packages\\starlette\\middleware\\base.py\", line 191, in __call__\n    with recv_stream, send_stream, collapse_excgroups():\n  File \"C:\\Users\\Chenjf\\AppData\\Roaming\\uv\\python\\cpython-3.11.14-windows-x86_64-none\\Lib\\contextlib.py\", line 158, in __exit__\n    self.gen.throw(typ, value, traceback)\n  File \"D:\\pyworks\\fastxai\\.venv\\Lib\\site-packages\\starlette\\_utils.py\", line 85, in collapse_excgroups\n    raise exc\n  File \"D:\\pyworks\\fastxai\\.venv\\Lib\\site-packages\\starlette\\middleware\\base.py\", line 193, in __call__\n    response = await self.dispatch_func(request, call_next)\n               ^^^^^^^^^^^^^^^^^^^^^^^^^^^^^^^^^^^^^^^^^^^^\n  File \"D:\\pyworks\\fastxai\\.venv\\Lib\\site-packages\\slowapi\\middleware.py\", line 136, in dispatch\n    response = await call_next(request)\n               ^^^^^^^^^^^^^^^^^^^^^^^^\n  File \"D:\\pyworks\\fastxai\\.venv\\Lib\\site-packages\\starlette\\middleware\\base.py\", line 168, in call_next\n    raise app_exc from app_exc.__cause__ or app_exc.__context__\n  File \"D:\\pyworks\\fastxai\\.venv\\Lib\\site-packages\\starlette\\middleware\\base.py\", line 144, in coro\n    await self.app(scope, receive_or_disconnect, send_no_error)\n  File \"D:\\pyworks\\fastxai\\.venv\\Lib\\site-packages\\starlette\\middleware\\base.py\", line 191, in __call__\n    with recv_stream, send_stream, collapse_excgroups():\n  File \"C:\\Users\\Chenjf\\AppData\\Roaming\\uv\\python\\cpython-3.11.14-windows-x86_64-none\\Lib\\contextlib.py\", line 158, in __exit__\n    self.gen.throw(typ, value, traceback)\n  File \"D:\\pyworks\\fastxai\\.venv\\Lib\\site-packages\\starlette\\_utils.py\", line 85, in collapse_excgroups\n    raise exc\n  File \"D:\\pyworks\\fastxai\\.venv\\Lib\\site-packages\\starlette\\middleware\\base.py\", line 193, in __call__\n    response = await self.dispatch_func(request, call_next)\n               ^^^^^^^^^^^^^^^^^^^^^^^^^^^^^^^^^^^^^^^^^^^^\n  File \"d:\\pyworks\\fastxai\\app\\core\\middleware2.py\", line 133, in dispatch\n    response = await call_next(request)\n               ^^^^^^^^^^^^^^^^^^^^^^^^\n  File \"D:\\pyworks\\fastxai\\.venv\\Lib\\site-packages\\starlette\\middleware\\base.py\", line 168, in call_next\n    raise app_exc from app_exc.__cause__ or app_exc.__context__\n  File \"D:\\pyworks\\fastxai\\.venv\\Lib\\site-packages\\starlette\\middleware\\base.py\", line 144, in coro\n    await self.app(scope, receive_or_disconnect, send_no_error)\n  File \"D:\\pyworks\\fastxai\\.venv\\Lib\\site-packages\\starlette\\middleware\\base.py\", line 191, in __call__\n    with recv_stream, send_stream, collapse_excgroups():\n  File \"C:\\Users\\Chenjf\\AppData\\Roaming\\uv\\python\\cpython-3.11.14-windows-x86_64-none\\Lib\\contextlib.py\", line 158, in __exit__\n    self.gen.throw(typ, value, traceback)\n  File \"D:\\pyworks\\fastxai\\.venv\\Lib\\site-packages\\starlette\\_utils.py\", line 85, in collapse_excgroups\n    raise exc\n  File \"D:\\pyworks\\fastxai\\.venv\\Lib\\site-packages\\starlette\\middleware\\base.py\", line 193, in __call__\n    response = await self.dispatch_func(request, call_next)\n               ^^^^^^^^^^^^^^^^^^^^^^^^^^^^^^^^^^^^^^^^^^^^\n  File \"d:\\pyworks\\fastxai\\app\\core\\middleware2.py\", line 97, in dispatch\n    response = await call_next(request)\n               ^^^^^^^^^^^^^^^^^^^^^^^^\n  File \"D:\\pyworks\\fastxai\\.venv\\Lib\\site-packages\\starlette\\middleware\\base.py\", line 168, in call_next\n    raise app_exc from app_exc.__cause__ or app_exc.__context__\n  File \"D:\\pyworks\\fastxai\\.venv\\Lib\\site-packages\\starlette\\middleware\\base.py\", line 144, in coro\n    await self.app(scope, receive_or_disconnect, send_no_error)\n  File \"D:\\pyworks\\fastxai\\.venv\\Lib\\site-packages\\prometheus_fastapi_instrumentator\\middleware.py\", line 177, in __call__\n    raise exc\n  File \"D:\\pyworks\\fastxai\\.venv\\Lib\\site-packages\\prometheus_fastapi_instrumentator\\middleware.py\", line 175, in __call__\n    await self.app(scope, receive, send_wrapper)\n  File \"D:\\pyworks\\fastxai\\.venv\\Lib\\site-packages\\fastapi_profiler\\profiler.py\", line 90, in __call__\n    await self.app(scope, receive, wrapped_send)\n  File \"D:\\pyworks\\fastxai\\.venv\\Lib\\site-packages\\starlette\\middleware\\base.py\", line 191, in __call__\n    with recv_stream, send_stream, collapse_excgroups():\n  File \"C:\\Users\\Chenjf\\AppData\\Roaming\\uv\\python\\cpython-3.11.14-windows-x86_64-none\\Lib\\contextlib.py\", line 158, in __exit__\n    self.gen.throw(typ, value, traceback)\n  File \"D:\\pyworks\\fastxai\\.venv\\Lib\\site-packages\\starlette\\_utils.py\", line 85, in collapse_excgroups\n    raise exc\n  File \"D:\\pyworks\\fastxai\\.venv\\Lib\\site-packages\\starlette\\middleware\\base.py\", line 193, in __call__\n    response = await self.dispatch_func(request, call_next)\n               ^^^^^^^^^^^^^^^^^^^^^^^^^^^^^^^^^^^^^^^^^^^^\n  File \"D:\\pyworks\\fastxai\\.venv\\Lib\\site-packages\\starlette_prometheus\\middleware.py\", line 57, in dispatch\n    raise e from None\n  File \"D:\\pyworks\\fastxai\\.venv\\Lib\\site-packages\\starlette_prometheus\\middleware.py\", line 53, in dispatch\n    response = await call_next(request)\n               ^^^^^^^^^^^^^^^^^^^^^^^^\n  File \"D:\\pyworks\\fastxai\\.venv\\Lib\\site-packages\\starlette\\middleware\\base.py\", line 168, in call_next\n    raise app_exc from app_exc.__cause__ or app_exc.__context__\n  File \"D:\\pyworks\\fastxai\\.venv\\Lib\\site-packages\\starlette\\middleware\\base.py\", line 144, in coro\n    await self.app(scope, receive_or_disconnect, send_no_error)\n  File \"D:\\pyworks\\fastxai\\.venv\\Lib\\site-packages\\starlette\\middleware\\exceptions.py\", line 63, in __call__\n    await wrap_app_handling_exceptions(self.app, conn)(scope, receive, send)\n  File \"D:\\pyworks\\fastxai\\.venv\\Lib\\site-packages\\starlette\\_exception_handler.py\", line 53, in wrapped_app\n    raise exc\n  File \"D:\\pyworks\\fastxai\\.venv\\Lib\\site-packages\\starlette\\_exception_handler.py\", line 42, in wrapped_app\n    await app(scope, receive, sender)\n  File \"D:\\pyworks\\fastxai\\.venv\\Lib\\site-packages\\fastapi\\middleware\\asyncexitstack.py\", line 18, in __call__\n    await self.app(scope, receive, send)\n  File \"D:\\pyworks\\fastxai\\.venv\\Lib\\site-packages\\starlette\\routing.py\", line 716, in __call__\n    await self.middleware_stack(scope, receive, send)\n  File \"D:\\pyworks\\fastxai\\.venv\\Lib\\site-packages\\starlette\\routing.py\", line 736, in app\n    await route.handle(scope, receive, send)\n  File \"D:\\pyworks\\fastxai\\.venv\\Lib\\site-packages\\starlette\\routing.py\", line 290, in handle\n    await self.app(scope, receive, send)\n  File \"D:\\pyworks\\fastxai\\.venv\\Lib\\site-packages\\fastapi\\routing.py\", line 120, in app\n    await wrap_app_handling_exceptions(app, request)(scope, receive, send)\n  File \"D:\\pyworks\\fastxai\\.venv\\Lib\\site-packages\\starlette\\_exception_handler.py\", line 53, in wrapped_app\n    raise exc\n  File \"D:\\pyworks\\fastxai\\.venv\\Lib\\site-packages\\starlette\\_exception_handler.py\", line 42, in wrapped_app\n    await app(scope, receive, sender)\n  File \"D:\\pyworks\\fastxai\\.venv\\Lib\\site-packages\\fastapi\\routing.py\", line 106, in app\n    response = await f(request)\n               ^^^^^^^^^^^^^^^^\n  File \"D:\\pyworks\\fastxai\\.venv\\Lib\\site-packages\\fastapi\\routing.py\", line 430, in app\n    raw_response = await run_endpoint_function(\n                   ^^^^^^^^^^^^^^^^^^^^^^^^^^^^\n  File \"D:\\pyworks\\fastxai\\.venv\\Lib\\site-packages\\fastapi\\routing.py\", line 316, in run_endpoint_function\n    return await dependant.call(**values)\n           ^^^^^^^^^^^^^^^^^^^^^^^^^^^^^^\n  File \"d:\\pyworks\\fastxai\\app\\main.py\", line 260, in favicon\nTypeError: JSONResponse.__init__() missing 1 required positional argument: 'content'", "level": "critical", "request_id": "", "user_id": "", "trace_idd": "", "correlation_id": "", "session_id": ""}
2025-12-10 14:35:47.850 | INFO     | _base.py:223 (_proxy_to_logger) | {"event": "Process 69208: Write engine 0 disposed", "timestamp": "2025-12-10T06:35:47.850799Z", "correlation_id": "", "session_id": "", "request_id": "", "client_ip": "", "endpoint": "", "user_id": "", "trace_idd": "", "level": "info"}
2025-12-10 14:35:47.860 | INFO     | _base.py:223 (_proxy_to_logger) | {"event": "Process 69208: Read engine 0 disposed", "timestamp": "2025-12-10T06:35:47.860639Z", "correlation_id": "", "session_id": "", "request_id": "", "client_ip": "", "endpoint": "", "user_id": "", "trace_idd": "", "level": "info"}
2025-12-10 14:35:47.861 | INFO     | _base.py:223 (_proxy_to_logger) | {"event": "Process 69208: DB manager closed", "timestamp": "2025-12-10T06:35:47.861604Z", "correlation_id": "", "session_id": "", "request_id": "", "client_ip": "", "endpoint": "", "user_id": "", "trace_idd": "", "level": "info"}
2025-12-10 14:35:47.861 | INFO     | _base.py:223 (_proxy_to_logger) | {"event": "Shutting down security services", "timestamp": "2025-12-10T06:35:47.861604Z", "correlation_id": "", "session_id": "", "request_id": "", "client_ip": "", "endpoint": "", "user_id": "", "trace_idd": "", "level": "info"}
2025-12-10 14:35:47.861 | INFO     | _base.py:223 (_proxy_to_logger) | {"event": "Redis client closed", "timestamp": "2025-12-10T06:35:47.861604Z", "correlation_id": "", "session_id": "", "request_id": "", "client_ip": "", "endpoint": "", "user_id": "", "trace_idd": "", "level": "info"}
2025-12-10 14:35:47.862 | INFO     | _base.py:223 (_proxy_to_logger) | {"event": "Application shutting down", "timestamp": "2025-12-10T06:35:47.862645Z", "level": "info", "request_id": "", "user_id": "", "trace_idd": "", "endpoint": "", "correlation_id": "", "session_id": "", "client_ip": ""}
2025-12-10 14:35:52.742 | INFO     | _base.py:223 (_proxy_to_logger) | {"event": "Created DB manager for process 55732", "timestamp": "2025-12-10T06:35:52.742746Z", "level": "info", "request_id": "", "user_id": "", "trace_idd": "", "endpoint": "", "correlation_id": "", "session_id": "", "client_ip": ""}
2025-12-10 14:35:53.087 | INFO     | _base.py:223 (_proxy_to_logger) | {"env": "dev", "log_level": "INFO", "log_format": "json", "async_log": true, "event": "Application start...", "timestamp": "2025-12-10T06:35:53.087349Z", "client_ip": "", "trace_idd": "", "user_id": "", "request_id": "", "endpoint": "", "session_id": "", "correlation_id": "", "level": "info"}
2025-12-10 14:35:53.087 | WARNING  | _base.py:223 (_proxy_to_logger) | {"event": "\u6ce8\u518c\u7684\u8def\u7531:", "timestamp": "2025-12-10T06:35:53.087349Z", "client_ip": "", "trace_idd": "", "user_id": "", "request_id": "", "endpoint": "", "session_id": "", "correlation_id": "", "level": "warning"}
2025-12-10 14:35:53.089 | INFO     | _base.py:223 (_proxy_to_logger) | {"event": "Starting security-enhanced application", "timestamp": "2025-12-10T06:35:53.089021Z", "client_ip": "", "trace_idd": "", "user_id": "", "request_id": "", "endpoint": "", "session_id": "", "correlation_id": "", "level": "info"}
2025-12-10 14:35:53.089 | INFO     | _base.py:223 (_proxy_to_logger) | {"event": "settings.DB_WRITE_DSN: ['postgresql+asyncpg://postgres123:pgsAdmin%40123@localhost:5432/fastxai']", "timestamp": "2025-12-10T06:35:53.089021Z", "client_ip": "", "trace_idd": "", "user_id": "", "request_id": "", "endpoint": "", "session_id": "", "correlation_id": "", "level": "info"}
2025-12-10 14:35:53.090 | INFO     | _base.py:223 (_proxy_to_logger) | {"event": "idx(0) -> dsn(postgresql+asyncpg://postgres123:pgsAdmin%40123@localhost:5432/fastxai)", "timestamp": "2025-12-10T06:35:53.090033Z", "client_ip": "", "trace_idd": "", "user_id": "", "request_id": "", "endpoint": "", "session_id": "", "correlation_id": "", "level": "info"}
2025-12-10 14:35:53.109 | INFO     | _base.py:223 (_proxy_to_logger) | {"host": "postgresql+asyncpg://postgres123:pgsAdmin%40123@localhost:5432/fastxai", "event": "Process 55732: Write engine 0 initialized (DSN: postgresql+asyncpg:/...)", "timestamp": "2025-12-10T06:35:53.109905Z", "client_ip": "", "trace_idd": "", "user_id": "", "request_id": "", "endpoint": "", "session_id": "", "correlation_id": "", "level": "info"}
2025-12-10 14:35:53.109 | INFO     | _base.py:223 (_proxy_to_logger) | {"host": "postgresql+asyncpg://postgres123:pgsAdmin%40123@localhost:5432/fastxai", "event": "Process 55732: Read engine 0 initialized (DSN: postgresql+asyncpg:/...)", "timestamp": "2025-12-10T06:35:53.109905Z", "client_ip": "", "trace_idd": "", "user_id": "", "request_id": "", "endpoint": "", "session_id": "", "correlation_id": "", "level": "info"}
2025-12-10 14:35:53.110 | INFO     | _base.py:223 (_proxy_to_logger) | {"event": "Process 55732: DB manager initialized (write: 1, read: 1)", "timestamp": "2025-12-10T06:35:53.109905Z", "client_ip": "", "trace_idd": "", "user_id": "", "request_id": "", "endpoint": "", "session_id": "", "correlation_id": "", "level": "info"}
2025-12-10 14:35:53.301 | INFO     | _base.py:223 (_proxy_to_logger) | {"event": "Process 55732: DB schema initialized", "timestamp": "2025-12-10T06:35:53.301325Z", "client_ip": "", "trace_idd": "", "user_id": "", "request_id": "", "endpoint": "", "session_id": "", "correlation_id": "", "level": "info"}
2025-12-10 14:35:53.307 | INFO     | _base.py:223 (_proxy_to_logger) | {"event": "Redis client initialized successfully", "timestamp": "2025-12-10T06:35:53.307735Z", "client_ip": "", "trace_idd": "", "user_id": "", "request_id": "", "endpoint": "", "session_id": "", "correlation_id": "", "level": "info"}
2025-12-10 14:35:53.309 | INFO     | _base.py:223 (_proxy_to_logger) | {"event": "Security services initialized", "timestamp": "2025-12-10T06:35:53.309727Z", "client_ip": "", "trace_idd": "", "user_id": "", "request_id": "", "endpoint": "", "session_id": "", "correlation_id": "", "level": "info"}
2025-12-10 14:35:58.254 | INFO     | _base.py:223 (_proxy_to_logger) | {"client_user_agent": "Mozilla/5.0 (Windows NT 10.0; Win64; x64; rv:143.0) Gecko/20100101 Firefox/143.0", "content_length": 0, "event": "Request started", "timestamp": "2025-12-10T06:35:58.254312Z", "client_ip": "127.0.0.1", "trace_idd": "", "user_id": "anonymous", "correlattion_id": "0693914c-e411-7aa1-8000-28a79f04f137", "request_id": "0693914c-e411-7aa1-8000-28a79f04f137", "endpoint": "/rq", "http_method": "GET", "session_id": "", "correlation_id": "", "trace_id": "0693914c-e411-7aa1-8000-28a79f04f137", "level": "info"}
2025-12-10 14:35:58.256 | INFO     | _base.py:223 (_proxy_to_logger) | {"status_code": 404, "response_content_length": "22", "event": "Request completed", "timestamp": "2025-12-10T06:35:58.256313Z", "client_ip": "127.0.0.1", "trace_idd": "", "user_id": "anonymous", "correlattion_id": "0693914c-e411-7aa1-8000-28a79f04f137", "request_id": "0693914c-e411-7aa1-8000-28a79f04f137", "endpoint": "/rq", "http_method": "GET", "session_id": "", "correlation_id": "", "trace_id": "0693914c-e411-7aa1-8000-28a79f04f137", "level": "info"}
2025-12-10 14:35:58.272 | INFO     | _base.py:223 (_proxy_to_logger) | {"request_id": "", "method": "GET", "path": "/rq", "status_code": 404, "process_time": 0.019533872604370117, "client_ip": "", "user_agent": "Mozilla/5.0 (Windows NT 10.0; Win64; x64; rv:143.0) Gecko/20100101 Firefox/143.0", "event": "Request processed", "timestamp": "2025-12-10T06:35:58.272841Z", "level": "info", "user_id": "", "trace_idd": "", "endpoint": "", "correlation_id": "", "session_id": ""}
2025-12-10 14:35:58.436 | INFO     | _base.py:223 (_proxy_to_logger) | {"client_user_agent": "Mozilla/5.0 (Windows NT 10.0; Win64; x64; rv:143.0) Gecko/20100101 Firefox/143.0", "content_length": 0, "event": "Request started", "timestamp": "2025-12-10T06:35:58.435165Z", "client_ip": "127.0.0.1", "trace_idd": "", "user_id": "anonymous", "correlattion_id": "0693914c-e6f6-76f9-8000-b2d9a71bdb07", "request_id": "0693914c-e6f6-76f9-8000-b2d9a71bdb07", "endpoint": "/favicon.ico", "http_method": "GET", "session_id": "", "correlation_id": "", "trace_id": "0693914c-e6f6-76f9-8000-b2d9a71bdb07", "level": "info"}
2025-12-10 14:35:58.503 | ERROR    | _base.py:223 (_proxy_to_logger) | {"exception": "  + Exception Group Traceback (most recent call last):\n  |   File \"D:\\pyworks\\fastxai\\.venv\\Lib\\site-packages\\starlette\\_utils.py\", line 79, in collapse_excgroups\n  |     yield\n  |   File \"D:\\pyworks\\fastxai\\.venv\\Lib\\site-packages\\starlette\\middleware\\base.py\", line 192, in __call__\n  |     async with anyio.create_task_group() as task_group:\n  |   File \"D:\\pyworks\\fastxai\\.venv\\Lib\\site-packages\\anyio\\_backends\\_asyncio.py\", line 783, in __aexit__\n  |     raise BaseExceptionGroup(\n  | ExceptionGroup: unhandled errors in a TaskGroup (1 sub-exception)\n  +-+---------------- 1 ----------------\n    | Traceback (most recent call last):\n    |   File \"d:\\pyworks\\fastxai\\app\\core\\middleware2.py\", line 97, in dispatch\n    |     response = await call_next(request)\n    |                ^^^^^^^^^^^^^^^^^^^^^^^^\n    |   File \"D:\\pyworks\\fastxai\\.venv\\Lib\\site-packages\\starlette\\middleware\\base.py\", line 168, in call_next\n    |     raise app_exc from app_exc.__cause__ or app_exc.__context__\n    |   File \"D:\\pyworks\\fastxai\\.venv\\Lib\\site-packages\\starlette\\middleware\\base.py\", line 144, in coro\n    |     await self.app(scope, receive_or_disconnect, send_no_error)\n    |   File \"D:\\pyworks\\fastxai\\.venv\\Lib\\site-packages\\prometheus_fastapi_instrumentator\\middleware.py\", line 177, in __call__\n    |     raise exc\n    |   File \"D:\\pyworks\\fastxai\\.venv\\Lib\\site-packages\\prometheus_fastapi_instrumentator\\middleware.py\", line 175, in __call__\n    |     await self.app(scope, receive, send_wrapper)\n    |   File \"D:\\pyworks\\fastxai\\.venv\\Lib\\site-packages\\fastapi_profiler\\profiler.py\", line 90, in __call__\n    |     await self.app(scope, receive, wrapped_send)\n    |   File \"D:\\pyworks\\fastxai\\.venv\\Lib\\site-packages\\starlette\\middleware\\base.py\", line 191, in __call__\n    |     with recv_stream, send_stream, collapse_excgroups():\n    |   File \"C:\\Users\\Chenjf\\AppData\\Roaming\\uv\\python\\cpython-3.11.14-windows-x86_64-none\\Lib\\contextlib.py\", line 158, in __exit__\n    |     self.gen.throw(typ, value, traceback)\n    |   File \"D:\\pyworks\\fastxai\\.venv\\Lib\\site-packages\\starlette\\_utils.py\", line 85, in collapse_excgroups\n    |     raise exc\n    |   File \"D:\\pyworks\\fastxai\\.venv\\Lib\\site-packages\\starlette\\middleware\\base.py\", line 193, in __call__\n    |     response = await self.dispatch_func(request, call_next)\n    |                ^^^^^^^^^^^^^^^^^^^^^^^^^^^^^^^^^^^^^^^^^^^^\n    |   File \"D:\\pyworks\\fastxai\\.venv\\Lib\\site-packages\\starlette_prometheus\\middleware.py\", line 57, in dispatch\n    |     raise e from None\n    |   File \"D:\\pyworks\\fastxai\\.venv\\Lib\\site-packages\\starlette_prometheus\\middleware.py\", line 53, in dispatch\n    |     response = await call_next(request)\n    |                ^^^^^^^^^^^^^^^^^^^^^^^^\n    |   File \"D:\\pyworks\\fastxai\\.venv\\Lib\\site-packages\\starlette\\middleware\\base.py\", line 168, in call_next\n    |     raise app_exc from app_exc.__cause__ or app_exc.__context__\n    |   File \"D:\\pyworks\\fastxai\\.venv\\Lib\\site-packages\\starlette\\middleware\\base.py\", line 144, in coro\n    |     await self.app(scope, receive_or_disconnect, send_no_error)\n    |   File \"D:\\pyworks\\fastxai\\.venv\\Lib\\site-packages\\starlette\\middleware\\exceptions.py\", line 63, in __call__\n    |     await wrap_app_handling_exceptions(self.app, conn)(scope, receive, send)\n    |   File \"D:\\pyworks\\fastxai\\.venv\\Lib\\site-packages\\starlette\\_exception_handler.py\", line 53, in wrapped_app\n    |     raise exc\n    |   File \"D:\\pyworks\\fastxai\\.venv\\Lib\\site-packages\\starlette\\_exception_handler.py\", line 42, in wrapped_app\n    |     await app(scope, receive, sender)\n    |   File \"D:\\pyworks\\fastxai\\.venv\\Lib\\site-packages\\fastapi\\middleware\\asyncexitstack.py\", line 18, in __call__\n    |     await self.app(scope, receive, send)\n    |   File \"D:\\pyworks\\fastxai\\.venv\\Lib\\site-packages\\starlette\\routing.py\", line 716, in __call__\n    |     await self.middleware_stack(scope, receive, send)\n    |   File \"D:\\pyworks\\fastxai\\.venv\\Lib\\site-packages\\starlette\\routing.py\", line 736, in app\n    |     await route.handle(scope, receive, send)\n    |   File \"D:\\pyworks\\fastxai\\.venv\\Lib\\site-packages\\starlette\\routing.py\", line 290, in handle\n    |     await self.app(scope, receive, send)\n    |   File \"D:\\pyworks\\fastxai\\.venv\\Lib\\site-packages\\fastapi\\routing.py\", line 120, in app\n    |     await wrap_app_handling_exceptions(app, request)(scope, receive, send)\n    |   File \"D:\\pyworks\\fastxai\\.venv\\Lib\\site-packages\\starlette\\_exception_handler.py\", line 53, in wrapped_app\n    |     raise exc\n    |   File \"D:\\pyworks\\fastxai\\.venv\\Lib\\site-packages\\starlette\\_exception_handler.py\", line 42, in wrapped_app\n    |     await app(scope, receive, sender)\n    |   File \"D:\\pyworks\\fastxai\\.venv\\Lib\\site-packages\\fastapi\\routing.py\", line 106, in app\n    |     response = await f(request)\n    |                ^^^^^^^^^^^^^^^^\n    |   File \"D:\\pyworks\\fastxai\\.venv\\Lib\\site-packages\\fastapi\\routing.py\", line 430, in app\n    |     raw_response = await run_endpoint_function(\n    |                    ^^^^^^^^^^^^^^^^^^^^^^^^^^^^\n    |   File \"D:\\pyworks\\fastxai\\.venv\\Lib\\site-packages\\fastapi\\routing.py\", line 316, in run_endpoint_function\n    |     return await dependant.call(**values)\n    |            ^^^^^^^^^^^^^^^^^^^^^^^^^^^^^^\n    |   File \"d:\\pyworks\\fastxai\\app\\main.py\", line 263, in favicon\n    |     return CustomORJSONResponse(status_code=200)\n    |            ^^^^^^^^^^^^^^^^^^^^^^^^^^^^^^^^^^^^^\n    | TypeError: JSONResponse.__init__() missing 1 required positional argument: 'content'\n    +------------------------------------\n\nThe above exception was the direct cause of the following exception:\n\nTraceback (most recent call last):\n  File \"d:\\pyworks\\fastxai\\app\\core\\middleware2.py\", line 97, in dispatch\n    response = await call_next(request)\n               ^^^^^^^^^^^^^^^^^^^^^^^^\n  File \"D:\\pyworks\\fastxai\\.venv\\Lib\\site-packages\\starlette\\middleware\\base.py\", line 168, in call_next\n    raise app_exc from app_exc.__cause__ or app_exc.__context__\n  File \"D:\\pyworks\\fastxai\\.venv\\Lib\\site-packages\\starlette\\middleware\\base.py\", line 144, in coro\n    await self.app(scope, receive_or_disconnect, send_no_error)\n  File \"D:\\pyworks\\fastxai\\.venv\\Lib\\site-packages\\prometheus_fastapi_instrumentator\\middleware.py\", line 177, in __call__\n    raise exc\n  File \"D:\\pyworks\\fastxai\\.venv\\Lib\\site-packages\\prometheus_fastapi_instrumentator\\middleware.py\", line 175, in __call__\n    await self.app(scope, receive, send_wrapper)\n  File \"D:\\pyworks\\fastxai\\.venv\\Lib\\site-packages\\fastapi_profiler\\profiler.py\", line 90, in __call__\n    await self.app(scope, receive, wrapped_send)\n  File \"D:\\pyworks\\fastxai\\.venv\\Lib\\site-packages\\starlette\\middleware\\base.py\", line 191, in __call__\n    with recv_stream, send_stream, collapse_excgroups():\n  File \"C:\\Users\\Chenjf\\AppData\\Roaming\\uv\\python\\cpython-3.11.14-windows-x86_64-none\\Lib\\contextlib.py\", line 158, in __exit__\n    self.gen.throw(typ, value, traceback)\n  File \"D:\\pyworks\\fastxai\\.venv\\Lib\\site-packages\\starlette\\_utils.py\", line 85, in collapse_excgroups\n    raise exc\n  File \"D:\\pyworks\\fastxai\\.venv\\Lib\\site-packages\\starlette\\middleware\\base.py\", line 193, in __call__\n    response = await self.dispatch_func(request, call_next)\n               ^^^^^^^^^^^^^^^^^^^^^^^^^^^^^^^^^^^^^^^^^^^^\n  File \"D:\\pyworks\\fastxai\\.venv\\Lib\\site-packages\\starlette_prometheus\\middleware.py\", line 57, in dispatch\n    raise e from None\n  File \"D:\\pyworks\\fastxai\\.venv\\Lib\\site-packages\\starlette_prometheus\\middleware.py\", line 53, in dispatch\n    response = await call_next(request)\n               ^^^^^^^^^^^^^^^^^^^^^^^^\n  File \"D:\\pyworks\\fastxai\\.venv\\Lib\\site-packages\\starlette\\middleware\\base.py\", line 168, in call_next\n    raise app_exc from app_exc.__cause__ or app_exc.__context__\n  File \"D:\\pyworks\\fastxai\\.venv\\Lib\\site-packages\\starlette\\middleware\\base.py\", line 144, in coro\n    await self.app(scope, receive_or_disconnect, send_no_error)\n  File \"D:\\pyworks\\fastxai\\.venv\\Lib\\site-packages\\starlette\\middleware\\exceptions.py\", line 63, in __call__\n    await wrap_app_handling_exceptions(self.app, conn)(scope, receive, send)\n  File \"D:\\pyworks\\fastxai\\.venv\\Lib\\site-packages\\starlette\\_exception_handler.py\", line 53, in wrapped_app\n    raise exc\n  File \"D:\\pyworks\\fastxai\\.venv\\Lib\\site-packages\\starlette\\_exception_handler.py\", line 42, in wrapped_app\n    await app(scope, receive, sender)\n  File \"D:\\pyworks\\fastxai\\.venv\\Lib\\site-packages\\fastapi\\middleware\\asyncexitstack.py\", line 18, in __call__\n    await self.app(scope, receive, send)\n  File \"D:\\pyworks\\fastxai\\.venv\\Lib\\site-packages\\starlette\\routing.py\", line 716, in __call__\n    await self.middleware_stack(scope, receive, send)\n  File \"D:\\pyworks\\fastxai\\.venv\\Lib\\site-packages\\starlette\\routing.py\", line 736, in app\n    await route.handle(scope, receive, send)\n  File \"D:\\pyworks\\fastxai\\.venv\\Lib\\site-packages\\starlette\\routing.py\", line 290, in handle\n    await self.app(scope, receive, send)\n  File \"D:\\pyworks\\fastxai\\.venv\\Lib\\site-packages\\fastapi\\routing.py\", line 120, in app\n    await wrap_app_handling_exceptions(app, request)(scope, receive, send)\n  File \"D:\\pyworks\\fastxai\\.venv\\Lib\\site-packages\\starlette\\_exception_handler.py\", line 53, in wrapped_app\n    raise exc\n  File \"D:\\pyworks\\fastxai\\.venv\\Lib\\site-packages\\starlette\\_exception_handler.py\", line 42, in wrapped_app\n    await app(scope, receive, sender)\n  File \"D:\\pyworks\\fastxai\\.venv\\Lib\\site-packages\\fastapi\\routing.py\", line 106, in app\n    response = await f(request)\n               ^^^^^^^^^^^^^^^^\n  File \"D:\\pyworks\\fastxai\\.venv\\Lib\\site-packages\\fastapi\\routing.py\", line 430, in app\n    raw_response = await run_endpoint_function(\n                   ^^^^^^^^^^^^^^^^^^^^^^^^^^^^\n  File \"D:\\pyworks\\fastxai\\.venv\\Lib\\site-packages\\fastapi\\routing.py\", line 316, in run_endpoint_function\n    return await dependant.call(**values)\n           ^^^^^^^^^^^^^^^^^^^^^^^^^^^^^^\n  File \"d:\\pyworks\\fastxai\\app\\main.py\", line 263, in favicon\n    return CustomORJSONResponse(status_code=200)\n           ^^^^^^^^^^^^^^^^^^^^^^^^^^^^^^^^^^^^^\nTypeError: JSONResponse.__init__() missing 1 required positional argument: 'content'", "event": "Request failed", "timestamp": "2025-12-10T06:35:58.497857Z", "client_ip": "127.0.0.1", "trace_idd": "", "user_id": "anonymous", "status_code": 500, "correlattion_id": "0693914c-e6f6-76f9-8000-b2d9a71bdb07", "request_id": "0693914c-e6f6-76f9-8000-b2d9a71bdb07", "endpoint": "/favicon.ico", "http_method": "GET", "session_id": "", "correlation_id": "", "trace_id": "0693914c-e6f6-76f9-8000-b2d9a71bdb07", "level": "error"}
2025-12-10 14:35:58.505 | ERROR    | _base.py:223 (_proxy_to_logger) | {"request_id": "", "error": "JSONResponse.__init__() missing 1 required positional argument: 'content'", "client_ip": "", "path": "/favicon.ico", "event": "Request error", "timestamp": "2025-12-10T06:35:58.505905Z", "level": "error", "user_id": "", "trace_idd": "", "endpoint": "", "correlation_id": "", "session_id": ""}
2025-12-10 14:35:58.514 | CRITICAL | _base.py:223 (_proxy_to_logger) | {"endpoint": "", "client_ip": "", "event": "Unhandled exception", "timestamp": "2025-12-10T06:35:58.505905Z", "exception": "  + Exception Group Traceback (most recent call last):\n  |   File \"D:\\pyworks\\fastxai\\.venv\\Lib\\site-packages\\starlette\\_utils.py\", line 79, in collapse_excgroups\n  |     yield\n  |   File \"D:\\pyworks\\fastxai\\.venv\\Lib\\site-packages\\starlette\\middleware\\base.py\", line 192, in __call__\n  |     async with anyio.create_task_group() as task_group:\n  |   File \"D:\\pyworks\\fastxai\\.venv\\Lib\\site-packages\\anyio\\_backends\\_asyncio.py\", line 783, in __aexit__\n  |     raise BaseExceptionGroup(\n  | ExceptionGroup: unhandled errors in a TaskGroup (1 sub-exception)\n  +-+---------------- 1 ----------------\n    | Traceback (most recent call last):\n    |   File \"D:\\pyworks\\fastxai\\.venv\\Lib\\site-packages\\starlette\\middleware\\errors.py\", line 164, in __call__\n    |     await self.app(scope, receive, _send)\n    |   File \"D:\\pyworks\\fastxai\\.venv\\Lib\\site-packages\\starlette\\middleware\\base.py\", line 191, in __call__\n    |     with recv_stream, send_stream, collapse_excgroups():\n    |   File \"C:\\Users\\Chenjf\\AppData\\Roaming\\uv\\python\\cpython-3.11.14-windows-x86_64-none\\Lib\\contextlib.py\", line 158, in __exit__\n    |     self.gen.throw(typ, value, traceback)\n    |   File \"D:\\pyworks\\fastxai\\.venv\\Lib\\site-packages\\starlette\\_utils.py\", line 85, in collapse_excgroups\n    |     raise exc\n    |   File \"D:\\pyworks\\fastxai\\.venv\\Lib\\site-packages\\starlette\\middleware\\base.py\", line 193, in __call__\n    |     response = await self.dispatch_func(request, call_next)\n    |                ^^^^^^^^^^^^^^^^^^^^^^^^^^^^^^^^^^^^^^^^^^^^\n    |   File \"d:\\pyworks\\fastxai\\app\\core\\middlewares.py\", line 258, in xss_protection\n    |     response = await call_next(request)\n    |                ^^^^^^^^^^^^^^^^^^^^^^^^\n    |   File \"D:\\pyworks\\fastxai\\.venv\\Lib\\site-packages\\starlette\\middleware\\base.py\", line 168, in call_next\n    |     raise app_exc from app_exc.__cause__ or app_exc.__context__\n    |   File \"D:\\pyworks\\fastxai\\.venv\\Lib\\site-packages\\starlette\\middleware\\base.py\", line 144, in coro\n    |     await self.app(scope, receive_or_disconnect, send_no_error)\n    |   File \"D:\\pyworks\\fastxai\\.venv\\Lib\\site-packages\\starlette\\middleware\\base.py\", line 191, in __call__\n    |     with recv_stream, send_stream, collapse_excgroups():\n    |   File \"C:\\Users\\Chenjf\\AppData\\Roaming\\uv\\python\\cpython-3.11.14-windows-x86_64-none\\Lib\\contextlib.py\", line 158, in __exit__\n    |     self.gen.throw(typ, value, traceback)\n    |   File \"D:\\pyworks\\fastxai\\.venv\\Lib\\site-packages\\starlette\\_utils.py\", line 85, in collapse_excgroups\n    |     raise exc\n    |   File \"D:\\pyworks\\fastxai\\.venv\\Lib\\site-packages\\starlette\\middleware\\base.py\", line 193, in __call__\n    |     response = await self.dispatch_func(request, call_next)\n    |                ^^^^^^^^^^^^^^^^^^^^^^^^^^^^^^^^^^^^^^^^^^^^\n    |   File \"d:\\pyworks\\fastxai\\app\\core\\middlewares.py\", line 253, in sql_injection_protection\n    |     return await call_next(request)\n    |            ^^^^^^^^^^^^^^^^^^^^^^^^\n    |   File \"D:\\pyworks\\fastxai\\.venv\\Lib\\site-packages\\starlette\\middleware\\base.py\", line 168, in call_next\n    |     raise app_exc from app_exc.__cause__ or app_exc.__context__\n    |   File \"D:\\pyworks\\fastxai\\.venv\\Lib\\site-packages\\starlette\\middleware\\base.py\", line 144, in coro\n    |     await self.app(scope, receive_or_disconnect, send_no_error)\n    |   File \"D:\\pyworks\\fastxai\\.venv\\Lib\\site-packages\\starlette\\middleware\\base.py\", line 191, in __call__\n    |     with recv_stream, send_stream, collapse_excgroups():\n    |   File \"C:\\Users\\Chenjf\\AppData\\Roaming\\uv\\python\\cpython-3.11.14-windows-x86_64-none\\Lib\\contextlib.py\", line 158, in __exit__\n    |     self.gen.throw(typ, value, traceback)\n    |   File \"D:\\pyworks\\fastxai\\.venv\\Lib\\site-packages\\starlette\\_utils.py\", line 85, in collapse_excgroups\n    |     raise exc\n    |   File \"D:\\pyworks\\fastxai\\.venv\\Lib\\site-packages\\starlette\\middleware\\base.py\", line 193, in __call__\n    |     response = await self.dispatch_func(request, call_next)\n    |                ^^^^^^^^^^^^^^^^^^^^^^^^^^^^^^^^^^^^^^^^^^^^\n    |   File \"d:\\pyworks\\fastxai\\app\\core\\middlewares.py\", line 175, in add_security_headers\n    |     response = await call_next(request)\n    |                ^^^^^^^^^^^^^^^^^^^^^^^^\n    |   File \"D:\\pyworks\\fastxai\\.venv\\Lib\\site-packages\\starlette\\middleware\\base.py\", line 168, in call_next\n    |     raise app_exc from app_exc.__cause__ or app_exc.__context__\n    |   File \"D:\\pyworks\\fastxai\\.venv\\Lib\\site-packages\\starlette\\middleware\\base.py\", line 144, in coro\n    |     await self.app(scope, receive_or_disconnect, send_no_error)\n    |   File \"D:\\pyworks\\fastxai\\.venv\\Lib\\site-packages\\starlette\\middleware\\gzip.py\", line 29, in __call__\n    |     await responder(scope, receive, send)\n    |   File \"D:\\pyworks\\fastxai\\.venv\\Lib\\site-packages\\starlette\\middleware\\gzip.py\", line 130, in __call__\n    |     await super().__call__(scope, receive, send)\n    |   File \"D:\\pyworks\\fastxai\\.venv\\Lib\\site-packages\\starlette\\middleware\\gzip.py\", line 46, in __call__\n    |     await self.app(scope, receive, self.send_with_compression)\n    |   File \"D:\\pyworks\\fastxai\\.venv\\Lib\\site-packages\\starlette\\middleware\\cors.py\", line 85, in __call__\n    |     await self.app(scope, receive, send)\n    |   File \"D:\\pyworks\\fastxai\\.venv\\Lib\\site-packages\\starlette\\middleware\\base.py\", line 191, in __call__\n    |     with recv_stream, send_stream, collapse_excgroups():\n    |   File \"C:\\Users\\Chenjf\\AppData\\Roaming\\uv\\python\\cpython-3.11.14-windows-x86_64-none\\Lib\\contextlib.py\", line 158, in __exit__\n    |     self.gen.throw(typ, value, traceback)\n    |   File \"D:\\pyworks\\fastxai\\.venv\\Lib\\site-packages\\starlette\\_utils.py\", line 85, in collapse_excgroups\n    |     raise exc\n    |   File \"D:\\pyworks\\fastxai\\.venv\\Lib\\site-packages\\starlette\\middleware\\base.py\", line 193, in __call__\n    |     response = await self.dispatch_func(request, call_next)\n    |                ^^^^^^^^^^^^^^^^^^^^^^^^^^^^^^^^^^^^^^^^^^^^\n    |   File \"D:\\pyworks\\fastxai\\.venv\\Lib\\site-packages\\slowapi\\middleware.py\", line 136, in dispatch\n    |     response = await call_next(request)\n    |                ^^^^^^^^^^^^^^^^^^^^^^^^\n    |   File \"D:\\pyworks\\fastxai\\.venv\\Lib\\site-packages\\starlette\\middleware\\base.py\", line 168, in call_next\n    |     raise app_exc from app_exc.__cause__ or app_exc.__context__\n    |   File \"D:\\pyworks\\fastxai\\.venv\\Lib\\site-packages\\starlette\\middleware\\base.py\", line 144, in coro\n    |     await self.app(scope, receive_or_disconnect, send_no_error)\n    |   File \"D:\\pyworks\\fastxai\\.venv\\Lib\\site-packages\\starlette\\middleware\\base.py\", line 191, in __call__\n    |     with recv_stream, send_stream, collapse_excgroups():\n    |   File \"C:\\Users\\Chenjf\\AppData\\Roaming\\uv\\python\\cpython-3.11.14-windows-x86_64-none\\Lib\\contextlib.py\", line 158, in __exit__\n    |     self.gen.throw(typ, value, traceback)\n    |   File \"D:\\pyworks\\fastxai\\.venv\\Lib\\site-packages\\starlette\\_utils.py\", line 85, in collapse_excgroups\n    |     raise exc\n    |   File \"D:\\pyworks\\fastxai\\.venv\\Lib\\site-packages\\starlette\\middleware\\base.py\", line 193, in __call__\n    |     response = await self.dispatch_func(request, call_next)\n    |                ^^^^^^^^^^^^^^^^^^^^^^^^^^^^^^^^^^^^^^^^^^^^\n    |   File \"d:\\pyworks\\fastxai\\app\\core\\middleware2.py\", line 133, in dispatch\n    |     response = await call_next(request)\n    |                ^^^^^^^^^^^^^^^^^^^^^^^^\n    |   File \"D:\\pyworks\\fastxai\\.venv\\Lib\\site-packages\\starlette\\middleware\\base.py\", line 168, in call_next\n    |     raise app_exc from app_exc.__cause__ or app_exc.__context__\n    |   File \"D:\\pyworks\\fastxai\\.venv\\Lib\\site-packages\\starlette\\middleware\\base.py\", line 144, in coro\n    |     await self.app(scope, receive_or_disconnect, send_no_error)\n    |   File \"D:\\pyworks\\fastxai\\.venv\\Lib\\site-packages\\starlette\\middleware\\base.py\", line 191, in __call__\n    |     with recv_stream, send_stream, collapse_excgroups():\n    |   File \"C:\\Users\\Chenjf\\AppData\\Roaming\\uv\\python\\cpython-3.11.14-windows-x86_64-none\\Lib\\contextlib.py\", line 158, in __exit__\n    |     self.gen.throw(typ, value, traceback)\n    |   File \"D:\\pyworks\\fastxai\\.venv\\Lib\\site-packages\\starlette\\_utils.py\", line 85, in collapse_excgroups\n    |     raise exc\n    |   File \"D:\\pyworks\\fastxai\\.venv\\Lib\\site-packages\\starlette\\middleware\\base.py\", line 193, in __call__\n    |     response = await self.dispatch_func(request, call_next)\n    |                ^^^^^^^^^^^^^^^^^^^^^^^^^^^^^^^^^^^^^^^^^^^^\n    |   File \"d:\\pyworks\\fastxai\\app\\core\\middleware2.py\", line 97, in dispatch\n    |     response = await call_next(request)\n    |                ^^^^^^^^^^^^^^^^^^^^^^^^\n    |   File \"D:\\pyworks\\fastxai\\.venv\\Lib\\site-packages\\starlette\\middleware\\base.py\", line 168, in call_next\n    |     raise app_exc from app_exc.__cause__ or app_exc.__context__\n    |   File \"D:\\pyworks\\fastxai\\.venv\\Lib\\site-packages\\starlette\\middleware\\base.py\", line 144, in coro\n    |     await self.app(scope, receive_or_disconnect, send_no_error)\n    |   File \"D:\\pyworks\\fastxai\\.venv\\Lib\\site-packages\\prometheus_fastapi_instrumentator\\middleware.py\", line 177, in __call__\n    |     raise exc\n    |   File \"D:\\pyworks\\fastxai\\.venv\\Lib\\site-packages\\prometheus_fastapi_instrumentator\\middleware.py\", line 175, in __call__\n    |     await self.app(scope, receive, send_wrapper)\n    |   File \"D:\\pyworks\\fastxai\\.venv\\Lib\\site-packages\\fastapi_profiler\\profiler.py\", line 90, in __call__\n    |     await self.app(scope, receive, wrapped_send)\n    |   File \"D:\\pyworks\\fastxai\\.venv\\Lib\\site-packages\\starlette\\middleware\\base.py\", line 191, in __call__\n    |     with recv_stream, send_stream, collapse_excgroups():\n    |   File \"C:\\Users\\Chenjf\\AppData\\Roaming\\uv\\python\\cpython-3.11.14-windows-x86_64-none\\Lib\\contextlib.py\", line 158, in __exit__\n    |     self.gen.throw(typ, value, traceback)\n    |   File \"D:\\pyworks\\fastxai\\.venv\\Lib\\site-packages\\starlette\\_utils.py\", line 85, in collapse_excgroups\n    |     raise exc\n    |   File \"D:\\pyworks\\fastxai\\.venv\\Lib\\site-packages\\starlette\\middleware\\base.py\", line 193, in __call__\n    |     response = await self.dispatch_func(request, call_next)\n    |                ^^^^^^^^^^^^^^^^^^^^^^^^^^^^^^^^^^^^^^^^^^^^\n    |   File \"D:\\pyworks\\fastxai\\.venv\\Lib\\site-packages\\starlette_prometheus\\middleware.py\", line 57, in dispatch\n    |     raise e from None\n    |   File \"D:\\pyworks\\fastxai\\.venv\\Lib\\site-packages\\starlette_prometheus\\middleware.py\", line 53, in dispatch\n    |     response = await call_next(request)\n    |                ^^^^^^^^^^^^^^^^^^^^^^^^\n    |   File \"D:\\pyworks\\fastxai\\.venv\\Lib\\site-packages\\starlette\\middleware\\base.py\", line 168, in call_next\n    |     raise app_exc from app_exc.__cause__ or app_exc.__context__\n    |   File \"D:\\pyworks\\fastxai\\.venv\\Lib\\site-packages\\starlette\\middleware\\base.py\", line 144, in coro\n    |     await self.app(scope, receive_or_disconnect, send_no_error)\n    |   File \"D:\\pyworks\\fastxai\\.venv\\Lib\\site-packages\\starlette\\middleware\\exceptions.py\", line 63, in __call__\n    |     await wrap_app_handling_exceptions(self.app, conn)(scope, receive, send)\n    |   File \"D:\\pyworks\\fastxai\\.venv\\Lib\\site-packages\\starlette\\_exception_handler.py\", line 53, in wrapped_app\n    |     raise exc\n    |   File \"D:\\pyworks\\fastxai\\.venv\\Lib\\site-packages\\starlette\\_exception_handler.py\", line 42, in wrapped_app\n    |     await app(scope, receive, sender)\n    |   File \"D:\\pyworks\\fastxai\\.venv\\Lib\\site-packages\\fastapi\\middleware\\asyncexitstack.py\", line 18, in __call__\n    |     await self.app(scope, receive, send)\n    |   File \"D:\\pyworks\\fastxai\\.venv\\Lib\\site-packages\\starlette\\routing.py\", line 716, in __call__\n    |     await self.middleware_stack(scope, receive, send)\n    |   File \"D:\\pyworks\\fastxai\\.venv\\Lib\\site-packages\\starlette\\routing.py\", line 736, in app\n    |     await route.handle(scope, receive, send)\n    |   File \"D:\\pyworks\\fastxai\\.venv\\Lib\\site-packages\\starlette\\routing.py\", line 290, in handle\n    |     await self.app(scope, receive, send)\n    |   File \"D:\\pyworks\\fastxai\\.venv\\Lib\\site-packages\\fastapi\\routing.py\", line 120, in app\n    |     await wrap_app_handling_exceptions(app, request)(scope, receive, send)\n    |   File \"D:\\pyworks\\fastxai\\.venv\\Lib\\site-packages\\starlette\\_exception_handler.py\", line 53, in wrapped_app\n    |     raise exc\n    |   File \"D:\\pyworks\\fastxai\\.venv\\Lib\\site-packages\\starlette\\_exception_handler.py\", line 42, in wrapped_app\n    |     await app(scope, receive, sender)\n    |   File \"D:\\pyworks\\fastxai\\.venv\\Lib\\site-packages\\fastapi\\routing.py\", line 106, in app\n    |     response = await f(request)\n    |                ^^^^^^^^^^^^^^^^\n    |   File \"D:\\pyworks\\fastxai\\.venv\\Lib\\site-packages\\fastapi\\routing.py\", line 430, in app\n    |     raw_response = await run_endpoint_function(\n    |                    ^^^^^^^^^^^^^^^^^^^^^^^^^^^^\n    |   File \"D:\\pyworks\\fastxai\\.venv\\Lib\\site-packages\\fastapi\\routing.py\", line 316, in run_endpoint_function\n    |     return await dependant.call(**values)\n    |            ^^^^^^^^^^^^^^^^^^^^^^^^^^^^^^\n    |   File \"d:\\pyworks\\fastxai\\app\\main.py\", line 263, in favicon\n    |     return CustomORJSONResponse(status_code=200)\n    |            ^^^^^^^^^^^^^^^^^^^^^^^^^^^^^^^^^^^^^\n    | TypeError: JSONResponse.__init__() missing 1 required positional argument: 'content'\n    +------------------------------------\n\nThe above exception was the direct cause of the following exception:\n\nTraceback (most recent call last):\n  File \"D:\\pyworks\\fastxai\\.venv\\Lib\\site-packages\\starlette\\middleware\\errors.py\", line 164, in __call__\n    await self.app(scope, receive, _send)\n  File \"D:\\pyworks\\fastxai\\.venv\\Lib\\site-packages\\starlette\\middleware\\base.py\", line 191, in __call__\n    with recv_stream, send_stream, collapse_excgroups():\n  File \"C:\\Users\\Chenjf\\AppData\\Roaming\\uv\\python\\cpython-3.11.14-windows-x86_64-none\\Lib\\contextlib.py\", line 158, in __exit__\n    self.gen.throw(typ, value, traceback)\n  File \"D:\\pyworks\\fastxai\\.venv\\Lib\\site-packages\\starlette\\_utils.py\", line 85, in collapse_excgroups\n    raise exc\n  File \"D:\\pyworks\\fastxai\\.venv\\Lib\\site-packages\\starlette\\middleware\\base.py\", line 193, in __call__\n    response = await self.dispatch_func(request, call_next)\n               ^^^^^^^^^^^^^^^^^^^^^^^^^^^^^^^^^^^^^^^^^^^^\n  File \"d:\\pyworks\\fastxai\\app\\core\\middlewares.py\", line 258, in xss_protection\n    response = await call_next(request)\n               ^^^^^^^^^^^^^^^^^^^^^^^^\n  File \"D:\\pyworks\\fastxai\\.venv\\Lib\\site-packages\\starlette\\middleware\\base.py\", line 168, in call_next\n    raise app_exc from app_exc.__cause__ or app_exc.__context__\n  File \"D:\\pyworks\\fastxai\\.venv\\Lib\\site-packages\\starlette\\middleware\\base.py\", line 144, in coro\n    await self.app(scope, receive_or_disconnect, send_no_error)\n  File \"D:\\pyworks\\fastxai\\.venv\\Lib\\site-packages\\starlette\\middleware\\base.py\", line 191, in __call__\n    with recv_stream, send_stream, collapse_excgroups():\n  File \"C:\\Users\\Chenjf\\AppData\\Roaming\\uv\\python\\cpython-3.11.14-windows-x86_64-none\\Lib\\contextlib.py\", line 158, in __exit__\n    self.gen.throw(typ, value, traceback)\n  File \"D:\\pyworks\\fastxai\\.venv\\Lib\\site-packages\\starlette\\_utils.py\", line 85, in collapse_excgroups\n    raise exc\n  File \"D:\\pyworks\\fastxai\\.venv\\Lib\\site-packages\\starlette\\middleware\\base.py\", line 193, in __call__\n    response = await self.dispatch_func(request, call_next)\n               ^^^^^^^^^^^^^^^^^^^^^^^^^^^^^^^^^^^^^^^^^^^^\n  File \"d:\\pyworks\\fastxai\\app\\core\\middlewares.py\", line 253, in sql_injection_protection\n    return await call_next(request)\n           ^^^^^^^^^^^^^^^^^^^^^^^^\n  File \"D:\\pyworks\\fastxai\\.venv\\Lib\\site-packages\\starlette\\middleware\\base.py\", line 168, in call_next\n    raise app_exc from app_exc.__cause__ or app_exc.__context__\n  File \"D:\\pyworks\\fastxai\\.venv\\Lib\\site-packages\\starlette\\middleware\\base.py\", line 144, in coro\n    await self.app(scope, receive_or_disconnect, send_no_error)\n  File \"D:\\pyworks\\fastxai\\.venv\\Lib\\site-packages\\starlette\\middleware\\base.py\", line 191, in __call__\n    with recv_stream, send_stream, collapse_excgroups():\n  File \"C:\\Users\\Chenjf\\AppData\\Roaming\\uv\\python\\cpython-3.11.14-windows-x86_64-none\\Lib\\contextlib.py\", line 158, in __exit__\n    self.gen.throw(typ, value, traceback)\n  File \"D:\\pyworks\\fastxai\\.venv\\Lib\\site-packages\\starlette\\_utils.py\", line 85, in collapse_excgroups\n    raise exc\n  File \"D:\\pyworks\\fastxai\\.venv\\Lib\\site-packages\\starlette\\middleware\\base.py\", line 193, in __call__\n    response = await self.dispatch_func(request, call_next)\n               ^^^^^^^^^^^^^^^^^^^^^^^^^^^^^^^^^^^^^^^^^^^^\n  File \"d:\\pyworks\\fastxai\\app\\core\\middlewares.py\", line 175, in add_security_headers\n    response = await call_next(request)\n               ^^^^^^^^^^^^^^^^^^^^^^^^\n  File \"D:\\pyworks\\fastxai\\.venv\\Lib\\site-packages\\starlette\\middleware\\base.py\", line 168, in call_next\n    raise app_exc from app_exc.__cause__ or app_exc.__context__\n  File \"D:\\pyworks\\fastxai\\.venv\\Lib\\site-packages\\starlette\\middleware\\base.py\", line 144, in coro\n    await self.app(scope, receive_or_disconnect, send_no_error)\n  File \"D:\\pyworks\\fastxai\\.venv\\Lib\\site-packages\\starlette\\middleware\\gzip.py\", line 29, in __call__\n    await responder(scope, receive, send)\n  File \"D:\\pyworks\\fastxai\\.venv\\Lib\\site-packages\\starlette\\middleware\\gzip.py\", line 130, in __call__\n    await super().__call__(scope, receive, send)\n  File \"D:\\pyworks\\fastxai\\.venv\\Lib\\site-packages\\starlette\\middleware\\gzip.py\", line 46, in __call__\n    await self.app(scope, receive, self.send_with_compression)\n  File \"D:\\pyworks\\fastxai\\.venv\\Lib\\site-packages\\starlette\\middleware\\cors.py\", line 85, in __call__\n    await self.app(scope, receive, send)\n  File \"D:\\pyworks\\fastxai\\.venv\\Lib\\site-packages\\starlette\\middleware\\base.py\", line 191, in __call__\n    with recv_stream, send_stream, collapse_excgroups():\n  File \"C:\\Users\\Chenjf\\AppData\\Roaming\\uv\\python\\cpython-3.11.14-windows-x86_64-none\\Lib\\contextlib.py\", line 158, in __exit__\n    self.gen.throw(typ, value, traceback)\n  File \"D:\\pyworks\\fastxai\\.venv\\Lib\\site-packages\\starlette\\_utils.py\", line 85, in collapse_excgroups\n    raise exc\n  File \"D:\\pyworks\\fastxai\\.venv\\Lib\\site-packages\\starlette\\middleware\\base.py\", line 193, in __call__\n    response = await self.dispatch_func(request, call_next)\n               ^^^^^^^^^^^^^^^^^^^^^^^^^^^^^^^^^^^^^^^^^^^^\n  File \"D:\\pyworks\\fastxai\\.venv\\Lib\\site-packages\\slowapi\\middleware.py\", line 136, in dispatch\n    response = await call_next(request)\n               ^^^^^^^^^^^^^^^^^^^^^^^^\n  File \"D:\\pyworks\\fastxai\\.venv\\Lib\\site-packages\\starlette\\middleware\\base.py\", line 168, in call_next\n    raise app_exc from app_exc.__cause__ or app_exc.__context__\n  File \"D:\\pyworks\\fastxai\\.venv\\Lib\\site-packages\\starlette\\middleware\\base.py\", line 144, in coro\n    await self.app(scope, receive_or_disconnect, send_no_error)\n  File \"D:\\pyworks\\fastxai\\.venv\\Lib\\site-packages\\starlette\\middleware\\base.py\", line 191, in __call__\n    with recv_stream, send_stream, collapse_excgroups():\n  File \"C:\\Users\\Chenjf\\AppData\\Roaming\\uv\\python\\cpython-3.11.14-windows-x86_64-none\\Lib\\contextlib.py\", line 158, in __exit__\n    self.gen.throw(typ, value, traceback)\n  File \"D:\\pyworks\\fastxai\\.venv\\Lib\\site-packages\\starlette\\_utils.py\", line 85, in collapse_excgroups\n    raise exc\n  File \"D:\\pyworks\\fastxai\\.venv\\Lib\\site-packages\\starlette\\middleware\\base.py\", line 193, in __call__\n    response = await self.dispatch_func(request, call_next)\n               ^^^^^^^^^^^^^^^^^^^^^^^^^^^^^^^^^^^^^^^^^^^^\n  File \"d:\\pyworks\\fastxai\\app\\core\\middleware2.py\", line 133, in dispatch\n    response = await call_next(request)\n               ^^^^^^^^^^^^^^^^^^^^^^^^\n  File \"D:\\pyworks\\fastxai\\.venv\\Lib\\site-packages\\starlette\\middleware\\base.py\", line 168, in call_next\n    raise app_exc from app_exc.__cause__ or app_exc.__context__\n  File \"D:\\pyworks\\fastxai\\.venv\\Lib\\site-packages\\starlette\\middleware\\base.py\", line 144, in coro\n    await self.app(scope, receive_or_disconnect, send_no_error)\n  File \"D:\\pyworks\\fastxai\\.venv\\Lib\\site-packages\\starlette\\middleware\\base.py\", line 191, in __call__\n    with recv_stream, send_stream, collapse_excgroups():\n  File \"C:\\Users\\Chenjf\\AppData\\Roaming\\uv\\python\\cpython-3.11.14-windows-x86_64-none\\Lib\\contextlib.py\", line 158, in __exit__\n    self.gen.throw(typ, value, traceback)\n  File \"D:\\pyworks\\fastxai\\.venv\\Lib\\site-packages\\starlette\\_utils.py\", line 85, in collapse_excgroups\n    raise exc\n  File \"D:\\pyworks\\fastxai\\.venv\\Lib\\site-packages\\starlette\\middleware\\base.py\", line 193, in __call__\n    response = await self.dispatch_func(request, call_next)\n               ^^^^^^^^^^^^^^^^^^^^^^^^^^^^^^^^^^^^^^^^^^^^\n  File \"d:\\pyworks\\fastxai\\app\\core\\middleware2.py\", line 97, in dispatch\n    response = await call_next(request)\n               ^^^^^^^^^^^^^^^^^^^^^^^^\n  File \"D:\\pyworks\\fastxai\\.venv\\Lib\\site-packages\\starlette\\middleware\\base.py\", line 168, in call_next\n    raise app_exc from app_exc.__cause__ or app_exc.__context__\n  File \"D:\\pyworks\\fastxai\\.venv\\Lib\\site-packages\\starlette\\middleware\\base.py\", line 144, in coro\n    await self.app(scope, receive_or_disconnect, send_no_error)\n  File \"D:\\pyworks\\fastxai\\.venv\\Lib\\site-packages\\prometheus_fastapi_instrumentator\\middleware.py\", line 177, in __call__\n    raise exc\n  File \"D:\\pyworks\\fastxai\\.venv\\Lib\\site-packages\\prometheus_fastapi_instrumentator\\middleware.py\", line 175, in __call__\n    await self.app(scope, receive, send_wrapper)\n  File \"D:\\pyworks\\fastxai\\.venv\\Lib\\site-packages\\fastapi_profiler\\profiler.py\", line 90, in __call__\n    await self.app(scope, receive, wrapped_send)\n  File \"D:\\pyworks\\fastxai\\.venv\\Lib\\site-packages\\starlette\\middleware\\base.py\", line 191, in __call__\n    with recv_stream, send_stream, collapse_excgroups():\n  File \"C:\\Users\\Chenjf\\AppData\\Roaming\\uv\\python\\cpython-3.11.14-windows-x86_64-none\\Lib\\contextlib.py\", line 158, in __exit__\n    self.gen.throw(typ, value, traceback)\n  File \"D:\\pyworks\\fastxai\\.venv\\Lib\\site-packages\\starlette\\_utils.py\", line 85, in collapse_excgroups\n    raise exc\n  File \"D:\\pyworks\\fastxai\\.venv\\Lib\\site-packages\\starlette\\middleware\\base.py\", line 193, in __call__\n    response = await self.dispatch_func(request, call_next)\n               ^^^^^^^^^^^^^^^^^^^^^^^^^^^^^^^^^^^^^^^^^^^^\n  File \"D:\\pyworks\\fastxai\\.venv\\Lib\\site-packages\\starlette_prometheus\\middleware.py\", line 57, in dispatch\n    raise e from None\n  File \"D:\\pyworks\\fastxai\\.venv\\Lib\\site-packages\\starlette_prometheus\\middleware.py\", line 53, in dispatch\n    response = await call_next(request)\n               ^^^^^^^^^^^^^^^^^^^^^^^^\n  File \"D:\\pyworks\\fastxai\\.venv\\Lib\\site-packages\\starlette\\middleware\\base.py\", line 168, in call_next\n    raise app_exc from app_exc.__cause__ or app_exc.__context__\n  File \"D:\\pyworks\\fastxai\\.venv\\Lib\\site-packages\\starlette\\middleware\\base.py\", line 144, in coro\n    await self.app(scope, receive_or_disconnect, send_no_error)\n  File \"D:\\pyworks\\fastxai\\.venv\\Lib\\site-packages\\starlette\\middleware\\exceptions.py\", line 63, in __call__\n    await wrap_app_handling_exceptions(self.app, conn)(scope, receive, send)\n  File \"D:\\pyworks\\fastxai\\.venv\\Lib\\site-packages\\starlette\\_exception_handler.py\", line 53, in wrapped_app\n    raise exc\n  File \"D:\\pyworks\\fastxai\\.venv\\Lib\\site-packages\\starlette\\_exception_handler.py\", line 42, in wrapped_app\n    await app(scope, receive, sender)\n  File \"D:\\pyworks\\fastxai\\.venv\\Lib\\site-packages\\fastapi\\middleware\\asyncexitstack.py\", line 18, in __call__\n    await self.app(scope, receive, send)\n  File \"D:\\pyworks\\fastxai\\.venv\\Lib\\site-packages\\starlette\\routing.py\", line 716, in __call__\n    await self.middleware_stack(scope, receive, send)\n  File \"D:\\pyworks\\fastxai\\.venv\\Lib\\site-packages\\starlette\\routing.py\", line 736, in app\n    await route.handle(scope, receive, send)\n  File \"D:\\pyworks\\fastxai\\.venv\\Lib\\site-packages\\starlette\\routing.py\", line 290, in handle\n    await self.app(scope, receive, send)\n  File \"D:\\pyworks\\fastxai\\.venv\\Lib\\site-packages\\fastapi\\routing.py\", line 120, in app\n    await wrap_app_handling_exceptions(app, request)(scope, receive, send)\n  File \"D:\\pyworks\\fastxai\\.venv\\Lib\\site-packages\\starlette\\_exception_handler.py\", line 53, in wrapped_app\n    raise exc\n  File \"D:\\pyworks\\fastxai\\.venv\\Lib\\site-packages\\starlette\\_exception_handler.py\", line 42, in wrapped_app\n    await app(scope, receive, sender)\n  File \"D:\\pyworks\\fastxai\\.venv\\Lib\\site-packages\\fastapi\\routing.py\", line 106, in app\n    response = await f(request)\n               ^^^^^^^^^^^^^^^^\n  File \"D:\\pyworks\\fastxai\\.venv\\Lib\\site-packages\\fastapi\\routing.py\", line 430, in app\n    raw_response = await run_endpoint_function(\n                   ^^^^^^^^^^^^^^^^^^^^^^^^^^^^\n  File \"D:\\pyworks\\fastxai\\.venv\\Lib\\site-packages\\fastapi\\routing.py\", line 316, in run_endpoint_function\n    return await dependant.call(**values)\n           ^^^^^^^^^^^^^^^^^^^^^^^^^^^^^^\n  File \"d:\\pyworks\\fastxai\\app\\main.py\", line 263, in favicon\n    return CustomORJSONResponse(status_code=200)\n           ^^^^^^^^^^^^^^^^^^^^^^^^^^^^^^^^^^^^^\nTypeError: JSONResponse.__init__() missing 1 required positional argument: 'content'", "level": "critical", "request_id": "", "user_id": "", "trace_idd": "", "correlation_id": "", "session_id": ""}
2025-12-10 14:40:16.273 | INFO     | _base.py:223 (_proxy_to_logger) | {"event": "Process 55732: Write engine 0 disposed", "timestamp": "2025-12-10T06:40:16.273916Z", "client_ip": "", "trace_idd": "", "user_id": "", "request_id": "", "endpoint": "", "session_id": "", "correlation_id": "", "level": "info"}
2025-12-10 14:40:16.280 | INFO     | _base.py:223 (_proxy_to_logger) | {"event": "Process 55732: Read engine 0 disposed", "timestamp": "2025-12-10T06:40:16.280120Z", "client_ip": "", "trace_idd": "", "user_id": "", "request_id": "", "endpoint": "", "session_id": "", "correlation_id": "", "level": "info"}
2025-12-10 14:40:16.280 | INFO     | _base.py:223 (_proxy_to_logger) | {"event": "Process 55732: DB manager closed", "timestamp": "2025-12-10T06:40:16.280120Z", "client_ip": "", "trace_idd": "", "user_id": "", "request_id": "", "endpoint": "", "session_id": "", "correlation_id": "", "level": "info"}
2025-12-10 14:40:16.280 | INFO     | _base.py:223 (_proxy_to_logger) | {"event": "Shutting down security services", "timestamp": "2025-12-10T06:40:16.280120Z", "client_ip": "", "trace_idd": "", "user_id": "", "request_id": "", "endpoint": "", "session_id": "", "correlation_id": "", "level": "info"}
2025-12-10 14:40:16.281 | INFO     | _base.py:223 (_proxy_to_logger) | {"event": "Redis client closed", "timestamp": "2025-12-10T06:40:16.281120Z", "client_ip": "", "trace_idd": "", "user_id": "", "request_id": "", "endpoint": "", "session_id": "", "correlation_id": "", "level": "info"}
2025-12-10 14:40:16.281 | INFO     | _base.py:223 (_proxy_to_logger) | {"event": "Application shutting down", "timestamp": "2025-12-10T06:40:16.281120Z", "level": "info", "request_id": "", "user_id": "", "trace_idd": "", "endpoint": "", "correlation_id": "", "session_id": "", "client_ip": ""}
2025-12-10 14:40:21.874 | INFO     | _base.py:223 (_proxy_to_logger) | {"event": "Created DB manager for process 62856", "timestamp": "2025-12-10T06:40:21.874139Z", "level": "info", "request_id": "", "user_id": "", "trace_idd": "", "endpoint": "", "correlation_id": "", "session_id": "", "client_ip": ""}
2025-12-10 14:40:22.229 | INFO     | _base.py:223 (_proxy_to_logger) | {"env": "dev", "log_level": "INFO", "log_format": "json", "async_log": true, "event": "Application start...", "timestamp": "2025-12-10T06:40:22.229466Z", "client_ip": "", "session_id": "", "trace_idd": "", "user_id": "", "request_id": "", "endpoint": "", "correlation_id": "", "level": "info"}
2025-12-10 14:40:22.229 | WARNING  | _base.py:223 (_proxy_to_logger) | {"event": "\u6ce8\u518c\u7684\u8def\u7531:", "timestamp": "2025-12-10T06:40:22.229466Z", "client_ip": "", "session_id": "", "trace_idd": "", "user_id": "", "request_id": "", "endpoint": "", "correlation_id": "", "level": "warning"}
2025-12-10 14:40:22.232 | INFO     | _base.py:223 (_proxy_to_logger) | {"event": "Starting security-enhanced application", "timestamp": "2025-12-10T06:40:22.231403Z", "client_ip": "", "session_id": "", "trace_idd": "", "user_id": "", "request_id": "", "endpoint": "", "correlation_id": "", "level": "info"}
2025-12-10 14:40:22.232 | INFO     | _base.py:223 (_proxy_to_logger) | {"event": "settings.DB_WRITE_DSN: ['postgresql+asyncpg://postgres123:pgsAdmin%40123@localhost:5432/fastxai']", "timestamp": "2025-12-10T06:40:22.232379Z", "client_ip": "", "session_id": "", "trace_idd": "", "user_id": "", "request_id": "", "endpoint": "", "correlation_id": "", "level": "info"}
2025-12-10 14:40:22.233 | INFO     | _base.py:223 (_proxy_to_logger) | {"event": "idx(0) -> dsn(postgresql+asyncpg://postgres123:pgsAdmin%40123@localhost:5432/fastxai)", "timestamp": "2025-12-10T06:40:22.232379Z", "client_ip": "", "session_id": "", "trace_idd": "", "user_id": "", "request_id": "", "endpoint": "", "correlation_id": "", "level": "info"}
2025-12-10 14:40:22.255 | INFO     | _base.py:223 (_proxy_to_logger) | {"host": "postgresql+asyncpg://postgres123:pgsAdmin%40123@localhost:5432/fastxai", "event": "Process 62856: Write engine 0 initialized (DSN: postgresql+asyncpg:/...)", "timestamp": "2025-12-10T06:40:22.255098Z", "client_ip": "", "session_id": "", "trace_idd": "", "user_id": "", "request_id": "", "endpoint": "", "correlation_id": "", "level": "info"}
2025-12-10 14:40:22.256 | INFO     | _base.py:223 (_proxy_to_logger) | {"host": "postgresql+asyncpg://postgres123:pgsAdmin%40123@localhost:5432/fastxai", "event": "Process 62856: Read engine 0 initialized (DSN: postgresql+asyncpg:/...)", "timestamp": "2025-12-10T06:40:22.256653Z", "client_ip": "", "session_id": "", "trace_idd": "", "user_id": "", "request_id": "", "endpoint": "", "correlation_id": "", "level": "info"}
2025-12-10 14:40:22.256 | INFO     | _base.py:223 (_proxy_to_logger) | {"event": "Process 62856: DB manager initialized (write: 1, read: 1)", "timestamp": "2025-12-10T06:40:22.256653Z", "client_ip": "", "session_id": "", "trace_idd": "", "user_id": "", "request_id": "", "endpoint": "", "correlation_id": "", "level": "info"}
2025-12-10 14:40:22.433 | INFO     | _base.py:223 (_proxy_to_logger) | {"event": "Process 62856: DB schema initialized", "timestamp": "2025-12-10T06:40:22.433165Z", "client_ip": "", "session_id": "", "trace_idd": "", "user_id": "", "request_id": "", "endpoint": "", "correlation_id": "", "level": "info"}
2025-12-10 14:40:22.438 | INFO     | _base.py:223 (_proxy_to_logger) | {"event": "Redis client initialized successfully", "timestamp": "2025-12-10T06:40:22.438078Z", "client_ip": "", "session_id": "", "trace_idd": "", "user_id": "", "request_id": "", "endpoint": "", "correlation_id": "", "level": "info"}
2025-12-10 14:40:22.440 | INFO     | _base.py:223 (_proxy_to_logger) | {"event": "Security services initialized", "timestamp": "2025-12-10T06:40:22.439123Z", "client_ip": "", "session_id": "", "trace_idd": "", "user_id": "", "request_id": "", "endpoint": "", "correlation_id": "", "level": "info"}
2025-12-10 14:40:28.952 | INFO     | _base.py:223 (_proxy_to_logger) | {"client_user_agent": "Mozilla/5.0 (Windows NT 10.0; Win64; x64; rv:143.0) Gecko/20100101 Firefox/143.0", "content_length": 0, "event": "Request started", "timestamp": "2025-12-10T06:40:28.952604Z", "client_ip": "127.0.0.1", "session_id": "", "trace_idd": "", "http_method": "GET", "user_id": "anonymous", "trace_id": "0693915d-cf3d-7ddc-8001-1d50fa8efc7a", "request_id": "0693915d-cf3d-7ddc-8001-1d50fa8efc7a", "correlattion_id": "0693915d-cf3d-7ddc-8001-1d50fa8efc7a", "endpoint": "/rq", "correlation_id": "", "level": "info"}
2025-12-10 14:40:28.955 | INFO     | _base.py:223 (_proxy_to_logger) | {"status_code": 404, "response_content_length": "22", "event": "Request completed", "timestamp": "2025-12-10T06:40:28.955611Z", "client_ip": "127.0.0.1", "session_id": "", "trace_idd": "", "http_method": "GET", "user_id": "anonymous", "trace_id": "0693915d-cf3d-7ddc-8001-1d50fa8efc7a", "request_id": "0693915d-cf3d-7ddc-8001-1d50fa8efc7a", "correlattion_id": "0693915d-cf3d-7ddc-8001-1d50fa8efc7a", "endpoint": "/rq", "correlation_id": "", "level": "info"}
2025-12-10 14:40:28.976 | INFO     | _base.py:223 (_proxy_to_logger) | {"request_id": "", "method": "GET", "path": "/rq", "status_code": 404, "process_time": 0.023459196090698242, "client_ip": "", "user_agent": "Mozilla/5.0 (Windows NT 10.0; Win64; x64; rv:143.0) Gecko/20100101 Firefox/143.0", "event": "Request processed", "timestamp": "2025-12-10T06:40:28.976063Z", "level": "info", "user_id": "", "trace_idd": "", "endpoint": "", "correlation_id": "", "session_id": ""}
2025-12-10 14:40:29.181 | INFO     | _base.py:223 (_proxy_to_logger) | {"client_user_agent": "Mozilla/5.0 (Windows NT 10.0; Win64; x64; rv:143.0) Gecko/20100101 Firefox/143.0", "content_length": 0, "event": "Request started", "timestamp": "2025-12-10T06:40:29.181519Z", "client_ip": "127.0.0.1", "session_id": "", "trace_idd": "", "http_method": "GET", "user_id": "anonymous", "trace_id": "0693915d-d2e7-780c-8000-6a6ca43a8c90", "request_id": "0693915d-d2e7-780c-8000-6a6ca43a8c90", "correlattion_id": "0693915d-d2e7-780c-8000-6a6ca43a8c90", "endpoint": "/favicon.ico", "correlation_id": "", "level": "info"}
2025-12-10 14:40:29.237 | INFO     | _base.py:223 (_proxy_to_logger) | {"status_code": 200, "response_content_length": "0", "event": "Request completed", "timestamp": "2025-12-10T06:40:29.237435Z", "client_ip": "127.0.0.1", "session_id": "", "trace_idd": "", "http_method": "GET", "user_id": "anonymous", "trace_id": "0693915d-d2e7-780c-8000-6a6ca43a8c90", "request_id": "0693915d-d2e7-780c-8000-6a6ca43a8c90", "correlattion_id": "0693915d-d2e7-780c-8000-6a6ca43a8c90", "endpoint": "/favicon.ico", "correlation_id": "", "level": "info"}
2025-12-10 14:40:29.261 | INFO     | _base.py:223 (_proxy_to_logger) | {"request_id": "", "method": "GET", "path": "/favicon.ico", "status_code": 200, "process_time": 0.08147048950195312, "client_ip": "", "user_agent": "Mozilla/5.0 (Windows NT 10.0; Win64; x64; rv:143.0) Gecko/20100101 Firefox/143.0", "event": "Request processed", "timestamp": "2025-12-10T06:40:29.261986Z", "level": "info", "user_id": "", "trace_idd": "", "endpoint": "", "correlation_id": "", "session_id": ""}
2025-12-10 14:41:21.786 | INFO     | _base.py:223 (_proxy_to_logger) | {"event": "Process 62856: Write engine 0 disposed", "timestamp": "2025-12-10T06:41:21.786333Z", "client_ip": "", "session_id": "", "trace_idd": "", "user_id": "", "request_id": "", "endpoint": "", "correlation_id": "", "level": "info"}
2025-12-10 14:41:21.797 | INFO     | _base.py:223 (_proxy_to_logger) | {"event": "Process 62856: Read engine 0 disposed", "timestamp": "2025-12-10T06:41:21.797796Z", "client_ip": "", "session_id": "", "trace_idd": "", "user_id": "", "request_id": "", "endpoint": "", "correlation_id": "", "level": "info"}
2025-12-10 14:41:21.797 | INFO     | _base.py:223 (_proxy_to_logger) | {"event": "Process 62856: DB manager closed", "timestamp": "2025-12-10T06:41:21.797796Z", "client_ip": "", "session_id": "", "trace_idd": "", "user_id": "", "request_id": "", "endpoint": "", "correlation_id": "", "level": "info"}
2025-12-10 14:41:21.797 | INFO     | _base.py:223 (_proxy_to_logger) | {"event": "Shutting down security services", "timestamp": "2025-12-10T06:41:21.797796Z", "client_ip": "", "session_id": "", "trace_idd": "", "user_id": "", "request_id": "", "endpoint": "", "correlation_id": "", "level": "info"}
2025-12-10 14:41:21.798 | INFO     | _base.py:223 (_proxy_to_logger) | {"event": "Redis client closed", "timestamp": "2025-12-10T06:41:21.798803Z", "client_ip": "", "session_id": "", "trace_idd": "", "user_id": "", "request_id": "", "endpoint": "", "correlation_id": "", "level": "info"}
2025-12-10 14:41:21.798 | INFO     | _base.py:223 (_proxy_to_logger) | {"event": "Application shutting down", "timestamp": "2025-12-10T06:41:21.798803Z", "level": "info", "request_id": "", "user_id": "", "trace_idd": "", "endpoint": "", "correlation_id": "", "session_id": "", "client_ip": ""}
2025-12-10 14:41:27.730 | INFO     | _base.py:223 (_proxy_to_logger) | {"event": "Created DB manager for process 19564", "timestamp": "2025-12-10T06:41:27.730973Z", "level": "info", "request_id": "", "user_id": "", "trace_idd": "", "endpoint": "", "correlation_id": "", "session_id": "", "client_ip": ""}
2025-12-10 14:41:28.074 | INFO     | _base.py:223 (_proxy_to_logger) | {"env": "dev", "log_level": "INFO", "log_format": "json", "async_log": true, "event": "Application start...", "timestamp": "2025-12-10T06:41:28.074682Z", "trace_idd": "", "user_id": "", "correlation_id": "", "request_id": "", "endpoint": "", "client_ip": "", "session_id": "", "level": "info"}
2025-12-10 14:41:28.075 | WARNING  | _base.py:223 (_proxy_to_logger) | {"event": "\u6ce8\u518c\u7684\u8def\u7531:", "timestamp": "2025-12-10T06:41:28.075683Z", "trace_idd": "", "user_id": "", "correlation_id": "", "request_id": "", "endpoint": "", "client_ip": "", "session_id": "", "level": "warning"}
2025-12-10 14:41:28.076 | INFO     | _base.py:223 (_proxy_to_logger) | {"event": "Starting security-enhanced application", "timestamp": "2025-12-10T06:41:28.076799Z", "trace_idd": "", "user_id": "", "correlation_id": "", "request_id": "", "endpoint": "", "client_ip": "", "session_id": "", "level": "info"}
2025-12-10 14:41:28.077 | INFO     | _base.py:223 (_proxy_to_logger) | {"event": "settings.DB_WRITE_DSN: ['postgresql+asyncpg://postgres123:pgsAdmin%40123@localhost:5432/fastxai']", "timestamp": "2025-12-10T06:41:28.077707Z", "trace_idd": "", "user_id": "", "correlation_id": "", "request_id": "", "endpoint": "", "client_ip": "", "session_id": "", "level": "info"}
2025-12-10 14:41:28.077 | INFO     | _base.py:223 (_proxy_to_logger) | {"event": "idx(0) -> dsn(postgresql+asyncpg://postgres123:pgsAdmin%40123@localhost:5432/fastxai)", "timestamp": "2025-12-10T06:41:28.077707Z", "trace_idd": "", "user_id": "", "correlation_id": "", "request_id": "", "endpoint": "", "client_ip": "", "session_id": "", "level": "info"}
2025-12-10 14:41:28.094 | INFO     | _base.py:223 (_proxy_to_logger) | {"host": "postgresql+asyncpg://postgres123:pgsAdmin%40123@localhost:5432/fastxai", "event": "Process 19564: Write engine 0 initialized (DSN: postgresql+asyncpg:/...)", "timestamp": "2025-12-10T06:41:28.094954Z", "trace_idd": "", "user_id": "", "correlation_id": "", "request_id": "", "endpoint": "", "client_ip": "", "session_id": "", "level": "info"}
2025-12-10 14:41:28.094 | INFO     | _base.py:223 (_proxy_to_logger) | {"host": "postgresql+asyncpg://postgres123:pgsAdmin%40123@localhost:5432/fastxai", "event": "Process 19564: Read engine 0 initialized (DSN: postgresql+asyncpg:/...)", "timestamp": "2025-12-10T06:41:28.094954Z", "trace_idd": "", "user_id": "", "correlation_id": "", "request_id": "", "endpoint": "", "client_ip": "", "session_id": "", "level": "info"}
2025-12-10 14:41:28.094 | INFO     | _base.py:223 (_proxy_to_logger) | {"event": "Process 19564: DB manager initialized (write: 1, read: 1)", "timestamp": "2025-12-10T06:41:28.094954Z", "trace_idd": "", "user_id": "", "correlation_id": "", "request_id": "", "endpoint": "", "client_ip": "", "session_id": "", "level": "info"}
2025-12-10 14:41:28.265 | INFO     | _base.py:223 (_proxy_to_logger) | {"event": "Process 19564: DB schema initialized", "timestamp": "2025-12-10T06:41:28.265118Z", "trace_idd": "", "user_id": "", "correlation_id": "", "request_id": "", "endpoint": "", "client_ip": "", "session_id": "", "level": "info"}
2025-12-10 14:41:28.278 | INFO     | _base.py:223 (_proxy_to_logger) | {"event": "Redis client initialized successfully", "timestamp": "2025-12-10T06:41:28.278487Z", "trace_idd": "", "user_id": "", "correlation_id": "", "request_id": "", "endpoint": "", "client_ip": "", "session_id": "", "level": "info"}
2025-12-10 14:41:28.281 | INFO     | _base.py:223 (_proxy_to_logger) | {"event": "Security services initialized", "timestamp": "2025-12-10T06:41:28.281386Z", "trace_idd": "", "user_id": "", "correlation_id": "", "request_id": "", "endpoint": "", "client_ip": "", "session_id": "", "level": "info"}
2025-12-10 14:41:49.718 | INFO     | _base.py:223 (_proxy_to_logger) | {"client_user_agent": "Mozilla/5.0 (Windows NT 10.0; Win64; x64; rv:143.0) Gecko/20100101 Firefox/143.0", "content_length": 0, "event": "Request started", "timestamp": "2025-12-10T06:41:49.718728Z", "trace_idd": "", "correlattion_id": "06939162-db7b-7cb0-8001-08660caefa88", "user_id": "anonymous", "correlation_id": "", "http_method": "GET", "trace_id": "06939162-db7b-7cb0-8001-08660caefa88", "request_id": "06939162-db7b-7cb0-8001-08660caefa88", "endpoint": "/rq", "client_ip": "127.0.0.1", "session_id": "", "level": "info"}
2025-12-10 14:41:49.763 | INFO     | _base.py:223 (_proxy_to_logger) | {"status_code": 307, "response_content_length": "0", "event": "Request completed", "timestamp": "2025-12-10T06:41:49.763434Z", "trace_idd": "", "correlattion_id": "06939162-db7b-7cb0-8001-08660caefa88", "user_id": "anonymous", "correlation_id": "", "http_method": "GET", "trace_id": "06939162-db7b-7cb0-8001-08660caefa88", "request_id": "06939162-db7b-7cb0-8001-08660caefa88", "endpoint": "/rq", "client_ip": "127.0.0.1", "session_id": "", "level": "info"}
2025-12-10 14:41:49.770 | INFO     | _base.py:223 (_proxy_to_logger) | {"request_id": "", "method": "GET", "path": "/rq", "status_code": 307, "process_time": 0.052277565002441406, "client_ip": "", "user_agent": "Mozilla/5.0 (Windows NT 10.0; Win64; x64; rv:143.0) Gecko/20100101 Firefox/143.0", "event": "Request processed", "timestamp": "2025-12-10T06:41:49.770000Z", "level": "info", "user_id": "", "trace_idd": "", "endpoint": "", "correlation_id": "", "session_id": ""}
2025-12-10 14:41:49.788 | INFO     | _base.py:223 (_proxy_to_logger) | {"client_user_agent": "Mozilla/5.0 (Windows NT 10.0; Win64; x64; rv:143.0) Gecko/20100101 Firefox/143.0", "content_length": 0, "event": "Request started", "timestamp": "2025-12-10T06:41:49.788707Z", "trace_idd": "", "correlattion_id": "06939162-dc9e-78bf-8000-d2d1b30ae95a", "user_id": "anonymous", "correlation_id": "", "http_method": "GET", "trace_id": "06939162-dc9e-78bf-8000-d2d1b30ae95a", "request_id": "06939162-dc9e-78bf-8000-d2d1b30ae95a", "endpoint": "/rq/", "client_ip": "127.0.0.1", "session_id": "", "level": "info"}
2025-12-10 14:41:49.863 | INFO     | _base.py:223 (_proxy_to_logger) | {"status_code": 200, "response_content_length": "10645", "event": "Request completed", "timestamp": "2025-12-10T06:41:49.863456Z", "trace_idd": "", "correlattion_id": "06939162-dc9e-78bf-8000-d2d1b30ae95a", "user_id": "anonymous", "correlation_id": "", "http_method": "GET", "trace_id": "06939162-dc9e-78bf-8000-d2d1b30ae95a", "request_id": "06939162-dc9e-78bf-8000-d2d1b30ae95a", "endpoint": "/rq/", "client_ip": "127.0.0.1", "session_id": "", "level": "info"}
2025-12-10 14:41:49.955 | INFO     | _base.py:223 (_proxy_to_logger) | {"request_id": "", "method": "GET", "path": "/rq/", "status_code": 200, "process_time": 0.1681685447692871, "client_ip": "", "user_agent": "Mozilla/5.0 (Windows NT 10.0; Win64; x64; rv:143.0) Gecko/20100101 Firefox/143.0", "event": "Request processed", "timestamp": "2025-12-10T06:41:49.955873Z", "level": "info", "user_id": "", "trace_idd": "", "endpoint": "", "correlation_id": "", "session_id": ""}
2025-12-10 14:41:50.090 | INFO     | _base.py:223 (_proxy_to_logger) | {"client_user_agent": "Mozilla/5.0 (Windows NT 10.0; Win64; x64; rv:143.0) Gecko/20100101 Firefox/143.0", "content_length": 0, "event": "Request started", "timestamp": "2025-12-10T06:41:50.090402Z", "trace_idd": "", "correlattion_id": "06939162-e172-7499-8001-4bdebddfe58d", "user_id": "anonymous", "correlation_id": "", "http_method": "GET", "trace_id": "06939162-e172-7499-8001-4bdebddfe58d", "request_id": "06939162-e172-7499-8001-4bdebddfe58d", "endpoint": "/rq/static/css/main.css", "client_ip": "127.0.0.1", "session_id": "", "level": "info"}
2025-12-10 14:41:50.152 | INFO     | _base.py:223 (_proxy_to_logger) | {"status_code": 200, "response_content_length": "5526", "event": "Request completed", "timestamp": "2025-12-10T06:41:50.152217Z", "trace_idd": "", "correlattion_id": "06939162-e172-7499-8001-4bdebddfe58d", "user_id": "anonymous", "correlation_id": "", "http_method": "GET", "trace_id": "06939162-e172-7499-8001-4bdebddfe58d", "request_id": "06939162-e172-7499-8001-4bdebddfe58d", "endpoint": "/rq/static/css/main.css", "client_ip": "127.0.0.1", "session_id": "", "level": "info"}
2025-12-10 14:41:50.156 | INFO     | _base.py:223 (_proxy_to_logger) | {"request_id": "", "method": "GET", "path": "/rq/static/css/main.css", "status_code": 200, "process_time": 0.06634807586669922, "client_ip": "", "user_agent": "Mozilla/5.0 (Windows NT 10.0; Win64; x64; rv:143.0) Gecko/20100101 Firefox/143.0", "event": "Request processed", "timestamp": "2025-12-10T06:41:50.156750Z", "level": "info", "user_id": "", "trace_idd": "", "endpoint": "", "correlation_id": "", "session_id": ""}
2025-12-10 14:41:50.248 | INFO     | _base.py:223 (_proxy_to_logger) | {"client_user_agent": "Mozilla/5.0 (Windows NT 10.0; Win64; x64; rv:143.0) Gecko/20100101 Firefox/143.0", "content_length": 0, "event": "Request started", "timestamp": "2025-12-10T06:41:50.248640Z", "trace_idd": "", "correlattion_id": "06939162-e3fa-76ea-8000-d151ccbb88fa", "user_id": "anonymous", "correlation_id": "", "http_method": "GET", "trace_id": "06939162-e3fa-76ea-8000-d151ccbb88fa", "request_id": "06939162-e3fa-76ea-8000-d151ccbb88fa", "endpoint": "/favicon.ico", "client_ip": "127.0.0.1", "session_id": "", "level": "info"}
2025-12-10 14:41:50.251 | INFO     | _base.py:223 (_proxy_to_logger) | {"status_code": 200, "response_content_length": "0", "event": "Request completed", "timestamp": "2025-12-10T06:41:50.251794Z", "trace_idd": "", "correlattion_id": "06939162-e3fa-76ea-8000-d151ccbb88fa", "user_id": "anonymous", "correlation_id": "", "http_method": "GET", "trace_id": "06939162-e3fa-76ea-8000-d151ccbb88fa", "request_id": "06939162-e3fa-76ea-8000-d151ccbb88fa", "endpoint": "/favicon.ico", "client_ip": "127.0.0.1", "session_id": "", "level": "info"}
2025-12-10 14:41:50.347 | INFO     | _base.py:223 (_proxy_to_logger) | {"request_id": "", "method": "GET", "path": "/favicon.ico", "status_code": 200, "process_time": 0.100067138671875, "client_ip": "", "user_agent": "Mozilla/5.0 (Windows NT 10.0; Win64; x64; rv:143.0) Gecko/20100101 Firefox/143.0", "event": "Request processed", "timestamp": "2025-12-10T06:41:50.347709Z", "level": "info", "user_id": "", "trace_idd": "", "endpoint": "", "correlation_id": "", "session_id": ""}
