2025-12-10 14:34:11.744 | ERROR    | _base.py:223 (_proxy_to_logger) | {"exception": "  + Exception Group Traceback (most recent call last):\n  |   File \"D:\\pyworks\\fastxai\\.venv\\Lib\\site-packages\\starlette\\_utils.py\", line 79, in collapse_excgroups\n  |     yield\n  |   File \"D:\\pyworks\\fastxai\\.venv\\Lib\\site-packages\\starlette\\middleware\\base.py\", line 192, in __call__\n  |     async with anyio.create_task_group() as task_group:\n  |   File \"D:\\pyworks\\fastxai\\.venv\\Lib\\site-packages\\anyio\\_backends\\_asyncio.py\", line 783, in __aexit__\n  |     raise BaseExceptionGroup(\n  | ExceptionGroup: unhandled errors in a TaskGroup (1 sub-exception)\n  +-+---------------- 1 ----------------\n    | Traceback (most recent call last):\n    |   File \"d:\\pyworks\\fastxai\\app\\core\\middleware2.py\", line 97, in dispatch\n    |     response = await call_next(request)\n    |                ^^^^^^^^^^^^^^^^^^^^^^^^\n    |   File \"D:\\pyworks\\fastxai\\.venv\\Lib\\site-packages\\starlette\\middleware\\base.py\", line 168, in call_next\n    |     raise app_exc from app_exc.__cause__ or app_exc.__context__\n    |   File \"D:\\pyworks\\fastxai\\.venv\\Lib\\site-packages\\starlette\\middleware\\base.py\", line 144, in coro\n    |     await self.app(scope, receive_or_disconnect, send_no_error)\n    |   File \"D:\\pyworks\\fastxai\\.venv\\Lib\\site-packages\\prometheus_fastapi_instrumentator\\middleware.py\", line 177, in __call__\n    |     raise exc\n    |   File \"D:\\pyworks\\fastxai\\.venv\\Lib\\site-packages\\prometheus_fastapi_instrumentator\\middleware.py\", line 175, in __call__\n    |     await self.app(scope, receive, send_wrapper)\n    |   File \"D:\\pyworks\\fastxai\\.venv\\Lib\\site-packages\\fastapi_profiler\\profiler.py\", line 90, in __call__\n    |     await self.app(scope, receive, wrapped_send)\n    |   File \"D:\\pyworks\\fastxai\\.venv\\Lib\\site-packages\\starlette\\middleware\\base.py\", line 191, in __call__\n    |     with recv_stream, send_stream, collapse_excgroups():\n    |   File \"C:\\Users\\Chenjf\\AppData\\Roaming\\uv\\python\\cpython-3.11.14-windows-x86_64-none\\Lib\\contextlib.py\", line 158, in __exit__\n    |     self.gen.throw(typ, value, traceback)\n    |   File \"D:\\pyworks\\fastxai\\.venv\\Lib\\site-packages\\starlette\\_utils.py\", line 85, in collapse_excgroups\n    |     raise exc\n    |   File \"D:\\pyworks\\fastxai\\.venv\\Lib\\site-packages\\starlette\\middleware\\base.py\", line 193, in __call__\n    |     response = await self.dispatch_func(request, call_next)\n    |                ^^^^^^^^^^^^^^^^^^^^^^^^^^^^^^^^^^^^^^^^^^^^\n    |   File \"D:\\pyworks\\fastxai\\.venv\\Lib\\site-packages\\starlette_prometheus\\middleware.py\", line 57, in dispatch\n    |     raise e from None\n    |   File \"D:\\pyworks\\fastxai\\.venv\\Lib\\site-packages\\starlette_prometheus\\middleware.py\", line 53, in dispatch\n    |     response = await call_next(request)\n    |                ^^^^^^^^^^^^^^^^^^^^^^^^\n    |   File \"D:\\pyworks\\fastxai\\.venv\\Lib\\site-packages\\starlette\\middleware\\base.py\", line 168, in call_next\n    |     raise app_exc from app_exc.__cause__ or app_exc.__context__\n    |   File \"D:\\pyworks\\fastxai\\.venv\\Lib\\site-packages\\starlette\\middleware\\base.py\", line 144, in coro\n    |     await self.app(scope, receive_or_disconnect, send_no_error)\n    |   File \"D:\\pyworks\\fastxai\\.venv\\Lib\\site-packages\\starlette\\middleware\\exceptions.py\", line 63, in __call__\n    |     await wrap_app_handling_exceptions(self.app, conn)(scope, receive, send)\n    |   File \"D:\\pyworks\\fastxai\\.venv\\Lib\\site-packages\\starlette\\_exception_handler.py\", line 53, in wrapped_app\n    |     raise exc\n    |   File \"D:\\pyworks\\fastxai\\.venv\\Lib\\site-packages\\starlette\\_exception_handler.py\", line 42, in wrapped_app\n    |     await app(scope, receive, sender)\n    |   File \"D:\\pyworks\\fastxai\\.venv\\Lib\\site-packages\\fastapi\\middleware\\asyncexitstack.py\", line 18, in __call__\n    |     await self.app(scope, receive, send)\n    |   File \"D:\\pyworks\\fastxai\\.venv\\Lib\\site-packages\\starlette\\routing.py\", line 716, in __call__\n    |     await self.middleware_stack(scope, receive, send)\n    |   File \"D:\\pyworks\\fastxai\\.venv\\Lib\\site-packages\\starlette\\routing.py\", line 736, in app\n    |     await route.handle(scope, receive, send)\n    |   File \"D:\\pyworks\\fastxai\\.venv\\Lib\\site-packages\\starlette\\routing.py\", line 290, in handle\n    |     await self.app(scope, receive, send)\n    |   File \"D:\\pyworks\\fastxai\\.venv\\Lib\\site-packages\\fastapi\\routing.py\", line 120, in app\n    |     await wrap_app_handling_exceptions(app, request)(scope, receive, send)\n    |   File \"D:\\pyworks\\fastxai\\.venv\\Lib\\site-packages\\starlette\\_exception_handler.py\", line 53, in wrapped_app\n    |     raise exc\n    |   File \"D:\\pyworks\\fastxai\\.venv\\Lib\\site-packages\\starlette\\_exception_handler.py\", line 42, in wrapped_app\n    |     await app(scope, receive, sender)\n    |   File \"D:\\pyworks\\fastxai\\.venv\\Lib\\site-packages\\fastapi\\routing.py\", line 106, in app\n    |     response = await f(request)\n    |                ^^^^^^^^^^^^^^^^\n    |   File \"D:\\pyworks\\fastxai\\.venv\\Lib\\site-packages\\fastapi\\routing.py\", line 430, in app\n    |     raw_response = await run_endpoint_function(\n    |                    ^^^^^^^^^^^^^^^^^^^^^^^^^^^^\n    |   File \"D:\\pyworks\\fastxai\\.venv\\Lib\\site-packages\\fastapi\\routing.py\", line 316, in run_endpoint_function\n    |     return await dependant.call(**values)\n    |            ^^^^^^^^^^^^^^^^^^^^^^^^^^^^^^\n    |   File \"d:\\pyworks\\fastxai\\app\\main.py\", line 260, in favicon\n    | TypeError: JSONResponse.__init__() missing 1 required positional argument: 'content'\n    +------------------------------------\n\nThe above exception was the direct cause of the following exception:\n\nTraceback (most recent call last):\n  File \"d:\\pyworks\\fastxai\\app\\core\\middleware2.py\", line 97, in dispatch\n    response = await call_next(request)\n               ^^^^^^^^^^^^^^^^^^^^^^^^\n  File \"D:\\pyworks\\fastxai\\.venv\\Lib\\site-packages\\starlette\\middleware\\base.py\", line 168, in call_next\n    raise app_exc from app_exc.__cause__ or app_exc.__context__\n  File \"D:\\pyworks\\fastxai\\.venv\\Lib\\site-packages\\starlette\\middleware\\base.py\", line 144, in coro\n    await self.app(scope, receive_or_disconnect, send_no_error)\n  File \"D:\\pyworks\\fastxai\\.venv\\Lib\\site-packages\\prometheus_fastapi_instrumentator\\middleware.py\", line 177, in __call__\n    raise exc\n  File \"D:\\pyworks\\fastxai\\.venv\\Lib\\site-packages\\prometheus_fastapi_instrumentator\\middleware.py\", line 175, in __call__\n    await self.app(scope, receive, send_wrapper)\n  File \"D:\\pyworks\\fastxai\\.venv\\Lib\\site-packages\\fastapi_profiler\\profiler.py\", line 90, in __call__\n    await self.app(scope, receive, wrapped_send)\n  File \"D:\\pyworks\\fastxai\\.venv\\Lib\\site-packages\\starlette\\middleware\\base.py\", line 191, in __call__\n    with recv_stream, send_stream, collapse_excgroups():\n  File \"C:\\Users\\Chenjf\\AppData\\Roaming\\uv\\python\\cpython-3.11.14-windows-x86_64-none\\Lib\\contextlib.py\", line 158, in __exit__\n    self.gen.throw(typ, value, traceback)\n  File \"D:\\pyworks\\fastxai\\.venv\\Lib\\site-packages\\starlette\\_utils.py\", line 85, in collapse_excgroups\n    raise exc\n  File \"D:\\pyworks\\fastxai\\.venv\\Lib\\site-packages\\starlette\\middleware\\base.py\", line 193, in __call__\n    response = await self.dispatch_func(request, call_next)\n               ^^^^^^^^^^^^^^^^^^^^^^^^^^^^^^^^^^^^^^^^^^^^\n  File \"D:\\pyworks\\fastxai\\.venv\\Lib\\site-packages\\starlette_prometheus\\middleware.py\", line 57, in dispatch\n    raise e from None\n  File \"D:\\pyworks\\fastxai\\.venv\\Lib\\site-packages\\starlette_prometheus\\middleware.py\", line 53, in dispatch\n    response = await call_next(request)\n               ^^^^^^^^^^^^^^^^^^^^^^^^\n  File \"D:\\pyworks\\fastxai\\.venv\\Lib\\site-packages\\starlette\\middleware\\base.py\", line 168, in call_next\n    raise app_exc from app_exc.__cause__ or app_exc.__context__\n  File \"D:\\pyworks\\fastxai\\.venv\\Lib\\site-packages\\starlette\\middleware\\base.py\", line 144, in coro\n    await self.app(scope, receive_or_disconnect, send_no_error)\n  File \"D:\\pyworks\\fastxai\\.venv\\Lib\\site-packages\\starlette\\middleware\\exceptions.py\", line 63, in __call__\n    await wrap_app_handling_exceptions(self.app, conn)(scope, receive, send)\n  File \"D:\\pyworks\\fastxai\\.venv\\Lib\\site-packages\\starlette\\_exception_handler.py\", line 53, in wrapped_app\n    raise exc\n  File \"D:\\pyworks\\fastxai\\.venv\\Lib\\site-packages\\starlette\\_exception_handler.py\", line 42, in wrapped_app\n    await app(scope, receive, sender)\n  File \"D:\\pyworks\\fastxai\\.venv\\Lib\\site-packages\\fastapi\\middleware\\asyncexitstack.py\", line 18, in __call__\n    await self.app(scope, receive, send)\n  File \"D:\\pyworks\\fastxai\\.venv\\Lib\\site-packages\\starlette\\routing.py\", line 716, in __call__\n    await self.middleware_stack(scope, receive, send)\n  File \"D:\\pyworks\\fastxai\\.venv\\Lib\\site-packages\\starlette\\routing.py\", line 736, in app\n    await route.handle(scope, receive, send)\n  File \"D:\\pyworks\\fastxai\\.venv\\Lib\\site-packages\\starlette\\routing.py\", line 290, in handle\n    await self.app(scope, receive, send)\n  File \"D:\\pyworks\\fastxai\\.venv\\Lib\\site-packages\\fastapi\\routing.py\", line 120, in app\n    await wrap_app_handling_exceptions(app, request)(scope, receive, send)\n  File \"D:\\pyworks\\fastxai\\.venv\\Lib\\site-packages\\starlette\\_exception_handler.py\", line 53, in wrapped_app\n    raise exc\n  File \"D:\\pyworks\\fastxai\\.venv\\Lib\\site-packages\\starlette\\_exception_handler.py\", line 42, in wrapped_app\n    await app(scope, receive, sender)\n  File \"D:\\pyworks\\fastxai\\.venv\\Lib\\site-packages\\fastapi\\routing.py\", line 106, in app\n    response = await f(request)\n               ^^^^^^^^^^^^^^^^\n  File \"D:\\pyworks\\fastxai\\.venv\\Lib\\site-packages\\fastapi\\routing.py\", line 430, in app\n    raw_response = await run_endpoint_function(\n                   ^^^^^^^^^^^^^^^^^^^^^^^^^^^^\n  File \"D:\\pyworks\\fastxai\\.venv\\Lib\\site-packages\\fastapi\\routing.py\", line 316, in run_endpoint_function\n    return await dependant.call(**values)\n           ^^^^^^^^^^^^^^^^^^^^^^^^^^^^^^\n  File \"d:\\pyworks\\fastxai\\app\\main.py\", line 260, in favicon\nTypeError: JSONResponse.__init__() missing 1 required positional argument: 'content'", "event": "Request failed", "timestamp": "2025-12-10T06:34:11.729612Z", "trace_id": "06939146-3812-7cd2-8000-ae1c21b802b9", "status_code": 500, "correlation_id": "", "session_id": "", "request_id": "06939146-3812-7cd2-8000-ae1c21b802b9", "client_ip": "127.0.0.1", "correlattion_id": "06939146-3812-7cd2-8000-ae1c21b802b9", "endpoint": "/favicon.ico", "http_method": "GET", "user_id": "anonymous", "trace_idd": "", "level": "error"}
2025-12-10 14:34:11.749 | ERROR    | _base.py:223 (_proxy_to_logger) | {"request_id": "", "error": "JSONResponse.__init__() missing 1 required positional argument: 'content'", "client_ip": "", "path": "/favicon.ico", "event": "Request error", "timestamp": "2025-12-10T06:34:11.749637Z", "level": "error", "user_id": "", "trace_idd": "", "endpoint": "", "correlation_id": "", "session_id": ""}
2025-12-10 14:34:11.771 | CRITICAL | _base.py:223 (_proxy_to_logger) | {"endpoint": "", "client_ip": "", "event": "Unhandled exception", "timestamp": "2025-12-10T06:34:11.751637Z", "exception": "  + Exception Group Traceback (most recent call last):\n  |   File \"D:\\pyworks\\fastxai\\.venv\\Lib\\site-packages\\starlette\\_utils.py\", line 79, in collapse_excgroups\n  |     yield\n  |   File \"D:\\pyworks\\fastxai\\.venv\\Lib\\site-packages\\starlette\\middleware\\base.py\", line 192, in __call__\n  |     async with anyio.create_task_group() as task_group:\n  |   File \"D:\\pyworks\\fastxai\\.venv\\Lib\\site-packages\\anyio\\_backends\\_asyncio.py\", line 783, in __aexit__\n  |     raise BaseExceptionGroup(\n  | ExceptionGroup: unhandled errors in a TaskGroup (1 sub-exception)\n  +-+---------------- 1 ----------------\n    | Traceback (most recent call last):\n    |   File \"D:\\pyworks\\fastxai\\.venv\\Lib\\site-packages\\starlette\\middleware\\errors.py\", line 164, in __call__\n    |     await self.app(scope, receive, _send)\n    |   File \"D:\\pyworks\\fastxai\\.venv\\Lib\\site-packages\\starlette\\middleware\\base.py\", line 191, in __call__\n    |     with recv_stream, send_stream, collapse_excgroups():\n    |   File \"C:\\Users\\Chenjf\\AppData\\Roaming\\uv\\python\\cpython-3.11.14-windows-x86_64-none\\Lib\\contextlib.py\", line 158, in __exit__\n    |     self.gen.throw(typ, value, traceback)\n    |   File \"D:\\pyworks\\fastxai\\.venv\\Lib\\site-packages\\starlette\\_utils.py\", line 85, in collapse_excgroups\n    |     raise exc\n    |   File \"D:\\pyworks\\fastxai\\.venv\\Lib\\site-packages\\starlette\\middleware\\base.py\", line 193, in __call__\n    |     response = await self.dispatch_func(request, call_next)\n    |                ^^^^^^^^^^^^^^^^^^^^^^^^^^^^^^^^^^^^^^^^^^^^\n    |   File \"d:\\pyworks\\fastxai\\app\\core\\middlewares.py\", line 258, in xss_protection\n    |     response = await call_next(request)\n    |                ^^^^^^^^^^^^^^^^^^^^^^^^\n    |   File \"D:\\pyworks\\fastxai\\.venv\\Lib\\site-packages\\starlette\\middleware\\base.py\", line 168, in call_next\n    |     raise app_exc from app_exc.__cause__ or app_exc.__context__\n    |   File \"D:\\pyworks\\fastxai\\.venv\\Lib\\site-packages\\starlette\\middleware\\base.py\", line 144, in coro\n    |     await self.app(scope, receive_or_disconnect, send_no_error)\n    |   File \"D:\\pyworks\\fastxai\\.venv\\Lib\\site-packages\\starlette\\middleware\\base.py\", line 191, in __call__\n    |     with recv_stream, send_stream, collapse_excgroups():\n    |   File \"C:\\Users\\Chenjf\\AppData\\Roaming\\uv\\python\\cpython-3.11.14-windows-x86_64-none\\Lib\\contextlib.py\", line 158, in __exit__\n    |     self.gen.throw(typ, value, traceback)\n    |   File \"D:\\pyworks\\fastxai\\.venv\\Lib\\site-packages\\starlette\\_utils.py\", line 85, in collapse_excgroups\n    |     raise exc\n    |   File \"D:\\pyworks\\fastxai\\.venv\\Lib\\site-packages\\starlette\\middleware\\base.py\", line 193, in __call__\n    |     response = await self.dispatch_func(request, call_next)\n    |                ^^^^^^^^^^^^^^^^^^^^^^^^^^^^^^^^^^^^^^^^^^^^\n    |   File \"d:\\pyworks\\fastxai\\app\\core\\middlewares.py\", line 253, in sql_injection_protection\n    |     return await call_next(request)\n    |            ^^^^^^^^^^^^^^^^^^^^^^^^\n    |   File \"D:\\pyworks\\fastxai\\.venv\\Lib\\site-packages\\starlette\\middleware\\base.py\", line 168, in call_next\n    |     raise app_exc from app_exc.__cause__ or app_exc.__context__\n    |   File \"D:\\pyworks\\fastxai\\.venv\\Lib\\site-packages\\starlette\\middleware\\base.py\", line 144, in coro\n    |     await self.app(scope, receive_or_disconnect, send_no_error)\n    |   File \"D:\\pyworks\\fastxai\\.venv\\Lib\\site-packages\\starlette\\middleware\\base.py\", line 191, in __call__\n    |     with recv_stream, send_stream, collapse_excgroups():\n    |   File \"C:\\Users\\Chenjf\\AppData\\Roaming\\uv\\python\\cpython-3.11.14-windows-x86_64-none\\Lib\\contextlib.py\", line 158, in __exit__\n    |     self.gen.throw(typ, value, traceback)\n    |   File \"D:\\pyworks\\fastxai\\.venv\\Lib\\site-packages\\starlette\\_utils.py\", line 85, in collapse_excgroups\n    |     raise exc\n    |   File \"D:\\pyworks\\fastxai\\.venv\\Lib\\site-packages\\starlette\\middleware\\base.py\", line 193, in __call__\n    |     response = await self.dispatch_func(request, call_next)\n    |                ^^^^^^^^^^^^^^^^^^^^^^^^^^^^^^^^^^^^^^^^^^^^\n    |   File \"d:\\pyworks\\fastxai\\app\\core\\middlewares.py\", line 175, in add_security_headers\n    |     response = await call_next(request)\n    |                ^^^^^^^^^^^^^^^^^^^^^^^^\n    |   File \"D:\\pyworks\\fastxai\\.venv\\Lib\\site-packages\\starlette\\middleware\\base.py\", line 168, in call_next\n    |     raise app_exc from app_exc.__cause__ or app_exc.__context__\n    |   File \"D:\\pyworks\\fastxai\\.venv\\Lib\\site-packages\\starlette\\middleware\\base.py\", line 144, in coro\n    |     await self.app(scope, receive_or_disconnect, send_no_error)\n    |   File \"D:\\pyworks\\fastxai\\.venv\\Lib\\site-packages\\starlette\\middleware\\gzip.py\", line 29, in __call__\n    |     await responder(scope, receive, send)\n    |   File \"D:\\pyworks\\fastxai\\.venv\\Lib\\site-packages\\starlette\\middleware\\gzip.py\", line 130, in __call__\n    |     await super().__call__(scope, receive, send)\n    |   File \"D:\\pyworks\\fastxai\\.venv\\Lib\\site-packages\\starlette\\middleware\\gzip.py\", line 46, in __call__\n    |     await self.app(scope, receive, self.send_with_compression)\n    |   File \"D:\\pyworks\\fastxai\\.venv\\Lib\\site-packages\\starlette\\middleware\\cors.py\", line 85, in __call__\n    |     await self.app(scope, receive, send)\n    |   File \"D:\\pyworks\\fastxai\\.venv\\Lib\\site-packages\\starlette\\middleware\\base.py\", line 191, in __call__\n    |     with recv_stream, send_stream, collapse_excgroups():\n    |   File \"C:\\Users\\Chenjf\\AppData\\Roaming\\uv\\python\\cpython-3.11.14-windows-x86_64-none\\Lib\\contextlib.py\", line 158, in __exit__\n    |     self.gen.throw(typ, value, traceback)\n    |   File \"D:\\pyworks\\fastxai\\.venv\\Lib\\site-packages\\starlette\\_utils.py\", line 85, in collapse_excgroups\n    |     raise exc\n    |   File \"D:\\pyworks\\fastxai\\.venv\\Lib\\site-packages\\starlette\\middleware\\base.py\", line 193, in __call__\n    |     response = await self.dispatch_func(request, call_next)\n    |                ^^^^^^^^^^^^^^^^^^^^^^^^^^^^^^^^^^^^^^^^^^^^\n    |   File \"D:\\pyworks\\fastxai\\.venv\\Lib\\site-packages\\slowapi\\middleware.py\", line 136, in dispatch\n    |     response = await call_next(request)\n    |                ^^^^^^^^^^^^^^^^^^^^^^^^\n    |   File \"D:\\pyworks\\fastxai\\.venv\\Lib\\site-packages\\starlette\\middleware\\base.py\", line 168, in call_next\n    |     raise app_exc from app_exc.__cause__ or app_exc.__context__\n    |   File \"D:\\pyworks\\fastxai\\.venv\\Lib\\site-packages\\starlette\\middleware\\base.py\", line 144, in coro\n    |     await self.app(scope, receive_or_disconnect, send_no_error)\n    |   File \"D:\\pyworks\\fastxai\\.venv\\Lib\\site-packages\\starlette\\middleware\\base.py\", line 191, in __call__\n    |     with recv_stream, send_stream, collapse_excgroups():\n    |   File \"C:\\Users\\Chenjf\\AppData\\Roaming\\uv\\python\\cpython-3.11.14-windows-x86_64-none\\Lib\\contextlib.py\", line 158, in __exit__\n    |     self.gen.throw(typ, value, traceback)\n    |   File \"D:\\pyworks\\fastxai\\.venv\\Lib\\site-packages\\starlette\\_utils.py\", line 85, in collapse_excgroups\n    |     raise exc\n    |   File \"D:\\pyworks\\fastxai\\.venv\\Lib\\site-packages\\starlette\\middleware\\base.py\", line 193, in __call__\n    |     response = await self.dispatch_func(request, call_next)\n    |                ^^^^^^^^^^^^^^^^^^^^^^^^^^^^^^^^^^^^^^^^^^^^\n    |   File \"d:\\pyworks\\fastxai\\app\\core\\middleware2.py\", line 133, in dispatch\n    |     response = await call_next(request)\n    |                ^^^^^^^^^^^^^^^^^^^^^^^^\n    |   File \"D:\\pyworks\\fastxai\\.venv\\Lib\\site-packages\\starlette\\middleware\\base.py\", line 168, in call_next\n    |     raise app_exc from app_exc.__cause__ or app_exc.__context__\n    |   File \"D:\\pyworks\\fastxai\\.venv\\Lib\\site-packages\\starlette\\middleware\\base.py\", line 144, in coro\n    |     await self.app(scope, receive_or_disconnect, send_no_error)\n    |   File \"D:\\pyworks\\fastxai\\.venv\\Lib\\site-packages\\starlette\\middleware\\base.py\", line 191, in __call__\n    |     with recv_stream, send_stream, collapse_excgroups():\n    |   File \"C:\\Users\\Chenjf\\AppData\\Roaming\\uv\\python\\cpython-3.11.14-windows-x86_64-none\\Lib\\contextlib.py\", line 158, in __exit__\n    |     self.gen.throw(typ, value, traceback)\n    |   File \"D:\\pyworks\\fastxai\\.venv\\Lib\\site-packages\\starlette\\_utils.py\", line 85, in collapse_excgroups\n    |     raise exc\n    |   File \"D:\\pyworks\\fastxai\\.venv\\Lib\\site-packages\\starlette\\middleware\\base.py\", line 193, in __call__\n    |     response = await self.dispatch_func(request, call_next)\n    |                ^^^^^^^^^^^^^^^^^^^^^^^^^^^^^^^^^^^^^^^^^^^^\n    |   File \"d:\\pyworks\\fastxai\\app\\core\\middleware2.py\", line 97, in dispatch\n    |     response = await call_next(request)\n    |                ^^^^^^^^^^^^^^^^^^^^^^^^\n    |   File \"D:\\pyworks\\fastxai\\.venv\\Lib\\site-packages\\starlette\\middleware\\base.py\", line 168, in call_next\n    |     raise app_exc from app_exc.__cause__ or app_exc.__context__\n    |   File \"D:\\pyworks\\fastxai\\.venv\\Lib\\site-packages\\starlette\\middleware\\base.py\", line 144, in coro\n    |     await self.app(scope, receive_or_disconnect, send_no_error)\n    |   File \"D:\\pyworks\\fastxai\\.venv\\Lib\\site-packages\\prometheus_fastapi_instrumentator\\middleware.py\", line 177, in __call__\n    |     raise exc\n    |   File \"D:\\pyworks\\fastxai\\.venv\\Lib\\site-packages\\prometheus_fastapi_instrumentator\\middleware.py\", line 175, in __call__\n    |     await self.app(scope, receive, send_wrapper)\n    |   File \"D:\\pyworks\\fastxai\\.venv\\Lib\\site-packages\\fastapi_profiler\\profiler.py\", line 90, in __call__\n    |     await self.app(scope, receive, wrapped_send)\n    |   File \"D:\\pyworks\\fastxai\\.venv\\Lib\\site-packages\\starlette\\middleware\\base.py\", line 191, in __call__\n    |     with recv_stream, send_stream, collapse_excgroups():\n    |   File \"C:\\Users\\Chenjf\\AppData\\Roaming\\uv\\python\\cpython-3.11.14-windows-x86_64-none\\Lib\\contextlib.py\", line 158, in __exit__\n    |     self.gen.throw(typ, value, traceback)\n    |   File \"D:\\pyworks\\fastxai\\.venv\\Lib\\site-packages\\starlette\\_utils.py\", line 85, in collapse_excgroups\n    |     raise exc\n    |   File \"D:\\pyworks\\fastxai\\.venv\\Lib\\site-packages\\starlette\\middleware\\base.py\", line 193, in __call__\n    |     response = await self.dispatch_func(request, call_next)\n    |                ^^^^^^^^^^^^^^^^^^^^^^^^^^^^^^^^^^^^^^^^^^^^\n    |   File \"D:\\pyworks\\fastxai\\.venv\\Lib\\site-packages\\starlette_prometheus\\middleware.py\", line 57, in dispatch\n    |     raise e from None\n    |   File \"D:\\pyworks\\fastxai\\.venv\\Lib\\site-packages\\starlette_prometheus\\middleware.py\", line 53, in dispatch\n    |     response = await call_next(request)\n    |                ^^^^^^^^^^^^^^^^^^^^^^^^\n    |   File \"D:\\pyworks\\fastxai\\.venv\\Lib\\site-packages\\starlette\\middleware\\base.py\", line 168, in call_next\n    |     raise app_exc from app_exc.__cause__ or app_exc.__context__\n    |   File \"D:\\pyworks\\fastxai\\.venv\\Lib\\site-packages\\starlette\\middleware\\base.py\", line 144, in coro\n    |     await self.app(scope, receive_or_disconnect, send_no_error)\n    |   File \"D:\\pyworks\\fastxai\\.venv\\Lib\\site-packages\\starlette\\middleware\\exceptions.py\", line 63, in __call__\n    |     await wrap_app_handling_exceptions(self.app, conn)(scope, receive, send)\n    |   File \"D:\\pyworks\\fastxai\\.venv\\Lib\\site-packages\\starlette\\_exception_handler.py\", line 53, in wrapped_app\n    |     raise exc\n    |   File \"D:\\pyworks\\fastxai\\.venv\\Lib\\site-packages\\starlette\\_exception_handler.py\", line 42, in wrapped_app\n    |     await app(scope, receive, sender)\n    |   File \"D:\\pyworks\\fastxai\\.venv\\Lib\\site-packages\\fastapi\\middleware\\asyncexitstack.py\", line 18, in __call__\n    |     await self.app(scope, receive, send)\n    |   File \"D:\\pyworks\\fastxai\\.venv\\Lib\\site-packages\\starlette\\routing.py\", line 716, in __call__\n    |     await self.middleware_stack(scope, receive, send)\n    |   File \"D:\\pyworks\\fastxai\\.venv\\Lib\\site-packages\\starlette\\routing.py\", line 736, in app\n    |     await route.handle(scope, receive, send)\n    |   File \"D:\\pyworks\\fastxai\\.venv\\Lib\\site-packages\\starlette\\routing.py\", line 290, in handle\n    |     await self.app(scope, receive, send)\n    |   File \"D:\\pyworks\\fastxai\\.venv\\Lib\\site-packages\\fastapi\\routing.py\", line 120, in app\n    |     await wrap_app_handling_exceptions(app, request)(scope, receive, send)\n    |   File \"D:\\pyworks\\fastxai\\.venv\\Lib\\site-packages\\starlette\\_exception_handler.py\", line 53, in wrapped_app\n    |     raise exc\n    |   File \"D:\\pyworks\\fastxai\\.venv\\Lib\\site-packages\\starlette\\_exception_handler.py\", line 42, in wrapped_app\n    |     await app(scope, receive, sender)\n    |   File \"D:\\pyworks\\fastxai\\.venv\\Lib\\site-packages\\fastapi\\routing.py\", line 106, in app\n    |     response = await f(request)\n    |                ^^^^^^^^^^^^^^^^\n    |   File \"D:\\pyworks\\fastxai\\.venv\\Lib\\site-packages\\fastapi\\routing.py\", line 430, in app\n    |     raw_response = await run_endpoint_function(\n    |                    ^^^^^^^^^^^^^^^^^^^^^^^^^^^^\n    |   File \"D:\\pyworks\\fastxai\\.venv\\Lib\\site-packages\\fastapi\\routing.py\", line 316, in run_endpoint_function\n    |     return await dependant.call(**values)\n    |            ^^^^^^^^^^^^^^^^^^^^^^^^^^^^^^\n    |   File \"d:\\pyworks\\fastxai\\app\\main.py\", line 260, in favicon\n    | TypeError: JSONResponse.__init__() missing 1 required positional argument: 'content'\n    +------------------------------------\n\nThe above exception was the direct cause of the following exception:\n\nTraceback (most recent call last):\n  File \"D:\\pyworks\\fastxai\\.venv\\Lib\\site-packages\\starlette\\middleware\\errors.py\", line 164, in __call__\n    await self.app(scope, receive, _send)\n  File \"D:\\pyworks\\fastxai\\.venv\\Lib\\site-packages\\starlette\\middleware\\base.py\", line 191, in __call__\n    with recv_stream, send_stream, collapse_excgroups():\n  File \"C:\\Users\\Chenjf\\AppData\\Roaming\\uv\\python\\cpython-3.11.14-windows-x86_64-none\\Lib\\contextlib.py\", line 158, in __exit__\n    self.gen.throw(typ, value, traceback)\n  File \"D:\\pyworks\\fastxai\\.venv\\Lib\\site-packages\\starlette\\_utils.py\", line 85, in collapse_excgroups\n    raise exc\n  File \"D:\\pyworks\\fastxai\\.venv\\Lib\\site-packages\\starlette\\middleware\\base.py\", line 193, in __call__\n    response = await self.dispatch_func(request, call_next)\n               ^^^^^^^^^^^^^^^^^^^^^^^^^^^^^^^^^^^^^^^^^^^^\n  File \"d:\\pyworks\\fastxai\\app\\core\\middlewares.py\", line 258, in xss_protection\n    response = await call_next(request)\n               ^^^^^^^^^^^^^^^^^^^^^^^^\n  File \"D:\\pyworks\\fastxai\\.venv\\Lib\\site-packages\\starlette\\middleware\\base.py\", line 168, in call_next\n    raise app_exc from app_exc.__cause__ or app_exc.__context__\n  File \"D:\\pyworks\\fastxai\\.venv\\Lib\\site-packages\\starlette\\middleware\\base.py\", line 144, in coro\n    await self.app(scope, receive_or_disconnect, send_no_error)\n  File \"D:\\pyworks\\fastxai\\.venv\\Lib\\site-packages\\starlette\\middleware\\base.py\", line 191, in __call__\n    with recv_stream, send_stream, collapse_excgroups():\n  File \"C:\\Users\\Chenjf\\AppData\\Roaming\\uv\\python\\cpython-3.11.14-windows-x86_64-none\\Lib\\contextlib.py\", line 158, in __exit__\n    self.gen.throw(typ, value, traceback)\n  File \"D:\\pyworks\\fastxai\\.venv\\Lib\\site-packages\\starlette\\_utils.py\", line 85, in collapse_excgroups\n    raise exc\n  File \"D:\\pyworks\\fastxai\\.venv\\Lib\\site-packages\\starlette\\middleware\\base.py\", line 193, in __call__\n    response = await self.dispatch_func(request, call_next)\n               ^^^^^^^^^^^^^^^^^^^^^^^^^^^^^^^^^^^^^^^^^^^^\n  File \"d:\\pyworks\\fastxai\\app\\core\\middlewares.py\", line 253, in sql_injection_protection\n    return await call_next(request)\n           ^^^^^^^^^^^^^^^^^^^^^^^^\n  File \"D:\\pyworks\\fastxai\\.venv\\Lib\\site-packages\\starlette\\middleware\\base.py\", line 168, in call_next\n    raise app_exc from app_exc.__cause__ or app_exc.__context__\n  File \"D:\\pyworks\\fastxai\\.venv\\Lib\\site-packages\\starlette\\middleware\\base.py\", line 144, in coro\n    await self.app(scope, receive_or_disconnect, send_no_error)\n  File \"D:\\pyworks\\fastxai\\.venv\\Lib\\site-packages\\starlette\\middleware\\base.py\", line 191, in __call__\n    with recv_stream, send_stream, collapse_excgroups():\n  File \"C:\\Users\\Chenjf\\AppData\\Roaming\\uv\\python\\cpython-3.11.14-windows-x86_64-none\\Lib\\contextlib.py\", line 158, in __exit__\n    self.gen.throw(typ, value, traceback)\n  File \"D:\\pyworks\\fastxai\\.venv\\Lib\\site-packages\\starlette\\_utils.py\", line 85, in collapse_excgroups\n    raise exc\n  File \"D:\\pyworks\\fastxai\\.venv\\Lib\\site-packages\\starlette\\middleware\\base.py\", line 193, in __call__\n    response = await self.dispatch_func(request, call_next)\n               ^^^^^^^^^^^^^^^^^^^^^^^^^^^^^^^^^^^^^^^^^^^^\n  File \"d:\\pyworks\\fastxai\\app\\core\\middlewares.py\", line 175, in add_security_headers\n    response = await call_next(request)\n               ^^^^^^^^^^^^^^^^^^^^^^^^\n  File \"D:\\pyworks\\fastxai\\.venv\\Lib\\site-packages\\starlette\\middleware\\base.py\", line 168, in call_next\n    raise app_exc from app_exc.__cause__ or app_exc.__context__\n  File \"D:\\pyworks\\fastxai\\.venv\\Lib\\site-packages\\starlette\\middleware\\base.py\", line 144, in coro\n    await self.app(scope, receive_or_disconnect, send_no_error)\n  File \"D:\\pyworks\\fastxai\\.venv\\Lib\\site-packages\\starlette\\middleware\\gzip.py\", line 29, in __call__\n    await responder(scope, receive, send)\n  File \"D:\\pyworks\\fastxai\\.venv\\Lib\\site-packages\\starlette\\middleware\\gzip.py\", line 130, in __call__\n    await super().__call__(scope, receive, send)\n  File \"D:\\pyworks\\fastxai\\.venv\\Lib\\site-packages\\starlette\\middleware\\gzip.py\", line 46, in __call__\n    await self.app(scope, receive, self.send_with_compression)\n  File \"D:\\pyworks\\fastxai\\.venv\\Lib\\site-packages\\starlette\\middleware\\cors.py\", line 85, in __call__\n    await self.app(scope, receive, send)\n  File \"D:\\pyworks\\fastxai\\.venv\\Lib\\site-packages\\starlette\\middleware\\base.py\", line 191, in __call__\n    with recv_stream, send_stream, collapse_excgroups():\n  File \"C:\\Users\\Chenjf\\AppData\\Roaming\\uv\\python\\cpython-3.11.14-windows-x86_64-none\\Lib\\contextlib.py\", line 158, in __exit__\n    self.gen.throw(typ, value, traceback)\n  File \"D:\\pyworks\\fastxai\\.venv\\Lib\\site-packages\\starlette\\_utils.py\", line 85, in collapse_excgroups\n    raise exc\n  File \"D:\\pyworks\\fastxai\\.venv\\Lib\\site-packages\\starlette\\middleware\\base.py\", line 193, in __call__\n    response = await self.dispatch_func(request, call_next)\n               ^^^^^^^^^^^^^^^^^^^^^^^^^^^^^^^^^^^^^^^^^^^^\n  File \"D:\\pyworks\\fastxai\\.venv\\Lib\\site-packages\\slowapi\\middleware.py\", line 136, in dispatch\n    response = await call_next(request)\n               ^^^^^^^^^^^^^^^^^^^^^^^^\n  File \"D:\\pyworks\\fastxai\\.venv\\Lib\\site-packages\\starlette\\middleware\\base.py\", line 168, in call_next\n    raise app_exc from app_exc.__cause__ or app_exc.__context__\n  File \"D:\\pyworks\\fastxai\\.venv\\Lib\\site-packages\\starlette\\middleware\\base.py\", line 144, in coro\n    await self.app(scope, receive_or_disconnect, send_no_error)\n  File \"D:\\pyworks\\fastxai\\.venv\\Lib\\site-packages\\starlette\\middleware\\base.py\", line 191, in __call__\n    with recv_stream, send_stream, collapse_excgroups():\n  File \"C:\\Users\\Chenjf\\AppData\\Roaming\\uv\\python\\cpython-3.11.14-windows-x86_64-none\\Lib\\contextlib.py\", line 158, in __exit__\n    self.gen.throw(typ, value, traceback)\n  File \"D:\\pyworks\\fastxai\\.venv\\Lib\\site-packages\\starlette\\_utils.py\", line 85, in collapse_excgroups\n    raise exc\n  File \"D:\\pyworks\\fastxai\\.venv\\Lib\\site-packages\\starlette\\middleware\\base.py\", line 193, in __call__\n    response = await self.dispatch_func(request, call_next)\n               ^^^^^^^^^^^^^^^^^^^^^^^^^^^^^^^^^^^^^^^^^^^^\n  File \"d:\\pyworks\\fastxai\\app\\core\\middleware2.py\", line 133, in dispatch\n    response = await call_next(request)\n               ^^^^^^^^^^^^^^^^^^^^^^^^\n  File \"D:\\pyworks\\fastxai\\.venv\\Lib\\site-packages\\starlette\\middleware\\base.py\", line 168, in call_next\n    raise app_exc from app_exc.__cause__ or app_exc.__context__\n  File \"D:\\pyworks\\fastxai\\.venv\\Lib\\site-packages\\starlette\\middleware\\base.py\", line 144, in coro\n    await self.app(scope, receive_or_disconnect, send_no_error)\n  File \"D:\\pyworks\\fastxai\\.venv\\Lib\\site-packages\\starlette\\middleware\\base.py\", line 191, in __call__\n    with recv_stream, send_stream, collapse_excgroups():\n  File \"C:\\Users\\Chenjf\\AppData\\Roaming\\uv\\python\\cpython-3.11.14-windows-x86_64-none\\Lib\\contextlib.py\", line 158, in __exit__\n    self.gen.throw(typ, value, traceback)\n  File \"D:\\pyworks\\fastxai\\.venv\\Lib\\site-packages\\starlette\\_utils.py\", line 85, in collapse_excgroups\n    raise exc\n  File \"D:\\pyworks\\fastxai\\.venv\\Lib\\site-packages\\starlette\\middleware\\base.py\", line 193, in __call__\n    response = await self.dispatch_func(request, call_next)\n               ^^^^^^^^^^^^^^^^^^^^^^^^^^^^^^^^^^^^^^^^^^^^\n  File \"d:\\pyworks\\fastxai\\app\\core\\middleware2.py\", line 97, in dispatch\n    response = await call_next(request)\n               ^^^^^^^^^^^^^^^^^^^^^^^^\n  File \"D:\\pyworks\\fastxai\\.venv\\Lib\\site-packages\\starlette\\middleware\\base.py\", line 168, in call_next\n    raise app_exc from app_exc.__cause__ or app_exc.__context__\n  File \"D:\\pyworks\\fastxai\\.venv\\Lib\\site-packages\\starlette\\middleware\\base.py\", line 144, in coro\n    await self.app(scope, receive_or_disconnect, send_no_error)\n  File \"D:\\pyworks\\fastxai\\.venv\\Lib\\site-packages\\prometheus_fastapi_instrumentator\\middleware.py\", line 177, in __call__\n    raise exc\n  File \"D:\\pyworks\\fastxai\\.venv\\Lib\\site-packages\\prometheus_fastapi_instrumentator\\middleware.py\", line 175, in __call__\n    await self.app(scope, receive, send_wrapper)\n  File \"D:\\pyworks\\fastxai\\.venv\\Lib\\site-packages\\fastapi_profiler\\profiler.py\", line 90, in __call__\n    await self.app(scope, receive, wrapped_send)\n  File \"D:\\pyworks\\fastxai\\.venv\\Lib\\site-packages\\starlette\\middleware\\base.py\", line 191, in __call__\n    with recv_stream, send_stream, collapse_excgroups():\n  File \"C:\\Users\\Chenjf\\AppData\\Roaming\\uv\\python\\cpython-3.11.14-windows-x86_64-none\\Lib\\contextlib.py\", line 158, in __exit__\n    self.gen.throw(typ, value, traceback)\n  File \"D:\\pyworks\\fastxai\\.venv\\Lib\\site-packages\\starlette\\_utils.py\", line 85, in collapse_excgroups\n    raise exc\n  File \"D:\\pyworks\\fastxai\\.venv\\Lib\\site-packages\\starlette\\middleware\\base.py\", line 193, in __call__\n    response = await self.dispatch_func(request, call_next)\n               ^^^^^^^^^^^^^^^^^^^^^^^^^^^^^^^^^^^^^^^^^^^^\n  File \"D:\\pyworks\\fastxai\\.venv\\Lib\\site-packages\\starlette_prometheus\\middleware.py\", line 57, in dispatch\n    raise e from None\n  File \"D:\\pyworks\\fastxai\\.venv\\Lib\\site-packages\\starlette_prometheus\\middleware.py\", line 53, in dispatch\n    response = await call_next(request)\n               ^^^^^^^^^^^^^^^^^^^^^^^^\n  File \"D:\\pyworks\\fastxai\\.venv\\Lib\\site-packages\\starlette\\middleware\\base.py\", line 168, in call_next\n    raise app_exc from app_exc.__cause__ or app_exc.__context__\n  File \"D:\\pyworks\\fastxai\\.venv\\Lib\\site-packages\\starlette\\middleware\\base.py\", line 144, in coro\n    await self.app(scope, receive_or_disconnect, send_no_error)\n  File \"D:\\pyworks\\fastxai\\.venv\\Lib\\site-packages\\starlette\\middleware\\exceptions.py\", line 63, in __call__\n    await wrap_app_handling_exceptions(self.app, conn)(scope, receive, send)\n  File \"D:\\pyworks\\fastxai\\.venv\\Lib\\site-packages\\starlette\\_exception_handler.py\", line 53, in wrapped_app\n    raise exc\n  File \"D:\\pyworks\\fastxai\\.venv\\Lib\\site-packages\\starlette\\_exception_handler.py\", line 42, in wrapped_app\n    await app(scope, receive, sender)\n  File \"D:\\pyworks\\fastxai\\.venv\\Lib\\site-packages\\fastapi\\middleware\\asyncexitstack.py\", line 18, in __call__\n    await self.app(scope, receive, send)\n  File \"D:\\pyworks\\fastxai\\.venv\\Lib\\site-packages\\starlette\\routing.py\", line 716, in __call__\n    await self.middleware_stack(scope, receive, send)\n  File \"D:\\pyworks\\fastxai\\.venv\\Lib\\site-packages\\starlette\\routing.py\", line 736, in app\n    await route.handle(scope, receive, send)\n  File \"D:\\pyworks\\fastxai\\.venv\\Lib\\site-packages\\starlette\\routing.py\", line 290, in handle\n    await self.app(scope, receive, send)\n  File \"D:\\pyworks\\fastxai\\.venv\\Lib\\site-packages\\fastapi\\routing.py\", line 120, in app\n    await wrap_app_handling_exceptions(app, request)(scope, receive, send)\n  File \"D:\\pyworks\\fastxai\\.venv\\Lib\\site-packages\\starlette\\_exception_handler.py\", line 53, in wrapped_app\n    raise exc\n  File \"D:\\pyworks\\fastxai\\.venv\\Lib\\site-packages\\starlette\\_exception_handler.py\", line 42, in wrapped_app\n    await app(scope, receive, sender)\n  File \"D:\\pyworks\\fastxai\\.venv\\Lib\\site-packages\\fastapi\\routing.py\", line 106, in app\n    response = await f(request)\n               ^^^^^^^^^^^^^^^^\n  File \"D:\\pyworks\\fastxai\\.venv\\Lib\\site-packages\\fastapi\\routing.py\", line 430, in app\n    raw_response = await run_endpoint_function(\n                   ^^^^^^^^^^^^^^^^^^^^^^^^^^^^\n  File \"D:\\pyworks\\fastxai\\.venv\\Lib\\site-packages\\fastapi\\routing.py\", line 316, in run_endpoint_function\n    return await dependant.call(**values)\n           ^^^^^^^^^^^^^^^^^^^^^^^^^^^^^^\n  File \"d:\\pyworks\\fastxai\\app\\main.py\", line 260, in favicon\nTypeError: JSONResponse.__init__() missing 1 required positional argument: 'content'", "level": "critical", "request_id": "", "user_id": "", "trace_idd": "", "correlation_id": "", "session_id": ""}
2025-12-10 14:34:16.774 | ERROR    | _base.py:223 (_proxy_to_logger) | {"exception": "  + Exception Group Traceback (most recent call last):\n  |   File \"D:\\pyworks\\fastxai\\.venv\\Lib\\site-packages\\starlette\\_utils.py\", line 79, in collapse_excgroups\n  |     yield\n  |   File \"D:\\pyworks\\fastxai\\.venv\\Lib\\site-packages\\starlette\\middleware\\base.py\", line 192, in __call__\n  |     async with anyio.create_task_group() as task_group:\n  |   File \"D:\\pyworks\\fastxai\\.venv\\Lib\\site-packages\\anyio\\_backends\\_asyncio.py\", line 783, in __aexit__\n  |     raise BaseExceptionGroup(\n  | ExceptionGroup: unhandled errors in a TaskGroup (1 sub-exception)\n  +-+---------------- 1 ----------------\n    | Traceback (most recent call last):\n    |   File \"d:\\pyworks\\fastxai\\app\\core\\middleware2.py\", line 97, in dispatch\n    |     response = await call_next(request)\n    |                ^^^^^^^^^^^^^^^^^^^^^^^^\n    |   File \"D:\\pyworks\\fastxai\\.venv\\Lib\\site-packages\\starlette\\middleware\\base.py\", line 168, in call_next\n    |     raise app_exc from app_exc.__cause__ or app_exc.__context__\n    |   File \"D:\\pyworks\\fastxai\\.venv\\Lib\\site-packages\\starlette\\middleware\\base.py\", line 144, in coro\n    |     await self.app(scope, receive_or_disconnect, send_no_error)\n    |   File \"D:\\pyworks\\fastxai\\.venv\\Lib\\site-packages\\prometheus_fastapi_instrumentator\\middleware.py\", line 177, in __call__\n    |     raise exc\n    |   File \"D:\\pyworks\\fastxai\\.venv\\Lib\\site-packages\\prometheus_fastapi_instrumentator\\middleware.py\", line 175, in __call__\n    |     await self.app(scope, receive, send_wrapper)\n    |   File \"D:\\pyworks\\fastxai\\.venv\\Lib\\site-packages\\fastapi_profiler\\profiler.py\", line 90, in __call__\n    |     await self.app(scope, receive, wrapped_send)\n    |   File \"D:\\pyworks\\fastxai\\.venv\\Lib\\site-packages\\starlette\\middleware\\base.py\", line 191, in __call__\n    |     with recv_stream, send_stream, collapse_excgroups():\n    |   File \"C:\\Users\\Chenjf\\AppData\\Roaming\\uv\\python\\cpython-3.11.14-windows-x86_64-none\\Lib\\contextlib.py\", line 158, in __exit__\n    |     self.gen.throw(typ, value, traceback)\n    |   File \"D:\\pyworks\\fastxai\\.venv\\Lib\\site-packages\\starlette\\_utils.py\", line 85, in collapse_excgroups\n    |     raise exc\n    |   File \"D:\\pyworks\\fastxai\\.venv\\Lib\\site-packages\\starlette\\middleware\\base.py\", line 193, in __call__\n    |     response = await self.dispatch_func(request, call_next)\n    |                ^^^^^^^^^^^^^^^^^^^^^^^^^^^^^^^^^^^^^^^^^^^^\n    |   File \"D:\\pyworks\\fastxai\\.venv\\Lib\\site-packages\\starlette_prometheus\\middleware.py\", line 57, in dispatch\n    |     raise e from None\n    |   File \"D:\\pyworks\\fastxai\\.venv\\Lib\\site-packages\\starlette_prometheus\\middleware.py\", line 53, in dispatch\n    |     response = await call_next(request)\n    |                ^^^^^^^^^^^^^^^^^^^^^^^^\n    |   File \"D:\\pyworks\\fastxai\\.venv\\Lib\\site-packages\\starlette\\middleware\\base.py\", line 168, in call_next\n    |     raise app_exc from app_exc.__cause__ or app_exc.__context__\n    |   File \"D:\\pyworks\\fastxai\\.venv\\Lib\\site-packages\\starlette\\middleware\\base.py\", line 144, in coro\n    |     await self.app(scope, receive_or_disconnect, send_no_error)\n    |   File \"D:\\pyworks\\fastxai\\.venv\\Lib\\site-packages\\starlette\\middleware\\exceptions.py\", line 63, in __call__\n    |     await wrap_app_handling_exceptions(self.app, conn)(scope, receive, send)\n    |   File \"D:\\pyworks\\fastxai\\.venv\\Lib\\site-packages\\starlette\\_exception_handler.py\", line 53, in wrapped_app\n    |     raise exc\n    |   File \"D:\\pyworks\\fastxai\\.venv\\Lib\\site-packages\\starlette\\_exception_handler.py\", line 42, in wrapped_app\n    |     await app(scope, receive, sender)\n    |   File \"D:\\pyworks\\fastxai\\.venv\\Lib\\site-packages\\fastapi\\middleware\\asyncexitstack.py\", line 18, in __call__\n    |     await self.app(scope, receive, send)\n    |   File \"D:\\pyworks\\fastxai\\.venv\\Lib\\site-packages\\starlette\\routing.py\", line 716, in __call__\n    |     await self.middleware_stack(scope, receive, send)\n    |   File \"D:\\pyworks\\fastxai\\.venv\\Lib\\site-packages\\starlette\\routing.py\", line 736, in app\n    |     await route.handle(scope, receive, send)\n    |   File \"D:\\pyworks\\fastxai\\.venv\\Lib\\site-packages\\starlette\\routing.py\", line 290, in handle\n    |     await self.app(scope, receive, send)\n    |   File \"D:\\pyworks\\fastxai\\.venv\\Lib\\site-packages\\fastapi\\routing.py\", line 120, in app\n    |     await wrap_app_handling_exceptions(app, request)(scope, receive, send)\n    |   File \"D:\\pyworks\\fastxai\\.venv\\Lib\\site-packages\\starlette\\_exception_handler.py\", line 53, in wrapped_app\n    |     raise exc\n    |   File \"D:\\pyworks\\fastxai\\.venv\\Lib\\site-packages\\starlette\\_exception_handler.py\", line 42, in wrapped_app\n    |     await app(scope, receive, sender)\n    |   File \"D:\\pyworks\\fastxai\\.venv\\Lib\\site-packages\\fastapi\\routing.py\", line 106, in app\n    |     response = await f(request)\n    |                ^^^^^^^^^^^^^^^^\n    |   File \"D:\\pyworks\\fastxai\\.venv\\Lib\\site-packages\\fastapi\\routing.py\", line 430, in app\n    |     raw_response = await run_endpoint_function(\n    |                    ^^^^^^^^^^^^^^^^^^^^^^^^^^^^\n    |   File \"D:\\pyworks\\fastxai\\.venv\\Lib\\site-packages\\fastapi\\routing.py\", line 316, in run_endpoint_function\n    |     return await dependant.call(**values)\n    |            ^^^^^^^^^^^^^^^^^^^^^^^^^^^^^^\n    |   File \"d:\\pyworks\\fastxai\\app\\main.py\", line 260, in favicon\n    | TypeError: JSONResponse.__init__() missing 1 required positional argument: 'content'\n    +------------------------------------\n\nThe above exception was the direct cause of the following exception:\n\nTraceback (most recent call last):\n  File \"d:\\pyworks\\fastxai\\app\\core\\middleware2.py\", line 97, in dispatch\n    response = await call_next(request)\n               ^^^^^^^^^^^^^^^^^^^^^^^^\n  File \"D:\\pyworks\\fastxai\\.venv\\Lib\\site-packages\\starlette\\middleware\\base.py\", line 168, in call_next\n    raise app_exc from app_exc.__cause__ or app_exc.__context__\n  File \"D:\\pyworks\\fastxai\\.venv\\Lib\\site-packages\\starlette\\middleware\\base.py\", line 144, in coro\n    await self.app(scope, receive_or_disconnect, send_no_error)\n  File \"D:\\pyworks\\fastxai\\.venv\\Lib\\site-packages\\prometheus_fastapi_instrumentator\\middleware.py\", line 177, in __call__\n    raise exc\n  File \"D:\\pyworks\\fastxai\\.venv\\Lib\\site-packages\\prometheus_fastapi_instrumentator\\middleware.py\", line 175, in __call__\n    await self.app(scope, receive, send_wrapper)\n  File \"D:\\pyworks\\fastxai\\.venv\\Lib\\site-packages\\fastapi_profiler\\profiler.py\", line 90, in __call__\n    await self.app(scope, receive, wrapped_send)\n  File \"D:\\pyworks\\fastxai\\.venv\\Lib\\site-packages\\starlette\\middleware\\base.py\", line 191, in __call__\n    with recv_stream, send_stream, collapse_excgroups():\n  File \"C:\\Users\\Chenjf\\AppData\\Roaming\\uv\\python\\cpython-3.11.14-windows-x86_64-none\\Lib\\contextlib.py\", line 158, in __exit__\n    self.gen.throw(typ, value, traceback)\n  File \"D:\\pyworks\\fastxai\\.venv\\Lib\\site-packages\\starlette\\_utils.py\", line 85, in collapse_excgroups\n    raise exc\n  File \"D:\\pyworks\\fastxai\\.venv\\Lib\\site-packages\\starlette\\middleware\\base.py\", line 193, in __call__\n    response = await self.dispatch_func(request, call_next)\n               ^^^^^^^^^^^^^^^^^^^^^^^^^^^^^^^^^^^^^^^^^^^^\n  File \"D:\\pyworks\\fastxai\\.venv\\Lib\\site-packages\\starlette_prometheus\\middleware.py\", line 57, in dispatch\n    raise e from None\n  File \"D:\\pyworks\\fastxai\\.venv\\Lib\\site-packages\\starlette_prometheus\\middleware.py\", line 53, in dispatch\n    response = await call_next(request)\n               ^^^^^^^^^^^^^^^^^^^^^^^^\n  File \"D:\\pyworks\\fastxai\\.venv\\Lib\\site-packages\\starlette\\middleware\\base.py\", line 168, in call_next\n    raise app_exc from app_exc.__cause__ or app_exc.__context__\n  File \"D:\\pyworks\\fastxai\\.venv\\Lib\\site-packages\\starlette\\middleware\\base.py\", line 144, in coro\n    await self.app(scope, receive_or_disconnect, send_no_error)\n  File \"D:\\pyworks\\fastxai\\.venv\\Lib\\site-packages\\starlette\\middleware\\exceptions.py\", line 63, in __call__\n    await wrap_app_handling_exceptions(self.app, conn)(scope, receive, send)\n  File \"D:\\pyworks\\fastxai\\.venv\\Lib\\site-packages\\starlette\\_exception_handler.py\", line 53, in wrapped_app\n    raise exc\n  File \"D:\\pyworks\\fastxai\\.venv\\Lib\\site-packages\\starlette\\_exception_handler.py\", line 42, in wrapped_app\n    await app(scope, receive, sender)\n  File \"D:\\pyworks\\fastxai\\.venv\\Lib\\site-packages\\fastapi\\middleware\\asyncexitstack.py\", line 18, in __call__\n    await self.app(scope, receive, send)\n  File \"D:\\pyworks\\fastxai\\.venv\\Lib\\site-packages\\starlette\\routing.py\", line 716, in __call__\n    await self.middleware_stack(scope, receive, send)\n  File \"D:\\pyworks\\fastxai\\.venv\\Lib\\site-packages\\starlette\\routing.py\", line 736, in app\n    await route.handle(scope, receive, send)\n  File \"D:\\pyworks\\fastxai\\.venv\\Lib\\site-packages\\starlette\\routing.py\", line 290, in handle\n    await self.app(scope, receive, send)\n  File \"D:\\pyworks\\fastxai\\.venv\\Lib\\site-packages\\fastapi\\routing.py\", line 120, in app\n    await wrap_app_handling_exceptions(app, request)(scope, receive, send)\n  File \"D:\\pyworks\\fastxai\\.venv\\Lib\\site-packages\\starlette\\_exception_handler.py\", line 53, in wrapped_app\n    raise exc\n  File \"D:\\pyworks\\fastxai\\.venv\\Lib\\site-packages\\starlette\\_exception_handler.py\", line 42, in wrapped_app\n    await app(scope, receive, sender)\n  File \"D:\\pyworks\\fastxai\\.venv\\Lib\\site-packages\\fastapi\\routing.py\", line 106, in app\n    response = await f(request)\n               ^^^^^^^^^^^^^^^^\n  File \"D:\\pyworks\\fastxai\\.venv\\Lib\\site-packages\\fastapi\\routing.py\", line 430, in app\n    raw_response = await run_endpoint_function(\n                   ^^^^^^^^^^^^^^^^^^^^^^^^^^^^\n  File \"D:\\pyworks\\fastxai\\.venv\\Lib\\site-packages\\fastapi\\routing.py\", line 316, in run_endpoint_function\n    return await dependant.call(**values)\n           ^^^^^^^^^^^^^^^^^^^^^^^^^^^^^^\n  File \"d:\\pyworks\\fastxai\\app\\main.py\", line 260, in favicon\nTypeError: JSONResponse.__init__() missing 1 required positional argument: 'content'", "event": "Request failed", "timestamp": "2025-12-10T06:34:16.762583Z", "trace_id": "06939146-8a1b-7cd3-8000-8fe8d49475ea", "status_code": 500, "correlation_id": "", "session_id": "", "request_id": "06939146-8a1b-7cd3-8000-8fe8d49475ea", "client_ip": "127.0.0.1", "correlattion_id": "06939146-8a1b-7cd3-8000-8fe8d49475ea", "endpoint": "/favicon.ico", "http_method": "GET", "user_id": "anonymous", "trace_idd": "", "level": "error"}
2025-12-10 14:34:16.777 | ERROR    | _base.py:223 (_proxy_to_logger) | {"request_id": "", "error": "JSONResponse.__init__() missing 1 required positional argument: 'content'", "client_ip": "", "path": "/favicon.ico", "event": "Request error", "timestamp": "2025-12-10T06:34:16.776315Z", "level": "error", "user_id": "", "trace_idd": "", "endpoint": "", "correlation_id": "", "session_id": ""}
2025-12-10 14:34:16.795 | CRITICAL | _base.py:223 (_proxy_to_logger) | {"endpoint": "", "client_ip": "", "event": "Unhandled exception", "timestamp": "2025-12-10T06:34:16.778599Z", "exception": "  + Exception Group Traceback (most recent call last):\n  |   File \"D:\\pyworks\\fastxai\\.venv\\Lib\\site-packages\\starlette\\_utils.py\", line 79, in collapse_excgroups\n  |     yield\n  |   File \"D:\\pyworks\\fastxai\\.venv\\Lib\\site-packages\\starlette\\middleware\\base.py\", line 192, in __call__\n  |     async with anyio.create_task_group() as task_group:\n  |   File \"D:\\pyworks\\fastxai\\.venv\\Lib\\site-packages\\anyio\\_backends\\_asyncio.py\", line 783, in __aexit__\n  |     raise BaseExceptionGroup(\n  | ExceptionGroup: unhandled errors in a TaskGroup (1 sub-exception)\n  +-+---------------- 1 ----------------\n    | Traceback (most recent call last):\n    |   File \"D:\\pyworks\\fastxai\\.venv\\Lib\\site-packages\\starlette\\middleware\\errors.py\", line 164, in __call__\n    |     await self.app(scope, receive, _send)\n    |   File \"D:\\pyworks\\fastxai\\.venv\\Lib\\site-packages\\starlette\\middleware\\base.py\", line 191, in __call__\n    |     with recv_stream, send_stream, collapse_excgroups():\n    |   File \"C:\\Users\\Chenjf\\AppData\\Roaming\\uv\\python\\cpython-3.11.14-windows-x86_64-none\\Lib\\contextlib.py\", line 158, in __exit__\n    |     self.gen.throw(typ, value, traceback)\n    |   File \"D:\\pyworks\\fastxai\\.venv\\Lib\\site-packages\\starlette\\_utils.py\", line 85, in collapse_excgroups\n    |     raise exc\n    |   File \"D:\\pyworks\\fastxai\\.venv\\Lib\\site-packages\\starlette\\middleware\\base.py\", line 193, in __call__\n    |     response = await self.dispatch_func(request, call_next)\n    |                ^^^^^^^^^^^^^^^^^^^^^^^^^^^^^^^^^^^^^^^^^^^^\n    |   File \"d:\\pyworks\\fastxai\\app\\core\\middlewares.py\", line 258, in xss_protection\n    |     response = await call_next(request)\n    |                ^^^^^^^^^^^^^^^^^^^^^^^^\n    |   File \"D:\\pyworks\\fastxai\\.venv\\Lib\\site-packages\\starlette\\middleware\\base.py\", line 168, in call_next\n    |     raise app_exc from app_exc.__cause__ or app_exc.__context__\n    |   File \"D:\\pyworks\\fastxai\\.venv\\Lib\\site-packages\\starlette\\middleware\\base.py\", line 144, in coro\n    |     await self.app(scope, receive_or_disconnect, send_no_error)\n    |   File \"D:\\pyworks\\fastxai\\.venv\\Lib\\site-packages\\starlette\\middleware\\base.py\", line 191, in __call__\n    |     with recv_stream, send_stream, collapse_excgroups():\n    |   File \"C:\\Users\\Chenjf\\AppData\\Roaming\\uv\\python\\cpython-3.11.14-windows-x86_64-none\\Lib\\contextlib.py\", line 158, in __exit__\n    |     self.gen.throw(typ, value, traceback)\n    |   File \"D:\\pyworks\\fastxai\\.venv\\Lib\\site-packages\\starlette\\_utils.py\", line 85, in collapse_excgroups\n    |     raise exc\n    |   File \"D:\\pyworks\\fastxai\\.venv\\Lib\\site-packages\\starlette\\middleware\\base.py\", line 193, in __call__\n    |     response = await self.dispatch_func(request, call_next)\n    |                ^^^^^^^^^^^^^^^^^^^^^^^^^^^^^^^^^^^^^^^^^^^^\n    |   File \"d:\\pyworks\\fastxai\\app\\core\\middlewares.py\", line 253, in sql_injection_protection\n    |     return await call_next(request)\n    |            ^^^^^^^^^^^^^^^^^^^^^^^^\n    |   File \"D:\\pyworks\\fastxai\\.venv\\Lib\\site-packages\\starlette\\middleware\\base.py\", line 168, in call_next\n    |     raise app_exc from app_exc.__cause__ or app_exc.__context__\n    |   File \"D:\\pyworks\\fastxai\\.venv\\Lib\\site-packages\\starlette\\middleware\\base.py\", line 144, in coro\n    |     await self.app(scope, receive_or_disconnect, send_no_error)\n    |   File \"D:\\pyworks\\fastxai\\.venv\\Lib\\site-packages\\starlette\\middleware\\base.py\", line 191, in __call__\n    |     with recv_stream, send_stream, collapse_excgroups():\n    |   File \"C:\\Users\\Chenjf\\AppData\\Roaming\\uv\\python\\cpython-3.11.14-windows-x86_64-none\\Lib\\contextlib.py\", line 158, in __exit__\n    |     self.gen.throw(typ, value, traceback)\n    |   File \"D:\\pyworks\\fastxai\\.venv\\Lib\\site-packages\\starlette\\_utils.py\", line 85, in collapse_excgroups\n    |     raise exc\n    |   File \"D:\\pyworks\\fastxai\\.venv\\Lib\\site-packages\\starlette\\middleware\\base.py\", line 193, in __call__\n    |     response = await self.dispatch_func(request, call_next)\n    |                ^^^^^^^^^^^^^^^^^^^^^^^^^^^^^^^^^^^^^^^^^^^^\n    |   File \"d:\\pyworks\\fastxai\\app\\core\\middlewares.py\", line 175, in add_security_headers\n    |     response = await call_next(request)\n    |                ^^^^^^^^^^^^^^^^^^^^^^^^\n    |   File \"D:\\pyworks\\fastxai\\.venv\\Lib\\site-packages\\starlette\\middleware\\base.py\", line 168, in call_next\n    |     raise app_exc from app_exc.__cause__ or app_exc.__context__\n    |   File \"D:\\pyworks\\fastxai\\.venv\\Lib\\site-packages\\starlette\\middleware\\base.py\", line 144, in coro\n    |     await self.app(scope, receive_or_disconnect, send_no_error)\n    |   File \"D:\\pyworks\\fastxai\\.venv\\Lib\\site-packages\\starlette\\middleware\\gzip.py\", line 29, in __call__\n    |     await responder(scope, receive, send)\n    |   File \"D:\\pyworks\\fastxai\\.venv\\Lib\\site-packages\\starlette\\middleware\\gzip.py\", line 130, in __call__\n    |     await super().__call__(scope, receive, send)\n    |   File \"D:\\pyworks\\fastxai\\.venv\\Lib\\site-packages\\starlette\\middleware\\gzip.py\", line 46, in __call__\n    |     await self.app(scope, receive, self.send_with_compression)\n    |   File \"D:\\pyworks\\fastxai\\.venv\\Lib\\site-packages\\starlette\\middleware\\cors.py\", line 85, in __call__\n    |     await self.app(scope, receive, send)\n    |   File \"D:\\pyworks\\fastxai\\.venv\\Lib\\site-packages\\starlette\\middleware\\base.py\", line 191, in __call__\n    |     with recv_stream, send_stream, collapse_excgroups():\n    |   File \"C:\\Users\\Chenjf\\AppData\\Roaming\\uv\\python\\cpython-3.11.14-windows-x86_64-none\\Lib\\contextlib.py\", line 158, in __exit__\n    |     self.gen.throw(typ, value, traceback)\n    |   File \"D:\\pyworks\\fastxai\\.venv\\Lib\\site-packages\\starlette\\_utils.py\", line 85, in collapse_excgroups\n    |     raise exc\n    |   File \"D:\\pyworks\\fastxai\\.venv\\Lib\\site-packages\\starlette\\middleware\\base.py\", line 193, in __call__\n    |     response = await self.dispatch_func(request, call_next)\n    |                ^^^^^^^^^^^^^^^^^^^^^^^^^^^^^^^^^^^^^^^^^^^^\n    |   File \"D:\\pyworks\\fastxai\\.venv\\Lib\\site-packages\\slowapi\\middleware.py\", line 136, in dispatch\n    |     response = await call_next(request)\n    |                ^^^^^^^^^^^^^^^^^^^^^^^^\n    |   File \"D:\\pyworks\\fastxai\\.venv\\Lib\\site-packages\\starlette\\middleware\\base.py\", line 168, in call_next\n    |     raise app_exc from app_exc.__cause__ or app_exc.__context__\n    |   File \"D:\\pyworks\\fastxai\\.venv\\Lib\\site-packages\\starlette\\middleware\\base.py\", line 144, in coro\n    |     await self.app(scope, receive_or_disconnect, send_no_error)\n    |   File \"D:\\pyworks\\fastxai\\.venv\\Lib\\site-packages\\starlette\\middleware\\base.py\", line 191, in __call__\n    |     with recv_stream, send_stream, collapse_excgroups():\n    |   File \"C:\\Users\\Chenjf\\AppData\\Roaming\\uv\\python\\cpython-3.11.14-windows-x86_64-none\\Lib\\contextlib.py\", line 158, in __exit__\n    |     self.gen.throw(typ, value, traceback)\n    |   File \"D:\\pyworks\\fastxai\\.venv\\Lib\\site-packages\\starlette\\_utils.py\", line 85, in collapse_excgroups\n    |     raise exc\n    |   File \"D:\\pyworks\\fastxai\\.venv\\Lib\\site-packages\\starlette\\middleware\\base.py\", line 193, in __call__\n    |     response = await self.dispatch_func(request, call_next)\n    |                ^^^^^^^^^^^^^^^^^^^^^^^^^^^^^^^^^^^^^^^^^^^^\n    |   File \"d:\\pyworks\\fastxai\\app\\core\\middleware2.py\", line 133, in dispatch\n    |     response = await call_next(request)\n    |                ^^^^^^^^^^^^^^^^^^^^^^^^\n    |   File \"D:\\pyworks\\fastxai\\.venv\\Lib\\site-packages\\starlette\\middleware\\base.py\", line 168, in call_next\n    |     raise app_exc from app_exc.__cause__ or app_exc.__context__\n    |   File \"D:\\pyworks\\fastxai\\.venv\\Lib\\site-packages\\starlette\\middleware\\base.py\", line 144, in coro\n    |     await self.app(scope, receive_or_disconnect, send_no_error)\n    |   File \"D:\\pyworks\\fastxai\\.venv\\Lib\\site-packages\\starlette\\middleware\\base.py\", line 191, in __call__\n    |     with recv_stream, send_stream, collapse_excgroups():\n    |   File \"C:\\Users\\Chenjf\\AppData\\Roaming\\uv\\python\\cpython-3.11.14-windows-x86_64-none\\Lib\\contextlib.py\", line 158, in __exit__\n    |     self.gen.throw(typ, value, traceback)\n    |   File \"D:\\pyworks\\fastxai\\.venv\\Lib\\site-packages\\starlette\\_utils.py\", line 85, in collapse_excgroups\n    |     raise exc\n    |   File \"D:\\pyworks\\fastxai\\.venv\\Lib\\site-packages\\starlette\\middleware\\base.py\", line 193, in __call__\n    |     response = await self.dispatch_func(request, call_next)\n    |                ^^^^^^^^^^^^^^^^^^^^^^^^^^^^^^^^^^^^^^^^^^^^\n    |   File \"d:\\pyworks\\fastxai\\app\\core\\middleware2.py\", line 97, in dispatch\n    |     response = await call_next(request)\n    |                ^^^^^^^^^^^^^^^^^^^^^^^^\n    |   File \"D:\\pyworks\\fastxai\\.venv\\Lib\\site-packages\\starlette\\middleware\\base.py\", line 168, in call_next\n    |     raise app_exc from app_exc.__cause__ or app_exc.__context__\n    |   File \"D:\\pyworks\\fastxai\\.venv\\Lib\\site-packages\\starlette\\middleware\\base.py\", line 144, in coro\n    |     await self.app(scope, receive_or_disconnect, send_no_error)\n    |   File \"D:\\pyworks\\fastxai\\.venv\\Lib\\site-packages\\prometheus_fastapi_instrumentator\\middleware.py\", line 177, in __call__\n    |     raise exc\n    |   File \"D:\\pyworks\\fastxai\\.venv\\Lib\\site-packages\\prometheus_fastapi_instrumentator\\middleware.py\", line 175, in __call__\n    |     await self.app(scope, receive, send_wrapper)\n    |   File \"D:\\pyworks\\fastxai\\.venv\\Lib\\site-packages\\fastapi_profiler\\profiler.py\", line 90, in __call__\n    |     await self.app(scope, receive, wrapped_send)\n    |   File \"D:\\pyworks\\fastxai\\.venv\\Lib\\site-packages\\starlette\\middleware\\base.py\", line 191, in __call__\n    |     with recv_stream, send_stream, collapse_excgroups():\n    |   File \"C:\\Users\\Chenjf\\AppData\\Roaming\\uv\\python\\cpython-3.11.14-windows-x86_64-none\\Lib\\contextlib.py\", line 158, in __exit__\n    |     self.gen.throw(typ, value, traceback)\n    |   File \"D:\\pyworks\\fastxai\\.venv\\Lib\\site-packages\\starlette\\_utils.py\", line 85, in collapse_excgroups\n    |     raise exc\n    |   File \"D:\\pyworks\\fastxai\\.venv\\Lib\\site-packages\\starlette\\middleware\\base.py\", line 193, in __call__\n    |     response = await self.dispatch_func(request, call_next)\n    |                ^^^^^^^^^^^^^^^^^^^^^^^^^^^^^^^^^^^^^^^^^^^^\n    |   File \"D:\\pyworks\\fastxai\\.venv\\Lib\\site-packages\\starlette_prometheus\\middleware.py\", line 57, in dispatch\n    |     raise e from None\n    |   File \"D:\\pyworks\\fastxai\\.venv\\Lib\\site-packages\\starlette_prometheus\\middleware.py\", line 53, in dispatch\n    |     response = await call_next(request)\n    |                ^^^^^^^^^^^^^^^^^^^^^^^^\n    |   File \"D:\\pyworks\\fastxai\\.venv\\Lib\\site-packages\\starlette\\middleware\\base.py\", line 168, in call_next\n    |     raise app_exc from app_exc.__cause__ or app_exc.__context__\n    |   File \"D:\\pyworks\\fastxai\\.venv\\Lib\\site-packages\\starlette\\middleware\\base.py\", line 144, in coro\n    |     await self.app(scope, receive_or_disconnect, send_no_error)\n    |   File \"D:\\pyworks\\fastxai\\.venv\\Lib\\site-packages\\starlette\\middleware\\exceptions.py\", line 63, in __call__\n    |     await wrap_app_handling_exceptions(self.app, conn)(scope, receive, send)\n    |   File \"D:\\pyworks\\fastxai\\.venv\\Lib\\site-packages\\starlette\\_exception_handler.py\", line 53, in wrapped_app\n    |     raise exc\n    |   File \"D:\\pyworks\\fastxai\\.venv\\Lib\\site-packages\\starlette\\_exception_handler.py\", line 42, in wrapped_app\n    |     await app(scope, receive, sender)\n    |   File \"D:\\pyworks\\fastxai\\.venv\\Lib\\site-packages\\fastapi\\middleware\\asyncexitstack.py\", line 18, in __call__\n    |     await self.app(scope, receive, send)\n    |   File \"D:\\pyworks\\fastxai\\.venv\\Lib\\site-packages\\starlette\\routing.py\", line 716, in __call__\n    |     await self.middleware_stack(scope, receive, send)\n    |   File \"D:\\pyworks\\fastxai\\.venv\\Lib\\site-packages\\starlette\\routing.py\", line 736, in app\n    |     await route.handle(scope, receive, send)\n    |   File \"D:\\pyworks\\fastxai\\.venv\\Lib\\site-packages\\starlette\\routing.py\", line 290, in handle\n    |     await self.app(scope, receive, send)\n    |   File \"D:\\pyworks\\fastxai\\.venv\\Lib\\site-packages\\fastapi\\routing.py\", line 120, in app\n    |     await wrap_app_handling_exceptions(app, request)(scope, receive, send)\n    |   File \"D:\\pyworks\\fastxai\\.venv\\Lib\\site-packages\\starlette\\_exception_handler.py\", line 53, in wrapped_app\n    |     raise exc\n    |   File \"D:\\pyworks\\fastxai\\.venv\\Lib\\site-packages\\starlette\\_exception_handler.py\", line 42, in wrapped_app\n    |     await app(scope, receive, sender)\n    |   File \"D:\\pyworks\\fastxai\\.venv\\Lib\\site-packages\\fastapi\\routing.py\", line 106, in app\n    |     response = await f(request)\n    |                ^^^^^^^^^^^^^^^^\n    |   File \"D:\\pyworks\\fastxai\\.venv\\Lib\\site-packages\\fastapi\\routing.py\", line 430, in app\n    |     raw_response = await run_endpoint_function(\n    |                    ^^^^^^^^^^^^^^^^^^^^^^^^^^^^\n    |   File \"D:\\pyworks\\fastxai\\.venv\\Lib\\site-packages\\fastapi\\routing.py\", line 316, in run_endpoint_function\n    |     return await dependant.call(**values)\n    |            ^^^^^^^^^^^^^^^^^^^^^^^^^^^^^^\n    |   File \"d:\\pyworks\\fastxai\\app\\main.py\", line 260, in favicon\n    | TypeError: JSONResponse.__init__() missing 1 required positional argument: 'content'\n    +------------------------------------\n\nThe above exception was the direct cause of the following exception:\n\nTraceback (most recent call last):\n  File \"D:\\pyworks\\fastxai\\.venv\\Lib\\site-packages\\starlette\\middleware\\errors.py\", line 164, in __call__\n    await self.app(scope, receive, _send)\n  File \"D:\\pyworks\\fastxai\\.venv\\Lib\\site-packages\\starlette\\middleware\\base.py\", line 191, in __call__\n    with recv_stream, send_stream, collapse_excgroups():\n  File \"C:\\Users\\Chenjf\\AppData\\Roaming\\uv\\python\\cpython-3.11.14-windows-x86_64-none\\Lib\\contextlib.py\", line 158, in __exit__\n    self.gen.throw(typ, value, traceback)\n  File \"D:\\pyworks\\fastxai\\.venv\\Lib\\site-packages\\starlette\\_utils.py\", line 85, in collapse_excgroups\n    raise exc\n  File \"D:\\pyworks\\fastxai\\.venv\\Lib\\site-packages\\starlette\\middleware\\base.py\", line 193, in __call__\n    response = await self.dispatch_func(request, call_next)\n               ^^^^^^^^^^^^^^^^^^^^^^^^^^^^^^^^^^^^^^^^^^^^\n  File \"d:\\pyworks\\fastxai\\app\\core\\middlewares.py\", line 258, in xss_protection\n    response = await call_next(request)\n               ^^^^^^^^^^^^^^^^^^^^^^^^\n  File \"D:\\pyworks\\fastxai\\.venv\\Lib\\site-packages\\starlette\\middleware\\base.py\", line 168, in call_next\n    raise app_exc from app_exc.__cause__ or app_exc.__context__\n  File \"D:\\pyworks\\fastxai\\.venv\\Lib\\site-packages\\starlette\\middleware\\base.py\", line 144, in coro\n    await self.app(scope, receive_or_disconnect, send_no_error)\n  File \"D:\\pyworks\\fastxai\\.venv\\Lib\\site-packages\\starlette\\middleware\\base.py\", line 191, in __call__\n    with recv_stream, send_stream, collapse_excgroups():\n  File \"C:\\Users\\Chenjf\\AppData\\Roaming\\uv\\python\\cpython-3.11.14-windows-x86_64-none\\Lib\\contextlib.py\", line 158, in __exit__\n    self.gen.throw(typ, value, traceback)\n  File \"D:\\pyworks\\fastxai\\.venv\\Lib\\site-packages\\starlette\\_utils.py\", line 85, in collapse_excgroups\n    raise exc\n  File \"D:\\pyworks\\fastxai\\.venv\\Lib\\site-packages\\starlette\\middleware\\base.py\", line 193, in __call__\n    response = await self.dispatch_func(request, call_next)\n               ^^^^^^^^^^^^^^^^^^^^^^^^^^^^^^^^^^^^^^^^^^^^\n  File \"d:\\pyworks\\fastxai\\app\\core\\middlewares.py\", line 253, in sql_injection_protection\n    return await call_next(request)\n           ^^^^^^^^^^^^^^^^^^^^^^^^\n  File \"D:\\pyworks\\fastxai\\.venv\\Lib\\site-packages\\starlette\\middleware\\base.py\", line 168, in call_next\n    raise app_exc from app_exc.__cause__ or app_exc.__context__\n  File \"D:\\pyworks\\fastxai\\.venv\\Lib\\site-packages\\starlette\\middleware\\base.py\", line 144, in coro\n    await self.app(scope, receive_or_disconnect, send_no_error)\n  File \"D:\\pyworks\\fastxai\\.venv\\Lib\\site-packages\\starlette\\middleware\\base.py\", line 191, in __call__\n    with recv_stream, send_stream, collapse_excgroups():\n  File \"C:\\Users\\Chenjf\\AppData\\Roaming\\uv\\python\\cpython-3.11.14-windows-x86_64-none\\Lib\\contextlib.py\", line 158, in __exit__\n    self.gen.throw(typ, value, traceback)\n  File \"D:\\pyworks\\fastxai\\.venv\\Lib\\site-packages\\starlette\\_utils.py\", line 85, in collapse_excgroups\n    raise exc\n  File \"D:\\pyworks\\fastxai\\.venv\\Lib\\site-packages\\starlette\\middleware\\base.py\", line 193, in __call__\n    response = await self.dispatch_func(request, call_next)\n               ^^^^^^^^^^^^^^^^^^^^^^^^^^^^^^^^^^^^^^^^^^^^\n  File \"d:\\pyworks\\fastxai\\app\\core\\middlewares.py\", line 175, in add_security_headers\n    response = await call_next(request)\n               ^^^^^^^^^^^^^^^^^^^^^^^^\n  File \"D:\\pyworks\\fastxai\\.venv\\Lib\\site-packages\\starlette\\middleware\\base.py\", line 168, in call_next\n    raise app_exc from app_exc.__cause__ or app_exc.__context__\n  File \"D:\\pyworks\\fastxai\\.venv\\Lib\\site-packages\\starlette\\middleware\\base.py\", line 144, in coro\n    await self.app(scope, receive_or_disconnect, send_no_error)\n  File \"D:\\pyworks\\fastxai\\.venv\\Lib\\site-packages\\starlette\\middleware\\gzip.py\", line 29, in __call__\n    await responder(scope, receive, send)\n  File \"D:\\pyworks\\fastxai\\.venv\\Lib\\site-packages\\starlette\\middleware\\gzip.py\", line 130, in __call__\n    await super().__call__(scope, receive, send)\n  File \"D:\\pyworks\\fastxai\\.venv\\Lib\\site-packages\\starlette\\middleware\\gzip.py\", line 46, in __call__\n    await self.app(scope, receive, self.send_with_compression)\n  File \"D:\\pyworks\\fastxai\\.venv\\Lib\\site-packages\\starlette\\middleware\\cors.py\", line 85, in __call__\n    await self.app(scope, receive, send)\n  File \"D:\\pyworks\\fastxai\\.venv\\Lib\\site-packages\\starlette\\middleware\\base.py\", line 191, in __call__\n    with recv_stream, send_stream, collapse_excgroups():\n  File \"C:\\Users\\Chenjf\\AppData\\Roaming\\uv\\python\\cpython-3.11.14-windows-x86_64-none\\Lib\\contextlib.py\", line 158, in __exit__\n    self.gen.throw(typ, value, traceback)\n  File \"D:\\pyworks\\fastxai\\.venv\\Lib\\site-packages\\starlette\\_utils.py\", line 85, in collapse_excgroups\n    raise exc\n  File \"D:\\pyworks\\fastxai\\.venv\\Lib\\site-packages\\starlette\\middleware\\base.py\", line 193, in __call__\n    response = await self.dispatch_func(request, call_next)\n               ^^^^^^^^^^^^^^^^^^^^^^^^^^^^^^^^^^^^^^^^^^^^\n  File \"D:\\pyworks\\fastxai\\.venv\\Lib\\site-packages\\slowapi\\middleware.py\", line 136, in dispatch\n    response = await call_next(request)\n               ^^^^^^^^^^^^^^^^^^^^^^^^\n  File \"D:\\pyworks\\fastxai\\.venv\\Lib\\site-packages\\starlette\\middleware\\base.py\", line 168, in call_next\n    raise app_exc from app_exc.__cause__ or app_exc.__context__\n  File \"D:\\pyworks\\fastxai\\.venv\\Lib\\site-packages\\starlette\\middleware\\base.py\", line 144, in coro\n    await self.app(scope, receive_or_disconnect, send_no_error)\n  File \"D:\\pyworks\\fastxai\\.venv\\Lib\\site-packages\\starlette\\middleware\\base.py\", line 191, in __call__\n    with recv_stream, send_stream, collapse_excgroups():\n  File \"C:\\Users\\Chenjf\\AppData\\Roaming\\uv\\python\\cpython-3.11.14-windows-x86_64-none\\Lib\\contextlib.py\", line 158, in __exit__\n    self.gen.throw(typ, value, traceback)\n  File \"D:\\pyworks\\fastxai\\.venv\\Lib\\site-packages\\starlette\\_utils.py\", line 85, in collapse_excgroups\n    raise exc\n  File \"D:\\pyworks\\fastxai\\.venv\\Lib\\site-packages\\starlette\\middleware\\base.py\", line 193, in __call__\n    response = await self.dispatch_func(request, call_next)\n               ^^^^^^^^^^^^^^^^^^^^^^^^^^^^^^^^^^^^^^^^^^^^\n  File \"d:\\pyworks\\fastxai\\app\\core\\middleware2.py\", line 133, in dispatch\n    response = await call_next(request)\n               ^^^^^^^^^^^^^^^^^^^^^^^^\n  File \"D:\\pyworks\\fastxai\\.venv\\Lib\\site-packages\\starlette\\middleware\\base.py\", line 168, in call_next\n    raise app_exc from app_exc.__cause__ or app_exc.__context__\n  File \"D:\\pyworks\\fastxai\\.venv\\Lib\\site-packages\\starlette\\middleware\\base.py\", line 144, in coro\n    await self.app(scope, receive_or_disconnect, send_no_error)\n  File \"D:\\pyworks\\fastxai\\.venv\\Lib\\site-packages\\starlette\\middleware\\base.py\", line 191, in __call__\n    with recv_stream, send_stream, collapse_excgroups():\n  File \"C:\\Users\\Chenjf\\AppData\\Roaming\\uv\\python\\cpython-3.11.14-windows-x86_64-none\\Lib\\contextlib.py\", line 158, in __exit__\n    self.gen.throw(typ, value, traceback)\n  File \"D:\\pyworks\\fastxai\\.venv\\Lib\\site-packages\\starlette\\_utils.py\", line 85, in collapse_excgroups\n    raise exc\n  File \"D:\\pyworks\\fastxai\\.venv\\Lib\\site-packages\\starlette\\middleware\\base.py\", line 193, in __call__\n    response = await self.dispatch_func(request, call_next)\n               ^^^^^^^^^^^^^^^^^^^^^^^^^^^^^^^^^^^^^^^^^^^^\n  File \"d:\\pyworks\\fastxai\\app\\core\\middleware2.py\", line 97, in dispatch\n    response = await call_next(request)\n               ^^^^^^^^^^^^^^^^^^^^^^^^\n  File \"D:\\pyworks\\fastxai\\.venv\\Lib\\site-packages\\starlette\\middleware\\base.py\", line 168, in call_next\n    raise app_exc from app_exc.__cause__ or app_exc.__context__\n  File \"D:\\pyworks\\fastxai\\.venv\\Lib\\site-packages\\starlette\\middleware\\base.py\", line 144, in coro\n    await self.app(scope, receive_or_disconnect, send_no_error)\n  File \"D:\\pyworks\\fastxai\\.venv\\Lib\\site-packages\\prometheus_fastapi_instrumentator\\middleware.py\", line 177, in __call__\n    raise exc\n  File \"D:\\pyworks\\fastxai\\.venv\\Lib\\site-packages\\prometheus_fastapi_instrumentator\\middleware.py\", line 175, in __call__\n    await self.app(scope, receive, send_wrapper)\n  File \"D:\\pyworks\\fastxai\\.venv\\Lib\\site-packages\\fastapi_profiler\\profiler.py\", line 90, in __call__\n    await self.app(scope, receive, wrapped_send)\n  File \"D:\\pyworks\\fastxai\\.venv\\Lib\\site-packages\\starlette\\middleware\\base.py\", line 191, in __call__\n    with recv_stream, send_stream, collapse_excgroups():\n  File \"C:\\Users\\Chenjf\\AppData\\Roaming\\uv\\python\\cpython-3.11.14-windows-x86_64-none\\Lib\\contextlib.py\", line 158, in __exit__\n    self.gen.throw(typ, value, traceback)\n  File \"D:\\pyworks\\fastxai\\.venv\\Lib\\site-packages\\starlette\\_utils.py\", line 85, in collapse_excgroups\n    raise exc\n  File \"D:\\pyworks\\fastxai\\.venv\\Lib\\site-packages\\starlette\\middleware\\base.py\", line 193, in __call__\n    response = await self.dispatch_func(request, call_next)\n               ^^^^^^^^^^^^^^^^^^^^^^^^^^^^^^^^^^^^^^^^^^^^\n  File \"D:\\pyworks\\fastxai\\.venv\\Lib\\site-packages\\starlette_prometheus\\middleware.py\", line 57, in dispatch\n    raise e from None\n  File \"D:\\pyworks\\fastxai\\.venv\\Lib\\site-packages\\starlette_prometheus\\middleware.py\", line 53, in dispatch\n    response = await call_next(request)\n               ^^^^^^^^^^^^^^^^^^^^^^^^\n  File \"D:\\pyworks\\fastxai\\.venv\\Lib\\site-packages\\starlette\\middleware\\base.py\", line 168, in call_next\n    raise app_exc from app_exc.__cause__ or app_exc.__context__\n  File \"D:\\pyworks\\fastxai\\.venv\\Lib\\site-packages\\starlette\\middleware\\base.py\", line 144, in coro\n    await self.app(scope, receive_or_disconnect, send_no_error)\n  File \"D:\\pyworks\\fastxai\\.venv\\Lib\\site-packages\\starlette\\middleware\\exceptions.py\", line 63, in __call__\n    await wrap_app_handling_exceptions(self.app, conn)(scope, receive, send)\n  File \"D:\\pyworks\\fastxai\\.venv\\Lib\\site-packages\\starlette\\_exception_handler.py\", line 53, in wrapped_app\n    raise exc\n  File \"D:\\pyworks\\fastxai\\.venv\\Lib\\site-packages\\starlette\\_exception_handler.py\", line 42, in wrapped_app\n    await app(scope, receive, sender)\n  File \"D:\\pyworks\\fastxai\\.venv\\Lib\\site-packages\\fastapi\\middleware\\asyncexitstack.py\", line 18, in __call__\n    await self.app(scope, receive, send)\n  File \"D:\\pyworks\\fastxai\\.venv\\Lib\\site-packages\\starlette\\routing.py\", line 716, in __call__\n    await self.middleware_stack(scope, receive, send)\n  File \"D:\\pyworks\\fastxai\\.venv\\Lib\\site-packages\\starlette\\routing.py\", line 736, in app\n    await route.handle(scope, receive, send)\n  File \"D:\\pyworks\\fastxai\\.venv\\Lib\\site-packages\\starlette\\routing.py\", line 290, in handle\n    await self.app(scope, receive, send)\n  File \"D:\\pyworks\\fastxai\\.venv\\Lib\\site-packages\\fastapi\\routing.py\", line 120, in app\n    await wrap_app_handling_exceptions(app, request)(scope, receive, send)\n  File \"D:\\pyworks\\fastxai\\.venv\\Lib\\site-packages\\starlette\\_exception_handler.py\", line 53, in wrapped_app\n    raise exc\n  File \"D:\\pyworks\\fastxai\\.venv\\Lib\\site-packages\\starlette\\_exception_handler.py\", line 42, in wrapped_app\n    await app(scope, receive, sender)\n  File \"D:\\pyworks\\fastxai\\.venv\\Lib\\site-packages\\fastapi\\routing.py\", line 106, in app\n    response = await f(request)\n               ^^^^^^^^^^^^^^^^\n  File \"D:\\pyworks\\fastxai\\.venv\\Lib\\site-packages\\fastapi\\routing.py\", line 430, in app\n    raw_response = await run_endpoint_function(\n                   ^^^^^^^^^^^^^^^^^^^^^^^^^^^^\n  File \"D:\\pyworks\\fastxai\\.venv\\Lib\\site-packages\\fastapi\\routing.py\", line 316, in run_endpoint_function\n    return await dependant.call(**values)\n           ^^^^^^^^^^^^^^^^^^^^^^^^^^^^^^\n  File \"d:\\pyworks\\fastxai\\app\\main.py\", line 260, in favicon\nTypeError: JSONResponse.__init__() missing 1 required positional argument: 'content'", "level": "critical", "request_id": "", "user_id": "", "trace_idd": "", "correlation_id": "", "session_id": ""}
2025-12-10 14:35:58.503 | ERROR    | _base.py:223 (_proxy_to_logger) | {"exception": "  + Exception Group Traceback (most recent call last):\n  |   File \"D:\\pyworks\\fastxai\\.venv\\Lib\\site-packages\\starlette\\_utils.py\", line 79, in collapse_excgroups\n  |     yield\n  |   File \"D:\\pyworks\\fastxai\\.venv\\Lib\\site-packages\\starlette\\middleware\\base.py\", line 192, in __call__\n  |     async with anyio.create_task_group() as task_group:\n  |   File \"D:\\pyworks\\fastxai\\.venv\\Lib\\site-packages\\anyio\\_backends\\_asyncio.py\", line 783, in __aexit__\n  |     raise BaseExceptionGroup(\n  | ExceptionGroup: unhandled errors in a TaskGroup (1 sub-exception)\n  +-+---------------- 1 ----------------\n    | Traceback (most recent call last):\n    |   File \"d:\\pyworks\\fastxai\\app\\core\\middleware2.py\", line 97, in dispatch\n    |     response = await call_next(request)\n    |                ^^^^^^^^^^^^^^^^^^^^^^^^\n    |   File \"D:\\pyworks\\fastxai\\.venv\\Lib\\site-packages\\starlette\\middleware\\base.py\", line 168, in call_next\n    |     raise app_exc from app_exc.__cause__ or app_exc.__context__\n    |   File \"D:\\pyworks\\fastxai\\.venv\\Lib\\site-packages\\starlette\\middleware\\base.py\", line 144, in coro\n    |     await self.app(scope, receive_or_disconnect, send_no_error)\n    |   File \"D:\\pyworks\\fastxai\\.venv\\Lib\\site-packages\\prometheus_fastapi_instrumentator\\middleware.py\", line 177, in __call__\n    |     raise exc\n    |   File \"D:\\pyworks\\fastxai\\.venv\\Lib\\site-packages\\prometheus_fastapi_instrumentator\\middleware.py\", line 175, in __call__\n    |     await self.app(scope, receive, send_wrapper)\n    |   File \"D:\\pyworks\\fastxai\\.venv\\Lib\\site-packages\\fastapi_profiler\\profiler.py\", line 90, in __call__\n    |     await self.app(scope, receive, wrapped_send)\n    |   File \"D:\\pyworks\\fastxai\\.venv\\Lib\\site-packages\\starlette\\middleware\\base.py\", line 191, in __call__\n    |     with recv_stream, send_stream, collapse_excgroups():\n    |   File \"C:\\Users\\Chenjf\\AppData\\Roaming\\uv\\python\\cpython-3.11.14-windows-x86_64-none\\Lib\\contextlib.py\", line 158, in __exit__\n    |     self.gen.throw(typ, value, traceback)\n    |   File \"D:\\pyworks\\fastxai\\.venv\\Lib\\site-packages\\starlette\\_utils.py\", line 85, in collapse_excgroups\n    |     raise exc\n    |   File \"D:\\pyworks\\fastxai\\.venv\\Lib\\site-packages\\starlette\\middleware\\base.py\", line 193, in __call__\n    |     response = await self.dispatch_func(request, call_next)\n    |                ^^^^^^^^^^^^^^^^^^^^^^^^^^^^^^^^^^^^^^^^^^^^\n    |   File \"D:\\pyworks\\fastxai\\.venv\\Lib\\site-packages\\starlette_prometheus\\middleware.py\", line 57, in dispatch\n    |     raise e from None\n    |   File \"D:\\pyworks\\fastxai\\.venv\\Lib\\site-packages\\starlette_prometheus\\middleware.py\", line 53, in dispatch\n    |     response = await call_next(request)\n    |                ^^^^^^^^^^^^^^^^^^^^^^^^\n    |   File \"D:\\pyworks\\fastxai\\.venv\\Lib\\site-packages\\starlette\\middleware\\base.py\", line 168, in call_next\n    |     raise app_exc from app_exc.__cause__ or app_exc.__context__\n    |   File \"D:\\pyworks\\fastxai\\.venv\\Lib\\site-packages\\starlette\\middleware\\base.py\", line 144, in coro\n    |     await self.app(scope, receive_or_disconnect, send_no_error)\n    |   File \"D:\\pyworks\\fastxai\\.venv\\Lib\\site-packages\\starlette\\middleware\\exceptions.py\", line 63, in __call__\n    |     await wrap_app_handling_exceptions(self.app, conn)(scope, receive, send)\n    |   File \"D:\\pyworks\\fastxai\\.venv\\Lib\\site-packages\\starlette\\_exception_handler.py\", line 53, in wrapped_app\n    |     raise exc\n    |   File \"D:\\pyworks\\fastxai\\.venv\\Lib\\site-packages\\starlette\\_exception_handler.py\", line 42, in wrapped_app\n    |     await app(scope, receive, sender)\n    |   File \"D:\\pyworks\\fastxai\\.venv\\Lib\\site-packages\\fastapi\\middleware\\asyncexitstack.py\", line 18, in __call__\n    |     await self.app(scope, receive, send)\n    |   File \"D:\\pyworks\\fastxai\\.venv\\Lib\\site-packages\\starlette\\routing.py\", line 716, in __call__\n    |     await self.middleware_stack(scope, receive, send)\n    |   File \"D:\\pyworks\\fastxai\\.venv\\Lib\\site-packages\\starlette\\routing.py\", line 736, in app\n    |     await route.handle(scope, receive, send)\n    |   File \"D:\\pyworks\\fastxai\\.venv\\Lib\\site-packages\\starlette\\routing.py\", line 290, in handle\n    |     await self.app(scope, receive, send)\n    |   File \"D:\\pyworks\\fastxai\\.venv\\Lib\\site-packages\\fastapi\\routing.py\", line 120, in app\n    |     await wrap_app_handling_exceptions(app, request)(scope, receive, send)\n    |   File \"D:\\pyworks\\fastxai\\.venv\\Lib\\site-packages\\starlette\\_exception_handler.py\", line 53, in wrapped_app\n    |     raise exc\n    |   File \"D:\\pyworks\\fastxai\\.venv\\Lib\\site-packages\\starlette\\_exception_handler.py\", line 42, in wrapped_app\n    |     await app(scope, receive, sender)\n    |   File \"D:\\pyworks\\fastxai\\.venv\\Lib\\site-packages\\fastapi\\routing.py\", line 106, in app\n    |     response = await f(request)\n    |                ^^^^^^^^^^^^^^^^\n    |   File \"D:\\pyworks\\fastxai\\.venv\\Lib\\site-packages\\fastapi\\routing.py\", line 430, in app\n    |     raw_response = await run_endpoint_function(\n    |                    ^^^^^^^^^^^^^^^^^^^^^^^^^^^^\n    |   File \"D:\\pyworks\\fastxai\\.venv\\Lib\\site-packages\\fastapi\\routing.py\", line 316, in run_endpoint_function\n    |     return await dependant.call(**values)\n    |            ^^^^^^^^^^^^^^^^^^^^^^^^^^^^^^\n    |   File \"d:\\pyworks\\fastxai\\app\\main.py\", line 263, in favicon\n    |     return CustomORJSONResponse(status_code=200)\n    |            ^^^^^^^^^^^^^^^^^^^^^^^^^^^^^^^^^^^^^\n    | TypeError: JSONResponse.__init__() missing 1 required positional argument: 'content'\n    +------------------------------------\n\nThe above exception was the direct cause of the following exception:\n\nTraceback (most recent call last):\n  File \"d:\\pyworks\\fastxai\\app\\core\\middleware2.py\", line 97, in dispatch\n    response = await call_next(request)\n               ^^^^^^^^^^^^^^^^^^^^^^^^\n  File \"D:\\pyworks\\fastxai\\.venv\\Lib\\site-packages\\starlette\\middleware\\base.py\", line 168, in call_next\n    raise app_exc from app_exc.__cause__ or app_exc.__context__\n  File \"D:\\pyworks\\fastxai\\.venv\\Lib\\site-packages\\starlette\\middleware\\base.py\", line 144, in coro\n    await self.app(scope, receive_or_disconnect, send_no_error)\n  File \"D:\\pyworks\\fastxai\\.venv\\Lib\\site-packages\\prometheus_fastapi_instrumentator\\middleware.py\", line 177, in __call__\n    raise exc\n  File \"D:\\pyworks\\fastxai\\.venv\\Lib\\site-packages\\prometheus_fastapi_instrumentator\\middleware.py\", line 175, in __call__\n    await self.app(scope, receive, send_wrapper)\n  File \"D:\\pyworks\\fastxai\\.venv\\Lib\\site-packages\\fastapi_profiler\\profiler.py\", line 90, in __call__\n    await self.app(scope, receive, wrapped_send)\n  File \"D:\\pyworks\\fastxai\\.venv\\Lib\\site-packages\\starlette\\middleware\\base.py\", line 191, in __call__\n    with recv_stream, send_stream, collapse_excgroups():\n  File \"C:\\Users\\Chenjf\\AppData\\Roaming\\uv\\python\\cpython-3.11.14-windows-x86_64-none\\Lib\\contextlib.py\", line 158, in __exit__\n    self.gen.throw(typ, value, traceback)\n  File \"D:\\pyworks\\fastxai\\.venv\\Lib\\site-packages\\starlette\\_utils.py\", line 85, in collapse_excgroups\n    raise exc\n  File \"D:\\pyworks\\fastxai\\.venv\\Lib\\site-packages\\starlette\\middleware\\base.py\", line 193, in __call__\n    response = await self.dispatch_func(request, call_next)\n               ^^^^^^^^^^^^^^^^^^^^^^^^^^^^^^^^^^^^^^^^^^^^\n  File \"D:\\pyworks\\fastxai\\.venv\\Lib\\site-packages\\starlette_prometheus\\middleware.py\", line 57, in dispatch\n    raise e from None\n  File \"D:\\pyworks\\fastxai\\.venv\\Lib\\site-packages\\starlette_prometheus\\middleware.py\", line 53, in dispatch\n    response = await call_next(request)\n               ^^^^^^^^^^^^^^^^^^^^^^^^\n  File \"D:\\pyworks\\fastxai\\.venv\\Lib\\site-packages\\starlette\\middleware\\base.py\", line 168, in call_next\n    raise app_exc from app_exc.__cause__ or app_exc.__context__\n  File \"D:\\pyworks\\fastxai\\.venv\\Lib\\site-packages\\starlette\\middleware\\base.py\", line 144, in coro\n    await self.app(scope, receive_or_disconnect, send_no_error)\n  File \"D:\\pyworks\\fastxai\\.venv\\Lib\\site-packages\\starlette\\middleware\\exceptions.py\", line 63, in __call__\n    await wrap_app_handling_exceptions(self.app, conn)(scope, receive, send)\n  File \"D:\\pyworks\\fastxai\\.venv\\Lib\\site-packages\\starlette\\_exception_handler.py\", line 53, in wrapped_app\n    raise exc\n  File \"D:\\pyworks\\fastxai\\.venv\\Lib\\site-packages\\starlette\\_exception_handler.py\", line 42, in wrapped_app\n    await app(scope, receive, sender)\n  File \"D:\\pyworks\\fastxai\\.venv\\Lib\\site-packages\\fastapi\\middleware\\asyncexitstack.py\", line 18, in __call__\n    await self.app(scope, receive, send)\n  File \"D:\\pyworks\\fastxai\\.venv\\Lib\\site-packages\\starlette\\routing.py\", line 716, in __call__\n    await self.middleware_stack(scope, receive, send)\n  File \"D:\\pyworks\\fastxai\\.venv\\Lib\\site-packages\\starlette\\routing.py\", line 736, in app\n    await route.handle(scope, receive, send)\n  File \"D:\\pyworks\\fastxai\\.venv\\Lib\\site-packages\\starlette\\routing.py\", line 290, in handle\n    await self.app(scope, receive, send)\n  File \"D:\\pyworks\\fastxai\\.venv\\Lib\\site-packages\\fastapi\\routing.py\", line 120, in app\n    await wrap_app_handling_exceptions(app, request)(scope, receive, send)\n  File \"D:\\pyworks\\fastxai\\.venv\\Lib\\site-packages\\starlette\\_exception_handler.py\", line 53, in wrapped_app\n    raise exc\n  File \"D:\\pyworks\\fastxai\\.venv\\Lib\\site-packages\\starlette\\_exception_handler.py\", line 42, in wrapped_app\n    await app(scope, receive, sender)\n  File \"D:\\pyworks\\fastxai\\.venv\\Lib\\site-packages\\fastapi\\routing.py\", line 106, in app\n    response = await f(request)\n               ^^^^^^^^^^^^^^^^\n  File \"D:\\pyworks\\fastxai\\.venv\\Lib\\site-packages\\fastapi\\routing.py\", line 430, in app\n    raw_response = await run_endpoint_function(\n                   ^^^^^^^^^^^^^^^^^^^^^^^^^^^^\n  File \"D:\\pyworks\\fastxai\\.venv\\Lib\\site-packages\\fastapi\\routing.py\", line 316, in run_endpoint_function\n    return await dependant.call(**values)\n           ^^^^^^^^^^^^^^^^^^^^^^^^^^^^^^\n  File \"d:\\pyworks\\fastxai\\app\\main.py\", line 263, in favicon\n    return CustomORJSONResponse(status_code=200)\n           ^^^^^^^^^^^^^^^^^^^^^^^^^^^^^^^^^^^^^\nTypeError: JSONResponse.__init__() missing 1 required positional argument: 'content'", "event": "Request failed", "timestamp": "2025-12-10T06:35:58.497857Z", "client_ip": "127.0.0.1", "trace_idd": "", "user_id": "anonymous", "status_code": 500, "correlattion_id": "0693914c-e6f6-76f9-8000-b2d9a71bdb07", "request_id": "0693914c-e6f6-76f9-8000-b2d9a71bdb07", "endpoint": "/favicon.ico", "http_method": "GET", "session_id": "", "correlation_id": "", "trace_id": "0693914c-e6f6-76f9-8000-b2d9a71bdb07", "level": "error"}
2025-12-10 14:35:58.505 | ERROR    | _base.py:223 (_proxy_to_logger) | {"request_id": "", "error": "JSONResponse.__init__() missing 1 required positional argument: 'content'", "client_ip": "", "path": "/favicon.ico", "event": "Request error", "timestamp": "2025-12-10T06:35:58.505905Z", "level": "error", "user_id": "", "trace_idd": "", "endpoint": "", "correlation_id": "", "session_id": ""}
2025-12-10 14:35:58.514 | CRITICAL | _base.py:223 (_proxy_to_logger) | {"endpoint": "", "client_ip": "", "event": "Unhandled exception", "timestamp": "2025-12-10T06:35:58.505905Z", "exception": "  + Exception Group Traceback (most recent call last):\n  |   File \"D:\\pyworks\\fastxai\\.venv\\Lib\\site-packages\\starlette\\_utils.py\", line 79, in collapse_excgroups\n  |     yield\n  |   File \"D:\\pyworks\\fastxai\\.venv\\Lib\\site-packages\\starlette\\middleware\\base.py\", line 192, in __call__\n  |     async with anyio.create_task_group() as task_group:\n  |   File \"D:\\pyworks\\fastxai\\.venv\\Lib\\site-packages\\anyio\\_backends\\_asyncio.py\", line 783, in __aexit__\n  |     raise BaseExceptionGroup(\n  | ExceptionGroup: unhandled errors in a TaskGroup (1 sub-exception)\n  +-+---------------- 1 ----------------\n    | Traceback (most recent call last):\n    |   File \"D:\\pyworks\\fastxai\\.venv\\Lib\\site-packages\\starlette\\middleware\\errors.py\", line 164, in __call__\n    |     await self.app(scope, receive, _send)\n    |   File \"D:\\pyworks\\fastxai\\.venv\\Lib\\site-packages\\starlette\\middleware\\base.py\", line 191, in __call__\n    |     with recv_stream, send_stream, collapse_excgroups():\n    |   File \"C:\\Users\\Chenjf\\AppData\\Roaming\\uv\\python\\cpython-3.11.14-windows-x86_64-none\\Lib\\contextlib.py\", line 158, in __exit__\n    |     self.gen.throw(typ, value, traceback)\n    |   File \"D:\\pyworks\\fastxai\\.venv\\Lib\\site-packages\\starlette\\_utils.py\", line 85, in collapse_excgroups\n    |     raise exc\n    |   File \"D:\\pyworks\\fastxai\\.venv\\Lib\\site-packages\\starlette\\middleware\\base.py\", line 193, in __call__\n    |     response = await self.dispatch_func(request, call_next)\n    |                ^^^^^^^^^^^^^^^^^^^^^^^^^^^^^^^^^^^^^^^^^^^^\n    |   File \"d:\\pyworks\\fastxai\\app\\core\\middlewares.py\", line 258, in xss_protection\n    |     response = await call_next(request)\n    |                ^^^^^^^^^^^^^^^^^^^^^^^^\n    |   File \"D:\\pyworks\\fastxai\\.venv\\Lib\\site-packages\\starlette\\middleware\\base.py\", line 168, in call_next\n    |     raise app_exc from app_exc.__cause__ or app_exc.__context__\n    |   File \"D:\\pyworks\\fastxai\\.venv\\Lib\\site-packages\\starlette\\middleware\\base.py\", line 144, in coro\n    |     await self.app(scope, receive_or_disconnect, send_no_error)\n    |   File \"D:\\pyworks\\fastxai\\.venv\\Lib\\site-packages\\starlette\\middleware\\base.py\", line 191, in __call__\n    |     with recv_stream, send_stream, collapse_excgroups():\n    |   File \"C:\\Users\\Chenjf\\AppData\\Roaming\\uv\\python\\cpython-3.11.14-windows-x86_64-none\\Lib\\contextlib.py\", line 158, in __exit__\n    |     self.gen.throw(typ, value, traceback)\n    |   File \"D:\\pyworks\\fastxai\\.venv\\Lib\\site-packages\\starlette\\_utils.py\", line 85, in collapse_excgroups\n    |     raise exc\n    |   File \"D:\\pyworks\\fastxai\\.venv\\Lib\\site-packages\\starlette\\middleware\\base.py\", line 193, in __call__\n    |     response = await self.dispatch_func(request, call_next)\n    |                ^^^^^^^^^^^^^^^^^^^^^^^^^^^^^^^^^^^^^^^^^^^^\n    |   File \"d:\\pyworks\\fastxai\\app\\core\\middlewares.py\", line 253, in sql_injection_protection\n    |     return await call_next(request)\n    |            ^^^^^^^^^^^^^^^^^^^^^^^^\n    |   File \"D:\\pyworks\\fastxai\\.venv\\Lib\\site-packages\\starlette\\middleware\\base.py\", line 168, in call_next\n    |     raise app_exc from app_exc.__cause__ or app_exc.__context__\n    |   File \"D:\\pyworks\\fastxai\\.venv\\Lib\\site-packages\\starlette\\middleware\\base.py\", line 144, in coro\n    |     await self.app(scope, receive_or_disconnect, send_no_error)\n    |   File \"D:\\pyworks\\fastxai\\.venv\\Lib\\site-packages\\starlette\\middleware\\base.py\", line 191, in __call__\n    |     with recv_stream, send_stream, collapse_excgroups():\n    |   File \"C:\\Users\\Chenjf\\AppData\\Roaming\\uv\\python\\cpython-3.11.14-windows-x86_64-none\\Lib\\contextlib.py\", line 158, in __exit__\n    |     self.gen.throw(typ, value, traceback)\n    |   File \"D:\\pyworks\\fastxai\\.venv\\Lib\\site-packages\\starlette\\_utils.py\", line 85, in collapse_excgroups\n    |     raise exc\n    |   File \"D:\\pyworks\\fastxai\\.venv\\Lib\\site-packages\\starlette\\middleware\\base.py\", line 193, in __call__\n    |     response = await self.dispatch_func(request, call_next)\n    |                ^^^^^^^^^^^^^^^^^^^^^^^^^^^^^^^^^^^^^^^^^^^^\n    |   File \"d:\\pyworks\\fastxai\\app\\core\\middlewares.py\", line 175, in add_security_headers\n    |     response = await call_next(request)\n    |                ^^^^^^^^^^^^^^^^^^^^^^^^\n    |   File \"D:\\pyworks\\fastxai\\.venv\\Lib\\site-packages\\starlette\\middleware\\base.py\", line 168, in call_next\n    |     raise app_exc from app_exc.__cause__ or app_exc.__context__\n    |   File \"D:\\pyworks\\fastxai\\.venv\\Lib\\site-packages\\starlette\\middleware\\base.py\", line 144, in coro\n    |     await self.app(scope, receive_or_disconnect, send_no_error)\n    |   File \"D:\\pyworks\\fastxai\\.venv\\Lib\\site-packages\\starlette\\middleware\\gzip.py\", line 29, in __call__\n    |     await responder(scope, receive, send)\n    |   File \"D:\\pyworks\\fastxai\\.venv\\Lib\\site-packages\\starlette\\middleware\\gzip.py\", line 130, in __call__\n    |     await super().__call__(scope, receive, send)\n    |   File \"D:\\pyworks\\fastxai\\.venv\\Lib\\site-packages\\starlette\\middleware\\gzip.py\", line 46, in __call__\n    |     await self.app(scope, receive, self.send_with_compression)\n    |   File \"D:\\pyworks\\fastxai\\.venv\\Lib\\site-packages\\starlette\\middleware\\cors.py\", line 85, in __call__\n    |     await self.app(scope, receive, send)\n    |   File \"D:\\pyworks\\fastxai\\.venv\\Lib\\site-packages\\starlette\\middleware\\base.py\", line 191, in __call__\n    |     with recv_stream, send_stream, collapse_excgroups():\n    |   File \"C:\\Users\\Chenjf\\AppData\\Roaming\\uv\\python\\cpython-3.11.14-windows-x86_64-none\\Lib\\contextlib.py\", line 158, in __exit__\n    |     self.gen.throw(typ, value, traceback)\n    |   File \"D:\\pyworks\\fastxai\\.venv\\Lib\\site-packages\\starlette\\_utils.py\", line 85, in collapse_excgroups\n    |     raise exc\n    |   File \"D:\\pyworks\\fastxai\\.venv\\Lib\\site-packages\\starlette\\middleware\\base.py\", line 193, in __call__\n    |     response = await self.dispatch_func(request, call_next)\n    |                ^^^^^^^^^^^^^^^^^^^^^^^^^^^^^^^^^^^^^^^^^^^^\n    |   File \"D:\\pyworks\\fastxai\\.venv\\Lib\\site-packages\\slowapi\\middleware.py\", line 136, in dispatch\n    |     response = await call_next(request)\n    |                ^^^^^^^^^^^^^^^^^^^^^^^^\n    |   File \"D:\\pyworks\\fastxai\\.venv\\Lib\\site-packages\\starlette\\middleware\\base.py\", line 168, in call_next\n    |     raise app_exc from app_exc.__cause__ or app_exc.__context__\n    |   File \"D:\\pyworks\\fastxai\\.venv\\Lib\\site-packages\\starlette\\middleware\\base.py\", line 144, in coro\n    |     await self.app(scope, receive_or_disconnect, send_no_error)\n    |   File \"D:\\pyworks\\fastxai\\.venv\\Lib\\site-packages\\starlette\\middleware\\base.py\", line 191, in __call__\n    |     with recv_stream, send_stream, collapse_excgroups():\n    |   File \"C:\\Users\\Chenjf\\AppData\\Roaming\\uv\\python\\cpython-3.11.14-windows-x86_64-none\\Lib\\contextlib.py\", line 158, in __exit__\n    |     self.gen.throw(typ, value, traceback)\n    |   File \"D:\\pyworks\\fastxai\\.venv\\Lib\\site-packages\\starlette\\_utils.py\", line 85, in collapse_excgroups\n    |     raise exc\n    |   File \"D:\\pyworks\\fastxai\\.venv\\Lib\\site-packages\\starlette\\middleware\\base.py\", line 193, in __call__\n    |     response = await self.dispatch_func(request, call_next)\n    |                ^^^^^^^^^^^^^^^^^^^^^^^^^^^^^^^^^^^^^^^^^^^^\n    |   File \"d:\\pyworks\\fastxai\\app\\core\\middleware2.py\", line 133, in dispatch\n    |     response = await call_next(request)\n    |                ^^^^^^^^^^^^^^^^^^^^^^^^\n    |   File \"D:\\pyworks\\fastxai\\.venv\\Lib\\site-packages\\starlette\\middleware\\base.py\", line 168, in call_next\n    |     raise app_exc from app_exc.__cause__ or app_exc.__context__\n    |   File \"D:\\pyworks\\fastxai\\.venv\\Lib\\site-packages\\starlette\\middleware\\base.py\", line 144, in coro\n    |     await self.app(scope, receive_or_disconnect, send_no_error)\n    |   File \"D:\\pyworks\\fastxai\\.venv\\Lib\\site-packages\\starlette\\middleware\\base.py\", line 191, in __call__\n    |     with recv_stream, send_stream, collapse_excgroups():\n    |   File \"C:\\Users\\Chenjf\\AppData\\Roaming\\uv\\python\\cpython-3.11.14-windows-x86_64-none\\Lib\\contextlib.py\", line 158, in __exit__\n    |     self.gen.throw(typ, value, traceback)\n    |   File \"D:\\pyworks\\fastxai\\.venv\\Lib\\site-packages\\starlette\\_utils.py\", line 85, in collapse_excgroups\n    |     raise exc\n    |   File \"D:\\pyworks\\fastxai\\.venv\\Lib\\site-packages\\starlette\\middleware\\base.py\", line 193, in __call__\n    |     response = await self.dispatch_func(request, call_next)\n    |                ^^^^^^^^^^^^^^^^^^^^^^^^^^^^^^^^^^^^^^^^^^^^\n    |   File \"d:\\pyworks\\fastxai\\app\\core\\middleware2.py\", line 97, in dispatch\n    |     response = await call_next(request)\n    |                ^^^^^^^^^^^^^^^^^^^^^^^^\n    |   File \"D:\\pyworks\\fastxai\\.venv\\Lib\\site-packages\\starlette\\middleware\\base.py\", line 168, in call_next\n    |     raise app_exc from app_exc.__cause__ or app_exc.__context__\n    |   File \"D:\\pyworks\\fastxai\\.venv\\Lib\\site-packages\\starlette\\middleware\\base.py\", line 144, in coro\n    |     await self.app(scope, receive_or_disconnect, send_no_error)\n    |   File \"D:\\pyworks\\fastxai\\.venv\\Lib\\site-packages\\prometheus_fastapi_instrumentator\\middleware.py\", line 177, in __call__\n    |     raise exc\n    |   File \"D:\\pyworks\\fastxai\\.venv\\Lib\\site-packages\\prometheus_fastapi_instrumentator\\middleware.py\", line 175, in __call__\n    |     await self.app(scope, receive, send_wrapper)\n    |   File \"D:\\pyworks\\fastxai\\.venv\\Lib\\site-packages\\fastapi_profiler\\profiler.py\", line 90, in __call__\n    |     await self.app(scope, receive, wrapped_send)\n    |   File \"D:\\pyworks\\fastxai\\.venv\\Lib\\site-packages\\starlette\\middleware\\base.py\", line 191, in __call__\n    |     with recv_stream, send_stream, collapse_excgroups():\n    |   File \"C:\\Users\\Chenjf\\AppData\\Roaming\\uv\\python\\cpython-3.11.14-windows-x86_64-none\\Lib\\contextlib.py\", line 158, in __exit__\n    |     self.gen.throw(typ, value, traceback)\n    |   File \"D:\\pyworks\\fastxai\\.venv\\Lib\\site-packages\\starlette\\_utils.py\", line 85, in collapse_excgroups\n    |     raise exc\n    |   File \"D:\\pyworks\\fastxai\\.venv\\Lib\\site-packages\\starlette\\middleware\\base.py\", line 193, in __call__\n    |     response = await self.dispatch_func(request, call_next)\n    |                ^^^^^^^^^^^^^^^^^^^^^^^^^^^^^^^^^^^^^^^^^^^^\n    |   File \"D:\\pyworks\\fastxai\\.venv\\Lib\\site-packages\\starlette_prometheus\\middleware.py\", line 57, in dispatch\n    |     raise e from None\n    |   File \"D:\\pyworks\\fastxai\\.venv\\Lib\\site-packages\\starlette_prometheus\\middleware.py\", line 53, in dispatch\n    |     response = await call_next(request)\n    |                ^^^^^^^^^^^^^^^^^^^^^^^^\n    |   File \"D:\\pyworks\\fastxai\\.venv\\Lib\\site-packages\\starlette\\middleware\\base.py\", line 168, in call_next\n    |     raise app_exc from app_exc.__cause__ or app_exc.__context__\n    |   File \"D:\\pyworks\\fastxai\\.venv\\Lib\\site-packages\\starlette\\middleware\\base.py\", line 144, in coro\n    |     await self.app(scope, receive_or_disconnect, send_no_error)\n    |   File \"D:\\pyworks\\fastxai\\.venv\\Lib\\site-packages\\starlette\\middleware\\exceptions.py\", line 63, in __call__\n    |     await wrap_app_handling_exceptions(self.app, conn)(scope, receive, send)\n    |   File \"D:\\pyworks\\fastxai\\.venv\\Lib\\site-packages\\starlette\\_exception_handler.py\", line 53, in wrapped_app\n    |     raise exc\n    |   File \"D:\\pyworks\\fastxai\\.venv\\Lib\\site-packages\\starlette\\_exception_handler.py\", line 42, in wrapped_app\n    |     await app(scope, receive, sender)\n    |   File \"D:\\pyworks\\fastxai\\.venv\\Lib\\site-packages\\fastapi\\middleware\\asyncexitstack.py\", line 18, in __call__\n    |     await self.app(scope, receive, send)\n    |   File \"D:\\pyworks\\fastxai\\.venv\\Lib\\site-packages\\starlette\\routing.py\", line 716, in __call__\n    |     await self.middleware_stack(scope, receive, send)\n    |   File \"D:\\pyworks\\fastxai\\.venv\\Lib\\site-packages\\starlette\\routing.py\", line 736, in app\n    |     await route.handle(scope, receive, send)\n    |   File \"D:\\pyworks\\fastxai\\.venv\\Lib\\site-packages\\starlette\\routing.py\", line 290, in handle\n    |     await self.app(scope, receive, send)\n    |   File \"D:\\pyworks\\fastxai\\.venv\\Lib\\site-packages\\fastapi\\routing.py\", line 120, in app\n    |     await wrap_app_handling_exceptions(app, request)(scope, receive, send)\n    |   File \"D:\\pyworks\\fastxai\\.venv\\Lib\\site-packages\\starlette\\_exception_handler.py\", line 53, in wrapped_app\n    |     raise exc\n    |   File \"D:\\pyworks\\fastxai\\.venv\\Lib\\site-packages\\starlette\\_exception_handler.py\", line 42, in wrapped_app\n    |     await app(scope, receive, sender)\n    |   File \"D:\\pyworks\\fastxai\\.venv\\Lib\\site-packages\\fastapi\\routing.py\", line 106, in app\n    |     response = await f(request)\n    |                ^^^^^^^^^^^^^^^^\n    |   File \"D:\\pyworks\\fastxai\\.venv\\Lib\\site-packages\\fastapi\\routing.py\", line 430, in app\n    |     raw_response = await run_endpoint_function(\n    |                    ^^^^^^^^^^^^^^^^^^^^^^^^^^^^\n    |   File \"D:\\pyworks\\fastxai\\.venv\\Lib\\site-packages\\fastapi\\routing.py\", line 316, in run_endpoint_function\n    |     return await dependant.call(**values)\n    |            ^^^^^^^^^^^^^^^^^^^^^^^^^^^^^^\n    |   File \"d:\\pyworks\\fastxai\\app\\main.py\", line 263, in favicon\n    |     return CustomORJSONResponse(status_code=200)\n    |            ^^^^^^^^^^^^^^^^^^^^^^^^^^^^^^^^^^^^^\n    | TypeError: JSONResponse.__init__() missing 1 required positional argument: 'content'\n    +------------------------------------\n\nThe above exception was the direct cause of the following exception:\n\nTraceback (most recent call last):\n  File \"D:\\pyworks\\fastxai\\.venv\\Lib\\site-packages\\starlette\\middleware\\errors.py\", line 164, in __call__\n    await self.app(scope, receive, _send)\n  File \"D:\\pyworks\\fastxai\\.venv\\Lib\\site-packages\\starlette\\middleware\\base.py\", line 191, in __call__\n    with recv_stream, send_stream, collapse_excgroups():\n  File \"C:\\Users\\Chenjf\\AppData\\Roaming\\uv\\python\\cpython-3.11.14-windows-x86_64-none\\Lib\\contextlib.py\", line 158, in __exit__\n    self.gen.throw(typ, value, traceback)\n  File \"D:\\pyworks\\fastxai\\.venv\\Lib\\site-packages\\starlette\\_utils.py\", line 85, in collapse_excgroups\n    raise exc\n  File \"D:\\pyworks\\fastxai\\.venv\\Lib\\site-packages\\starlette\\middleware\\base.py\", line 193, in __call__\n    response = await self.dispatch_func(request, call_next)\n               ^^^^^^^^^^^^^^^^^^^^^^^^^^^^^^^^^^^^^^^^^^^^\n  File \"d:\\pyworks\\fastxai\\app\\core\\middlewares.py\", line 258, in xss_protection\n    response = await call_next(request)\n               ^^^^^^^^^^^^^^^^^^^^^^^^\n  File \"D:\\pyworks\\fastxai\\.venv\\Lib\\site-packages\\starlette\\middleware\\base.py\", line 168, in call_next\n    raise app_exc from app_exc.__cause__ or app_exc.__context__\n  File \"D:\\pyworks\\fastxai\\.venv\\Lib\\site-packages\\starlette\\middleware\\base.py\", line 144, in coro\n    await self.app(scope, receive_or_disconnect, send_no_error)\n  File \"D:\\pyworks\\fastxai\\.venv\\Lib\\site-packages\\starlette\\middleware\\base.py\", line 191, in __call__\n    with recv_stream, send_stream, collapse_excgroups():\n  File \"C:\\Users\\Chenjf\\AppData\\Roaming\\uv\\python\\cpython-3.11.14-windows-x86_64-none\\Lib\\contextlib.py\", line 158, in __exit__\n    self.gen.throw(typ, value, traceback)\n  File \"D:\\pyworks\\fastxai\\.venv\\Lib\\site-packages\\starlette\\_utils.py\", line 85, in collapse_excgroups\n    raise exc\n  File \"D:\\pyworks\\fastxai\\.venv\\Lib\\site-packages\\starlette\\middleware\\base.py\", line 193, in __call__\n    response = await self.dispatch_func(request, call_next)\n               ^^^^^^^^^^^^^^^^^^^^^^^^^^^^^^^^^^^^^^^^^^^^\n  File \"d:\\pyworks\\fastxai\\app\\core\\middlewares.py\", line 253, in sql_injection_protection\n    return await call_next(request)\n           ^^^^^^^^^^^^^^^^^^^^^^^^\n  File \"D:\\pyworks\\fastxai\\.venv\\Lib\\site-packages\\starlette\\middleware\\base.py\", line 168, in call_next\n    raise app_exc from app_exc.__cause__ or app_exc.__context__\n  File \"D:\\pyworks\\fastxai\\.venv\\Lib\\site-packages\\starlette\\middleware\\base.py\", line 144, in coro\n    await self.app(scope, receive_or_disconnect, send_no_error)\n  File \"D:\\pyworks\\fastxai\\.venv\\Lib\\site-packages\\starlette\\middleware\\base.py\", line 191, in __call__\n    with recv_stream, send_stream, collapse_excgroups():\n  File \"C:\\Users\\Chenjf\\AppData\\Roaming\\uv\\python\\cpython-3.11.14-windows-x86_64-none\\Lib\\contextlib.py\", line 158, in __exit__\n    self.gen.throw(typ, value, traceback)\n  File \"D:\\pyworks\\fastxai\\.venv\\Lib\\site-packages\\starlette\\_utils.py\", line 85, in collapse_excgroups\n    raise exc\n  File \"D:\\pyworks\\fastxai\\.venv\\Lib\\site-packages\\starlette\\middleware\\base.py\", line 193, in __call__\n    response = await self.dispatch_func(request, call_next)\n               ^^^^^^^^^^^^^^^^^^^^^^^^^^^^^^^^^^^^^^^^^^^^\n  File \"d:\\pyworks\\fastxai\\app\\core\\middlewares.py\", line 175, in add_security_headers\n    response = await call_next(request)\n               ^^^^^^^^^^^^^^^^^^^^^^^^\n  File \"D:\\pyworks\\fastxai\\.venv\\Lib\\site-packages\\starlette\\middleware\\base.py\", line 168, in call_next\n    raise app_exc from app_exc.__cause__ or app_exc.__context__\n  File \"D:\\pyworks\\fastxai\\.venv\\Lib\\site-packages\\starlette\\middleware\\base.py\", line 144, in coro\n    await self.app(scope, receive_or_disconnect, send_no_error)\n  File \"D:\\pyworks\\fastxai\\.venv\\Lib\\site-packages\\starlette\\middleware\\gzip.py\", line 29, in __call__\n    await responder(scope, receive, send)\n  File \"D:\\pyworks\\fastxai\\.venv\\Lib\\site-packages\\starlette\\middleware\\gzip.py\", line 130, in __call__\n    await super().__call__(scope, receive, send)\n  File \"D:\\pyworks\\fastxai\\.venv\\Lib\\site-packages\\starlette\\middleware\\gzip.py\", line 46, in __call__\n    await self.app(scope, receive, self.send_with_compression)\n  File \"D:\\pyworks\\fastxai\\.venv\\Lib\\site-packages\\starlette\\middleware\\cors.py\", line 85, in __call__\n    await self.app(scope, receive, send)\n  File \"D:\\pyworks\\fastxai\\.venv\\Lib\\site-packages\\starlette\\middleware\\base.py\", line 191, in __call__\n    with recv_stream, send_stream, collapse_excgroups():\n  File \"C:\\Users\\Chenjf\\AppData\\Roaming\\uv\\python\\cpython-3.11.14-windows-x86_64-none\\Lib\\contextlib.py\", line 158, in __exit__\n    self.gen.throw(typ, value, traceback)\n  File \"D:\\pyworks\\fastxai\\.venv\\Lib\\site-packages\\starlette\\_utils.py\", line 85, in collapse_excgroups\n    raise exc\n  File \"D:\\pyworks\\fastxai\\.venv\\Lib\\site-packages\\starlette\\middleware\\base.py\", line 193, in __call__\n    response = await self.dispatch_func(request, call_next)\n               ^^^^^^^^^^^^^^^^^^^^^^^^^^^^^^^^^^^^^^^^^^^^\n  File \"D:\\pyworks\\fastxai\\.venv\\Lib\\site-packages\\slowapi\\middleware.py\", line 136, in dispatch\n    response = await call_next(request)\n               ^^^^^^^^^^^^^^^^^^^^^^^^\n  File \"D:\\pyworks\\fastxai\\.venv\\Lib\\site-packages\\starlette\\middleware\\base.py\", line 168, in call_next\n    raise app_exc from app_exc.__cause__ or app_exc.__context__\n  File \"D:\\pyworks\\fastxai\\.venv\\Lib\\site-packages\\starlette\\middleware\\base.py\", line 144, in coro\n    await self.app(scope, receive_or_disconnect, send_no_error)\n  File \"D:\\pyworks\\fastxai\\.venv\\Lib\\site-packages\\starlette\\middleware\\base.py\", line 191, in __call__\n    with recv_stream, send_stream, collapse_excgroups():\n  File \"C:\\Users\\Chenjf\\AppData\\Roaming\\uv\\python\\cpython-3.11.14-windows-x86_64-none\\Lib\\contextlib.py\", line 158, in __exit__\n    self.gen.throw(typ, value, traceback)\n  File \"D:\\pyworks\\fastxai\\.venv\\Lib\\site-packages\\starlette\\_utils.py\", line 85, in collapse_excgroups\n    raise exc\n  File \"D:\\pyworks\\fastxai\\.venv\\Lib\\site-packages\\starlette\\middleware\\base.py\", line 193, in __call__\n    response = await self.dispatch_func(request, call_next)\n               ^^^^^^^^^^^^^^^^^^^^^^^^^^^^^^^^^^^^^^^^^^^^\n  File \"d:\\pyworks\\fastxai\\app\\core\\middleware2.py\", line 133, in dispatch\n    response = await call_next(request)\n               ^^^^^^^^^^^^^^^^^^^^^^^^\n  File \"D:\\pyworks\\fastxai\\.venv\\Lib\\site-packages\\starlette\\middleware\\base.py\", line 168, in call_next\n    raise app_exc from app_exc.__cause__ or app_exc.__context__\n  File \"D:\\pyworks\\fastxai\\.venv\\Lib\\site-packages\\starlette\\middleware\\base.py\", line 144, in coro\n    await self.app(scope, receive_or_disconnect, send_no_error)\n  File \"D:\\pyworks\\fastxai\\.venv\\Lib\\site-packages\\starlette\\middleware\\base.py\", line 191, in __call__\n    with recv_stream, send_stream, collapse_excgroups():\n  File \"C:\\Users\\Chenjf\\AppData\\Roaming\\uv\\python\\cpython-3.11.14-windows-x86_64-none\\Lib\\contextlib.py\", line 158, in __exit__\n    self.gen.throw(typ, value, traceback)\n  File \"D:\\pyworks\\fastxai\\.venv\\Lib\\site-packages\\starlette\\_utils.py\", line 85, in collapse_excgroups\n    raise exc\n  File \"D:\\pyworks\\fastxai\\.venv\\Lib\\site-packages\\starlette\\middleware\\base.py\", line 193, in __call__\n    response = await self.dispatch_func(request, call_next)\n               ^^^^^^^^^^^^^^^^^^^^^^^^^^^^^^^^^^^^^^^^^^^^\n  File \"d:\\pyworks\\fastxai\\app\\core\\middleware2.py\", line 97, in dispatch\n    response = await call_next(request)\n               ^^^^^^^^^^^^^^^^^^^^^^^^\n  File \"D:\\pyworks\\fastxai\\.venv\\Lib\\site-packages\\starlette\\middleware\\base.py\", line 168, in call_next\n    raise app_exc from app_exc.__cause__ or app_exc.__context__\n  File \"D:\\pyworks\\fastxai\\.venv\\Lib\\site-packages\\starlette\\middleware\\base.py\", line 144, in coro\n    await self.app(scope, receive_or_disconnect, send_no_error)\n  File \"D:\\pyworks\\fastxai\\.venv\\Lib\\site-packages\\prometheus_fastapi_instrumentator\\middleware.py\", line 177, in __call__\n    raise exc\n  File \"D:\\pyworks\\fastxai\\.venv\\Lib\\site-packages\\prometheus_fastapi_instrumentator\\middleware.py\", line 175, in __call__\n    await self.app(scope, receive, send_wrapper)\n  File \"D:\\pyworks\\fastxai\\.venv\\Lib\\site-packages\\fastapi_profiler\\profiler.py\", line 90, in __call__\n    await self.app(scope, receive, wrapped_send)\n  File \"D:\\pyworks\\fastxai\\.venv\\Lib\\site-packages\\starlette\\middleware\\base.py\", line 191, in __call__\n    with recv_stream, send_stream, collapse_excgroups():\n  File \"C:\\Users\\Chenjf\\AppData\\Roaming\\uv\\python\\cpython-3.11.14-windows-x86_64-none\\Lib\\contextlib.py\", line 158, in __exit__\n    self.gen.throw(typ, value, traceback)\n  File \"D:\\pyworks\\fastxai\\.venv\\Lib\\site-packages\\starlette\\_utils.py\", line 85, in collapse_excgroups\n    raise exc\n  File \"D:\\pyworks\\fastxai\\.venv\\Lib\\site-packages\\starlette\\middleware\\base.py\", line 193, in __call__\n    response = await self.dispatch_func(request, call_next)\n               ^^^^^^^^^^^^^^^^^^^^^^^^^^^^^^^^^^^^^^^^^^^^\n  File \"D:\\pyworks\\fastxai\\.venv\\Lib\\site-packages\\starlette_prometheus\\middleware.py\", line 57, in dispatch\n    raise e from None\n  File \"D:\\pyworks\\fastxai\\.venv\\Lib\\site-packages\\starlette_prometheus\\middleware.py\", line 53, in dispatch\n    response = await call_next(request)\n               ^^^^^^^^^^^^^^^^^^^^^^^^\n  File \"D:\\pyworks\\fastxai\\.venv\\Lib\\site-packages\\starlette\\middleware\\base.py\", line 168, in call_next\n    raise app_exc from app_exc.__cause__ or app_exc.__context__\n  File \"D:\\pyworks\\fastxai\\.venv\\Lib\\site-packages\\starlette\\middleware\\base.py\", line 144, in coro\n    await self.app(scope, receive_or_disconnect, send_no_error)\n  File \"D:\\pyworks\\fastxai\\.venv\\Lib\\site-packages\\starlette\\middleware\\exceptions.py\", line 63, in __call__\n    await wrap_app_handling_exceptions(self.app, conn)(scope, receive, send)\n  File \"D:\\pyworks\\fastxai\\.venv\\Lib\\site-packages\\starlette\\_exception_handler.py\", line 53, in wrapped_app\n    raise exc\n  File \"D:\\pyworks\\fastxai\\.venv\\Lib\\site-packages\\starlette\\_exception_handler.py\", line 42, in wrapped_app\n    await app(scope, receive, sender)\n  File \"D:\\pyworks\\fastxai\\.venv\\Lib\\site-packages\\fastapi\\middleware\\asyncexitstack.py\", line 18, in __call__\n    await self.app(scope, receive, send)\n  File \"D:\\pyworks\\fastxai\\.venv\\Lib\\site-packages\\starlette\\routing.py\", line 716, in __call__\n    await self.middleware_stack(scope, receive, send)\n  File \"D:\\pyworks\\fastxai\\.venv\\Lib\\site-packages\\starlette\\routing.py\", line 736, in app\n    await route.handle(scope, receive, send)\n  File \"D:\\pyworks\\fastxai\\.venv\\Lib\\site-packages\\starlette\\routing.py\", line 290, in handle\n    await self.app(scope, receive, send)\n  File \"D:\\pyworks\\fastxai\\.venv\\Lib\\site-packages\\fastapi\\routing.py\", line 120, in app\n    await wrap_app_handling_exceptions(app, request)(scope, receive, send)\n  File \"D:\\pyworks\\fastxai\\.venv\\Lib\\site-packages\\starlette\\_exception_handler.py\", line 53, in wrapped_app\n    raise exc\n  File \"D:\\pyworks\\fastxai\\.venv\\Lib\\site-packages\\starlette\\_exception_handler.py\", line 42, in wrapped_app\n    await app(scope, receive, sender)\n  File \"D:\\pyworks\\fastxai\\.venv\\Lib\\site-packages\\fastapi\\routing.py\", line 106, in app\n    response = await f(request)\n               ^^^^^^^^^^^^^^^^\n  File \"D:\\pyworks\\fastxai\\.venv\\Lib\\site-packages\\fastapi\\routing.py\", line 430, in app\n    raw_response = await run_endpoint_function(\n                   ^^^^^^^^^^^^^^^^^^^^^^^^^^^^\n  File \"D:\\pyworks\\fastxai\\.venv\\Lib\\site-packages\\fastapi\\routing.py\", line 316, in run_endpoint_function\n    return await dependant.call(**values)\n           ^^^^^^^^^^^^^^^^^^^^^^^^^^^^^^\n  File \"d:\\pyworks\\fastxai\\app\\main.py\", line 263, in favicon\n    return CustomORJSONResponse(status_code=200)\n           ^^^^^^^^^^^^^^^^^^^^^^^^^^^^^^^^^^^^^\nTypeError: JSONResponse.__init__() missing 1 required positional argument: 'content'", "level": "critical", "request_id": "", "user_id": "", "trace_idd": "", "correlation_id": "", "session_id": ""}
